#
# A fatal error has been detected by the Java Runtime Environment:
#
#  EXCEPTION_ACCESS_VIOLATION (0xc0000005) at pc=0x00007ff99e5bcf3c, pid=2024, tid=11676
#
# JRE version: OpenJDK Runtime Environment (16.0.2+7) (build 16.0.2+7-67)
# Java VM: OpenJDK 64-Bit Server VM (16.0.2+7-67, mixed mode, sharing, tiered, compressed oops, compressed class ptrs, g1 gc, windows-amd64)
# Problematic frame:
# C  [opengl32.dll+0x1cf3c]
#
# No core dump will be written. Minidumps are not enabled by default on client versions of Windows
#
# If you would like to submit a bug report, please visit:
#   https://bugreport.java.com/bugreport/crash.jsp
# The crash happened outside the Java Virtual Machine in native code.
# See problematic frame for where to report the bug.
#

---------------  S U M M A R Y ------------

Command Line: -Dfile.encoding=windows-1252 -Duser.country=BR -Duser.language=pt -Duser.variant -ea Main

Host: Intel(R) Core(TM) i7-7700K CPU @ 4.20GHz, 8 cores, 23G,  Windows 10 , 64 bit Build 19041 (10.0.19041.1348)
Time: Mon Nov 15 17:33:17 2021 Hora oficial do Brasil elapsed time: 1.128770 seconds (0d 0h 0m 1s)

---------------  T H R E A D  ---------------

Current thread (0x00000227b58b0d60):  JavaThread "main" [_thread_in_native, id=11676, stack(0x0000007339800000,0x0000007339900000)]

Stack: [0x0000007339800000,0x0000007339900000],  sp=0x00000073398fd8b0,  free space=1014k
Native frames: (J=compiled Java code, j=interpreted, Vv=VM code, C=native code)
C  [opengl32.dll+0x1cf3c]

Java frames: (J=compiled Java code, j=interpreted, Vv=VM code)
j  imgui.ImGui.render()V+0
j  jade.ImGuiLayer.update(FLscenes/Scene;)V+52
j  jade.Window.loop()V+202
j  jade.Window.run()V+19
j  Main.main([Ljava/lang/String;)V+5
v  ~StubRoutines::call_stub

siginfo: EXCEPTION_ACCESS_VIOLATION (0xc0000005), reading address 0x00007ff900000001


Register to memory mapping:

RIP=0x00007ff99e5bcf3c opengl32.dll
RAX=0x00007ff900000001 is an unknown value
RBX=0x0000000000010001 is an unknown value
RCX=0x0 is NULL
RDX=0x00000000fffffffd is an unknown value
RSP=0x00000073398fd8b0 is pointing into the stack for thread: 0x00000227b58b0d60
RBP=0x00007ff99e698a90 opengl32.dll
RSI=0x00007ff99e698000 opengl32.dll
RDI=0x00000227df12dc40 points into unknown readable memory: 0x0000000000000003 | 03 00 00 00 00 00 00 00
R8 =0x00000227e14bded8 points into unknown readable memory: 0x000000000000000b | 0b 00 00 00 00 00 00 00
R9 =0x00007ff900000001 is an unknown value
R10=0x00000227e3b8899c points into unknown readable memory: 00 00 00 00
R11=0x00000073398fd7b8 is pointing into the stack for thread: 0x00000227b58b0d60
R12=0x0000000000002d9c is an unknown value
R13=0x0 is NULL
R14=0x0 is NULL
R15=0x00000073398fd920 is pointing into the stack for thread: 0x00000227b58b0d60


Registers:
RAX=0x00007ff900000001, RBX=0x0000000000010001, RCX=0x0000000000000000, RDX=0x00000000fffffffd
RSP=0x00000073398fd8b0, RBP=0x00007ff99e698a90, RSI=0x00007ff99e698000, RDI=0x00000227df12dc40
R8 =0x00000227e14bded8, R9 =0x00007ff900000001, R10=0x00000227e3b8899c, R11=0x00000073398fd7b8
R12=0x0000000000002d9c, R13=0x0000000000000000, R14=0x0000000000000000, R15=0x00000073398fd920
RIP=0x00007ff99e5bcf3c, EFLAGS=0x0000000000010202

Top of Stack: (sp=0x00000073398fd8b0)
0x00000073398fd8b0:   ffffffffde010855 00000227df12dc40
0x00000073398fd8c0:   00007ff99e5bcac0 0000000000000001
0x00000073398fd8d0:   0000000000000001 00000227e67555c8
0x00000073398fd8e0:   0000000000000003 00007ff9634942e0
0x00000073398fd8f0:   ffffffffde010855 00007ff99e5bd213
0x00000073398fd900:   0000000000000003 0000000000010001
0x00000073398fd910:   000000000000000c 00000073398fd930
0x00000073398fd920:   0000000000000001 0000000000ca05ea
0x00000073398fd930:   ffffffffde010855 0000000000000000
0x00000073398fd940:   ffffffffde010855 00007ff9633e6b63
0x00000073398fd950:   00000227e07494d0 00000227e02b7ca0
0x00000073398fd960:   00000227e07494d0 00000073398fdc60
0x00000073398fd970:   00000073398fda80 00007ff9c984aced
0x00000073398fd980:   0000000000000000 0000000000000000
0x00000073398fd990:   00000073398fdc60 000001a1a6900000
0x00000073398fd9a0:   00000073398fdab0 0000000000000000 

Instructions: (pc=0x00007ff99e5bcf3c)
0x00007ff99e5bce3c:   65 48 8b 04 25 30 00 00 00 4c 39 a8 40 12 00 00
0x00007ff99e5bce4c:   74 09 e8 c9 03 00 00 85 c0 74 cf 3b 6f 10 74 50
0x00007ff99e5bce5c:   b9 d0 07 00 00 48 ff 15 d0 40 0c 00 0f 1f 44 00
0x00007ff99e5bce6c:   00 48 8b cb e8 cf fb ff ff 65 48 8b 04 25 30 00
0x00007ff99e5bce7c:   00 00 4c 39 a8 40 12 00 00 74 05 e8 90 03 00 00
0x00007ff99e5bce8c:   33 c0 48 8b 5c 24 50 48 8b 6c 24 58 48 8b 74 24
0x00007ff99e5bce9c:   60 48 83 c4 20 41 5f 41 5e 41 5d 41 5c 5f c3 cc
0x00007ff99e5bceac:   8b 17 48 8d 2d db bb 0d 00 48 8d 35 44 b1 0d 00
0x00007ff99e5bcebc:   85 d2 75 57 44 39 6f 68 45 8b c5 49 8b d6 49 8b
0x00007ff99e5bcecc:   cf 41 0f 95 c0 e8 8e 61 00 00 85 c0 74 93 44 39
0x00007ff99e5bcedc:   6f 70 74 10 4c 8d 0d 79 2e 0e 00 48 8d 15 12 39
0x00007ff99e5bceec:   0e 00 eb 7d 65 48 8b 04 25 30 00 00 00 48 8d 15
0x00007ff99e5bcefc:   18 c6 0d 00 4c 8b ce 48 8b 88 28 12 00 00 44 38
0x00007ff99e5bcf0c:   a9 f9 05 00 00 4c 0f 44 cd eb 56 48 8b 47 20 4c
0x00007ff99e5bcf1c:   8d 05 9e fb ff ff 49 8b 4f 10 48 8b 40 20 ff 15
0x00007ff99e5bcf2c:   f8 44 0c 00 4c 8b c8 48 85 c0 0f 84 31 ff ff ff
0x00007ff99e5bcf3c:   81 38 32 01 00 00 74 22 81 38 50 01 00 00 74 1a
0x00007ff99e5bcf4c:   48 8b 47 20 8b 0f 48 8b 40 28 ff 15 cc 44 0c 00
0x00007ff99e5bcf5c:   b9 d1 07 00 00 e9 fb fe ff ff 48 8d 15 63 c7 0d
0x00007ff99e5bcf6c:   00 44 89 67 18 41 b8 01 00 00 00 41 0f 10 07 49
0x00007ff99e5bcf7c:   8b c9 0f 11 47 28 41 0f 10 4f 10 0f 11 4f 38 65
0x00007ff99e5bcf8c:   48 8b 04 25 30 00 00 00 48 89 b8 40 12 00 00 e8
0x00007ff99e5bcf9c:   8c f0 ff ff 44 39 6f 70 74 3d 65 48 8b 04 25 30
0x00007ff99e5bcfac:   00 00 00 8b 4f 68 48 8b 98 28 12 00 00 48 8b 05
0x00007ff99e5bcfbc:   b0 ed 0d 00 ff 15 62 44 0c 00 44 38 ab f9 05 00
0x00007ff99e5bcfcc:   00 48 8d 15 44 c5 0d 00 48 0f 44 f5 45 33 c0 48
0x00007ff99e5bcfdc:   8b ce e8 49 f0 ff ff 65 48 8b 14 25 30 00 00 00
0x00007ff99e5bcfec:   48 81 c2 38 11 00 00 44 89 2a 44 39 2f 0f 85 86
0x00007ff99e5bcffc:   00 00 00 65 48 8b 04 25 30 00 00 00 4c 8b 80 28
0x00007ff99e5bd00c:   12 00 00 49 8b 80 b8 18 00 00 48 89 42 40 49 8b
0x00007ff99e5bd01c:   80 b8 18 00 00 48 89 42 48 41 8b 80 c0 18 00 00
0x00007ff99e5bd02c:   ff c8 48 69 c8 c8 00 00 00 49 03 88 b8 18 00 00 


Stack slot to memory mapping:
stack at sp + 0 slots: 0xffffffffde010855 is an unknown value
stack at sp + 1 slots: 0x00000227df12dc40 points into unknown readable memory: 0x0000000000000003 | 03 00 00 00 00 00 00 00
stack at sp + 2 slots: 0x00007ff99e5bcac0 opengl32.dll
stack at sp + 3 slots: 0x0000000000000001 is an unknown value
stack at sp + 4 slots: 0x0000000000000001 is an unknown value
stack at sp + 5 slots: 0x00000227e67555c8 points into unknown readable memory: 0x8000172b416b6f65 | 65 6f 6b 41 2b 17 00 80
stack at sp + 6 slots: 0x0000000000000003 is an unknown value
stack at sp + 7 slots: 0x00007ff9634942e0 DxtoryCore64.dll


---------------  P R O C E S S  ---------------

Threads class SMR info:
_java_thread_list=0x00000227e6169cc0, length=14, elements={
0x00000227b58b0d60, 0x00000227df0efc50, 0x00000227df0f0b10, 0x00000227df101ce0,
0x00000227df104700, 0x00000227df106110, 0x00000227df106b10, 0x00000227df10ee10,
0x00000227dfc20140, 0x00000227df123d60, 0x00000227dfd39820, 0x00000227dfd3c050,
0x00000227e65c3870, 0x00000227e6174700
}

Java Threads: ( => current thread )
=>0x00000227b58b0d60 JavaThread "main" [_thread_in_native, id=11676, stack(0x0000007339800000,0x0000007339900000)]
  0x00000227df0efc50 JavaThread "Reference Handler" daemon [_thread_blocked, id=12948, stack(0x0000007339f00000,0x000000733a000000)]
  0x00000227df0f0b10 JavaThread "Finalizer" daemon [_thread_blocked, id=9040, stack(0x000000733a000000,0x000000733a100000)]
  0x00000227df101ce0 JavaThread "Signal Dispatcher" daemon [_thread_blocked, id=12192, stack(0x000000733a100000,0x000000733a200000)]
  0x00000227df104700 JavaThread "Attach Listener" daemon [_thread_blocked, id=5404, stack(0x000000733a200000,0x000000733a300000)]
  0x00000227df106110 JavaThread "Service Thread" daemon [_thread_blocked, id=3900, stack(0x000000733a300000,0x000000733a400000)]
  0x00000227df106b10 JavaThread "Monitor Deflation Thread" daemon [_thread_blocked, id=14380, stack(0x000000733a400000,0x000000733a500000)]
  0x00000227df10ee10 JavaThread "C2 CompilerThread0" daemon [_thread_blocked, id=13180, stack(0x000000733a500000,0x000000733a600000)]
  0x00000227dfc20140 JavaThread "C1 CompilerThread0" daemon [_thread_blocked, id=3680, stack(0x000000733a600000,0x000000733a700000)]
  0x00000227df123d60 JavaThread "Sweeper thread" daemon [_thread_blocked, id=1328, stack(0x000000733a700000,0x000000733a800000)]
  0x00000227dfd39820 JavaThread "Notification Thread" daemon [_thread_blocked, id=8864, stack(0x000000733a800000,0x000000733a900000)]
  0x00000227dfd3c050 JavaThread "Common-Cleaner" daemon [_thread_blocked, id=15516, stack(0x000000733aa00000,0x000000733ab00000)]
  0x00000227e65c3870 JavaThread "C2 CompilerThread1" daemon [_thread_blocked, id=7288, stack(0x000000733b500000,0x000000733b600000)]
  0x00000227e6174700 JavaThread "C2 CompilerThread2" daemon [_thread_blocked, id=12492, stack(0x000000733b600000,0x000000733b700000)]

Other Threads:
  0x00000227df0eb000 VMThread "VM Thread" [stack: 0x0000007339e00000,0x0000007339f00000] [id=13204]
  0x00000227dfd3bd60 WatcherThread [stack: 0x000000733a900000,0x000000733aa00000] [id=5768]
  0x00000227b5911340 GCTaskThread "GC Thread#0" [stack: 0x0000007339900000,0x0000007339a00000] [id=11540]
  0x00000227e61b4eb0 GCTaskThread "GC Thread#1" [stack: 0x000000733b700000,0x000000733b800000] [id=7052]
  0x00000227e61b51c0 GCTaskThread "GC Thread#2" [stack: 0x000000733b800000,0x000000733b900000] [id=4300]
  0x00000227e61b3f60 GCTaskThread "GC Thread#3" [stack: 0x000000733b900000,0x000000733ba00000] [id=12272]
  0x00000227e61b4890 GCTaskThread "GC Thread#4" [stack: 0x000000733ba00000,0x000000733bb00000] [id=12720]
  0x00000227e61b3630 GCTaskThread "GC Thread#5" [stack: 0x000000733bb00000,0x000000733bc00000] [id=11076]
  0x00000227e61b3940 GCTaskThread "GC Thread#6" [stack: 0x000000733bc00000,0x000000733bd00000] [id=864]
  0x00000227e61b4270 GCTaskThread "GC Thread#7" [stack: 0x000000733bd00000,0x000000733be00000] [id=11080]
  0x00000227b591e340 ConcurrentGCThread "G1 Main Marker" [stack: 0x0000007339a00000,0x0000007339b00000] [id=12728]
  0x00000227b591f550 ConcurrentGCThread "G1 Conc#0" [stack: 0x0000007339b00000,0x0000007339c00000] [id=576]
  0x00000227defa20d0 ConcurrentGCThread "G1 Refine#0" [stack: 0x0000007339c00000,0x0000007339d00000] [id=3120]
  0x00000227defa2b50 ConcurrentGCThread "G1 Service" [stack: 0x0000007339d00000,0x0000007339e00000] [id=4748]

Threads with active compile tasks:

VM state: not at safepoint (normal execution)

VM Mutex/Monitor currently owned by a thread: None

Heap address: 0x0000000680800000, size: 6136 MB, Compressed Oops mode: Zero based, Oop shift amount: 3

CDS archive(s) mapped at: [0x0000000800000000-0x0000000800bb0000-0x0000000800bb0000), size 12255232, SharedBaseAddress: 0x0000000800000000, ArchiveRelocationMode: 0.
Compressed class space mapped at: 0x0000000800c00000-0x0000000840c00000, reserved size: 1073741824
Narrow klass base: 0x0000000800000000, Narrow klass shift: 3, Narrow klass range: 0x100000000

GC Precious Log:
 CPUs: 8 total, 8 available
 Memory: 24534M
 Large Page Support: Disabled
 NUMA Support: Disabled
 Compressed Oops: Enabled (Zero based)
 Heap Region Size: 4M
 Heap Min Capacity: 8M
 Heap Initial Capacity: 384M
 Heap Max Capacity: 6136M
 Pre-touch: Disabled
 Parallel Workers: 8
 Concurrent Workers: 2
 Concurrent Refinement Workers: 8
 Periodic GC: Disabled

Heap:
 garbage-first heap   total 393216K, used 7187K [0x0000000680800000, 0x0000000800000000)
  region size 4096K, 3 young (12288K), 1 survivors (4096K)
 Metaspace       used 9679K, committed 9920K, reserved 1064960K
  class space    used 578K, committed 704K, reserved 1048576K

Heap Regions: E=young(eden), S=young(survivor), O=old, HS=humongous(starts), HC=humongous(continues), CS=collection set, F=free, OA=open archive, CA=closed archive, TAMS=top-at-mark-start (previous, next)
|   0|0x0000000680800000, 0x0000000680800000, 0x0000000680c00000|  0%| F|  |TAMS 0x0000000680800000, 0x0000000680800000| Untracked 
|   1|0x0000000680c00000, 0x0000000680c00000, 0x0000000681000000|  0%| F|  |TAMS 0x0000000680c00000, 0x0000000680c00000| Untracked 
|   2|0x0000000681000000, 0x0000000681000000, 0x0000000681400000|  0%| F|  |TAMS 0x0000000681000000, 0x0000000681000000| Untracked 
|   3|0x0000000681400000, 0x0000000681400000, 0x0000000681800000|  0%| F|  |TAMS 0x0000000681400000, 0x0000000681400000| Untracked 
|   4|0x0000000681800000, 0x0000000681800000, 0x0000000681c00000|  0%| F|  |TAMS 0x0000000681800000, 0x0000000681800000| Untracked 
|   5|0x0000000681c00000, 0x0000000681c00000, 0x0000000682000000|  0%| F|  |TAMS 0x0000000681c00000, 0x0000000681c00000| Untracked 
|   6|0x0000000682000000, 0x0000000682000000, 0x0000000682400000|  0%| F|  |TAMS 0x0000000682000000, 0x0000000682000000| Untracked 
|   7|0x0000000682400000, 0x0000000682400000, 0x0000000682800000|  0%| F|  |TAMS 0x0000000682400000, 0x0000000682400000| Untracked 
|   8|0x0000000682800000, 0x0000000682800000, 0x0000000682c00000|  0%| F|  |TAMS 0x0000000682800000, 0x0000000682800000| Untracked 
|   9|0x0000000682c00000, 0x0000000682c00000, 0x0000000683000000|  0%| F|  |TAMS 0x0000000682c00000, 0x0000000682c00000| Untracked 
|  10|0x0000000683000000, 0x0000000683000000, 0x0000000683400000|  0%| F|  |TAMS 0x0000000683000000, 0x0000000683000000| Untracked 
|  11|0x0000000683400000, 0x0000000683400000, 0x0000000683800000|  0%| F|  |TAMS 0x0000000683400000, 0x0000000683400000| Untracked 
|  12|0x0000000683800000, 0x0000000683800000, 0x0000000683c00000|  0%| F|  |TAMS 0x0000000683800000, 0x0000000683800000| Untracked 
|  13|0x0000000683c00000, 0x0000000683c00000, 0x0000000684000000|  0%| F|  |TAMS 0x0000000683c00000, 0x0000000683c00000| Untracked 
|  14|0x0000000684000000, 0x0000000684000000, 0x0000000684400000|  0%| F|  |TAMS 0x0000000684000000, 0x0000000684000000| Untracked 
|  15|0x0000000684400000, 0x0000000684400000, 0x0000000684800000|  0%| F|  |TAMS 0x0000000684400000, 0x0000000684400000| Untracked 
|  16|0x0000000684800000, 0x0000000684800000, 0x0000000684c00000|  0%| F|  |TAMS 0x0000000684800000, 0x0000000684800000| Untracked 
|  17|0x0000000684c00000, 0x0000000684c00000, 0x0000000685000000|  0%| F|  |TAMS 0x0000000684c00000, 0x0000000684c00000| Untracked 
|  18|0x0000000685000000, 0x0000000685000000, 0x0000000685400000|  0%| F|  |TAMS 0x0000000685000000, 0x0000000685000000| Untracked 
|  19|0x0000000685400000, 0x0000000685400000, 0x0000000685800000|  0%| F|  |TAMS 0x0000000685400000, 0x0000000685400000| Untracked 
|  20|0x0000000685800000, 0x0000000685800000, 0x0000000685c00000|  0%| F|  |TAMS 0x0000000685800000, 0x0000000685800000| Untracked 
|  21|0x0000000685c00000, 0x0000000685c00000, 0x0000000686000000|  0%| F|  |TAMS 0x0000000685c00000, 0x0000000685c00000| Untracked 
|  22|0x0000000686000000, 0x0000000686000000, 0x0000000686400000|  0%| F|  |TAMS 0x0000000686000000, 0x0000000686000000| Untracked 
|  23|0x0000000686400000, 0x0000000686400000, 0x0000000686800000|  0%| F|  |TAMS 0x0000000686400000, 0x0000000686400000| Untracked 
|  24|0x0000000686800000, 0x0000000686800000, 0x0000000686c00000|  0%| F|  |TAMS 0x0000000686800000, 0x0000000686800000| Untracked 
|  25|0x0000000686c00000, 0x0000000686c00000, 0x0000000687000000|  0%| F|  |TAMS 0x0000000686c00000, 0x0000000686c00000| Untracked 
|  26|0x0000000687000000, 0x0000000687000000, 0x0000000687400000|  0%| F|  |TAMS 0x0000000687000000, 0x0000000687000000| Untracked 
|  27|0x0000000687400000, 0x0000000687400000, 0x0000000687800000|  0%| F|  |TAMS 0x0000000687400000, 0x0000000687400000| Untracked 
|  28|0x0000000687800000, 0x0000000687800000, 0x0000000687c00000|  0%| F|  |TAMS 0x0000000687800000, 0x0000000687800000| Untracked 
|  29|0x0000000687c00000, 0x0000000687c00000, 0x0000000688000000|  0%| F|  |TAMS 0x0000000687c00000, 0x0000000687c00000| Untracked 
|  30|0x0000000688000000, 0x0000000688000000, 0x0000000688400000|  0%| F|  |TAMS 0x0000000688000000, 0x0000000688000000| Untracked 
|  31|0x0000000688400000, 0x0000000688400000, 0x0000000688800000|  0%| F|  |TAMS 0x0000000688400000, 0x0000000688400000| Untracked 
|  32|0x0000000688800000, 0x0000000688800000, 0x0000000688c00000|  0%| F|  |TAMS 0x0000000688800000, 0x0000000688800000| Untracked 
|  33|0x0000000688c00000, 0x0000000688c00000, 0x0000000689000000|  0%| F|  |TAMS 0x0000000688c00000, 0x0000000688c00000| Untracked 
|  34|0x0000000689000000, 0x0000000689000000, 0x0000000689400000|  0%| F|  |TAMS 0x0000000689000000, 0x0000000689000000| Untracked 
|  35|0x0000000689400000, 0x0000000689400000, 0x0000000689800000|  0%| F|  |TAMS 0x0000000689400000, 0x0000000689400000| Untracked 
|  36|0x0000000689800000, 0x0000000689800000, 0x0000000689c00000|  0%| F|  |TAMS 0x0000000689800000, 0x0000000689800000| Untracked 
|  37|0x0000000689c00000, 0x0000000689c00000, 0x000000068a000000|  0%| F|  |TAMS 0x0000000689c00000, 0x0000000689c00000| Untracked 
|  38|0x000000068a000000, 0x000000068a000000, 0x000000068a400000|  0%| F|  |TAMS 0x000000068a000000, 0x000000068a000000| Untracked 
|  39|0x000000068a400000, 0x000000068a400000, 0x000000068a800000|  0%| F|  |TAMS 0x000000068a400000, 0x000000068a400000| Untracked 
|  40|0x000000068a800000, 0x000000068a800000, 0x000000068ac00000|  0%| F|  |TAMS 0x000000068a800000, 0x000000068a800000| Untracked 
|  41|0x000000068ac00000, 0x000000068ac00000, 0x000000068b000000|  0%| F|  |TAMS 0x000000068ac00000, 0x000000068ac00000| Untracked 
|  42|0x000000068b000000, 0x000000068b000000, 0x000000068b400000|  0%| F|  |TAMS 0x000000068b000000, 0x000000068b000000| Untracked 
|  43|0x000000068b400000, 0x000000068b400000, 0x000000068b800000|  0%| F|  |TAMS 0x000000068b400000, 0x000000068b400000| Untracked 
|  44|0x000000068b800000, 0x000000068b800000, 0x000000068bc00000|  0%| F|  |TAMS 0x000000068b800000, 0x000000068b800000| Untracked 
|  45|0x000000068bc00000, 0x000000068bc00000, 0x000000068c000000|  0%| F|  |TAMS 0x000000068bc00000, 0x000000068bc00000| Untracked 
|  46|0x000000068c000000, 0x000000068c000000, 0x000000068c400000|  0%| F|  |TAMS 0x000000068c000000, 0x000000068c000000| Untracked 
|  47|0x000000068c400000, 0x000000068c400000, 0x000000068c800000|  0%| F|  |TAMS 0x000000068c400000, 0x000000068c400000| Untracked 
|  48|0x000000068c800000, 0x000000068c800000, 0x000000068cc00000|  0%| F|  |TAMS 0x000000068c800000, 0x000000068c800000| Untracked 
|  49|0x000000068cc00000, 0x000000068cc00000, 0x000000068d000000|  0%| F|  |TAMS 0x000000068cc00000, 0x000000068cc00000| Untracked 
|  50|0x000000068d000000, 0x000000068d000000, 0x000000068d400000|  0%| F|  |TAMS 0x000000068d000000, 0x000000068d000000| Untracked 
|  51|0x000000068d400000, 0x000000068d400000, 0x000000068d800000|  0%| F|  |TAMS 0x000000068d400000, 0x000000068d400000| Untracked 
|  52|0x000000068d800000, 0x000000068d800000, 0x000000068dc00000|  0%| F|  |TAMS 0x000000068d800000, 0x000000068d800000| Untracked 
|  53|0x000000068dc00000, 0x000000068dc00000, 0x000000068e000000|  0%| F|  |TAMS 0x000000068dc00000, 0x000000068dc00000| Untracked 
|  54|0x000000068e000000, 0x000000068e000000, 0x000000068e400000|  0%| F|  |TAMS 0x000000068e000000, 0x000000068e000000| Untracked 
|  55|0x000000068e400000, 0x000000068e400000, 0x000000068e800000|  0%| F|  |TAMS 0x000000068e400000, 0x000000068e400000| Untracked 
|  56|0x000000068e800000, 0x000000068e800000, 0x000000068ec00000|  0%| F|  |TAMS 0x000000068e800000, 0x000000068e800000| Untracked 
|  57|0x000000068ec00000, 0x000000068ec00000, 0x000000068f000000|  0%| F|  |TAMS 0x000000068ec00000, 0x000000068ec00000| Untracked 
|  58|0x000000068f000000, 0x000000068f000000, 0x000000068f400000|  0%| F|  |TAMS 0x000000068f000000, 0x000000068f000000| Untracked 
|  59|0x000000068f400000, 0x000000068f400000, 0x000000068f800000|  0%| F|  |TAMS 0x000000068f400000, 0x000000068f400000| Untracked 
|  60|0x000000068f800000, 0x000000068f800000, 0x000000068fc00000|  0%| F|  |TAMS 0x000000068f800000, 0x000000068f800000| Untracked 
|  61|0x000000068fc00000, 0x000000068fc00000, 0x0000000690000000|  0%| F|  |TAMS 0x000000068fc00000, 0x000000068fc00000| Untracked 
|  62|0x0000000690000000, 0x0000000690000000, 0x0000000690400000|  0%| F|  |TAMS 0x0000000690000000, 0x0000000690000000| Untracked 
|  63|0x0000000690400000, 0x0000000690400000, 0x0000000690800000|  0%| F|  |TAMS 0x0000000690400000, 0x0000000690400000| Untracked 
|  64|0x0000000690800000, 0x0000000690800000, 0x0000000690c00000|  0%| F|  |TAMS 0x0000000690800000, 0x0000000690800000| Untracked 
|  65|0x0000000690c00000, 0x0000000690c00000, 0x0000000691000000|  0%| F|  |TAMS 0x0000000690c00000, 0x0000000690c00000| Untracked 
|  66|0x0000000691000000, 0x0000000691000000, 0x0000000691400000|  0%| F|  |TAMS 0x0000000691000000, 0x0000000691000000| Untracked 
|  67|0x0000000691400000, 0x0000000691400000, 0x0000000691800000|  0%| F|  |TAMS 0x0000000691400000, 0x0000000691400000| Untracked 
|  68|0x0000000691800000, 0x0000000691800000, 0x0000000691c00000|  0%| F|  |TAMS 0x0000000691800000, 0x0000000691800000| Untracked 
|  69|0x0000000691c00000, 0x0000000691c00000, 0x0000000692000000|  0%| F|  |TAMS 0x0000000691c00000, 0x0000000691c00000| Untracked 
|  70|0x0000000692000000, 0x0000000692000000, 0x0000000692400000|  0%| F|  |TAMS 0x0000000692000000, 0x0000000692000000| Untracked 
|  71|0x0000000692400000, 0x0000000692400000, 0x0000000692800000|  0%| F|  |TAMS 0x0000000692400000, 0x0000000692400000| Untracked 
|  72|0x0000000692800000, 0x0000000692800000, 0x0000000692c00000|  0%| F|  |TAMS 0x0000000692800000, 0x0000000692800000| Untracked 
|  73|0x0000000692c00000, 0x0000000692c00000, 0x0000000693000000|  0%| F|  |TAMS 0x0000000692c00000, 0x0000000692c00000| Untracked 
|  74|0x0000000693000000, 0x0000000693000000, 0x0000000693400000|  0%| F|  |TAMS 0x0000000693000000, 0x0000000693000000| Untracked 
|  75|0x0000000693400000, 0x0000000693400000, 0x0000000693800000|  0%| F|  |TAMS 0x0000000693400000, 0x0000000693400000| Untracked 
|  76|0x0000000693800000, 0x0000000693800000, 0x0000000693c00000|  0%| F|  |TAMS 0x0000000693800000, 0x0000000693800000| Untracked 
|  77|0x0000000693c00000, 0x0000000693c00000, 0x0000000694000000|  0%| F|  |TAMS 0x0000000693c00000, 0x0000000693c00000| Untracked 
|  78|0x0000000694000000, 0x0000000694000000, 0x0000000694400000|  0%| F|  |TAMS 0x0000000694000000, 0x0000000694000000| Untracked 
|  79|0x0000000694400000, 0x0000000694400000, 0x0000000694800000|  0%| F|  |TAMS 0x0000000694400000, 0x0000000694400000| Untracked 
|  80|0x0000000694800000, 0x0000000694800000, 0x0000000694c00000|  0%| F|  |TAMS 0x0000000694800000, 0x0000000694800000| Untracked 
|  81|0x0000000694c00000, 0x0000000694c00000, 0x0000000695000000|  0%| F|  |TAMS 0x0000000694c00000, 0x0000000694c00000| Untracked 
|  82|0x0000000695000000, 0x0000000695000000, 0x0000000695400000|  0%| F|  |TAMS 0x0000000695000000, 0x0000000695000000| Untracked 
|  83|0x0000000695400000, 0x0000000695400000, 0x0000000695800000|  0%| F|  |TAMS 0x0000000695400000, 0x0000000695400000| Untracked 
|  84|0x0000000695800000, 0x0000000695800000, 0x0000000695c00000|  0%| F|  |TAMS 0x0000000695800000, 0x0000000695800000| Untracked 
|  85|0x0000000695c00000, 0x0000000695c00000, 0x0000000696000000|  0%| F|  |TAMS 0x0000000695c00000, 0x0000000695c00000| Untracked 
|  86|0x0000000696000000, 0x0000000696000000, 0x0000000696400000|  0%| F|  |TAMS 0x0000000696000000, 0x0000000696000000| Untracked 
|  87|0x0000000696400000, 0x0000000696400000, 0x0000000696800000|  0%| F|  |TAMS 0x0000000696400000, 0x0000000696400000| Untracked 
|  88|0x0000000696800000, 0x0000000696800000, 0x0000000696c00000|  0%| F|  |TAMS 0x0000000696800000, 0x0000000696800000| Untracked 
|  89|0x0000000696c00000, 0x0000000696c00000, 0x0000000697000000|  0%| F|  |TAMS 0x0000000696c00000, 0x0000000696c00000| Untracked 
|  90|0x0000000697000000, 0x0000000697304fb8, 0x0000000697400000| 75%| S|CS|TAMS 0x0000000697000000, 0x0000000697000000| Complete 
|  91|0x0000000697400000, 0x0000000697400000, 0x0000000697800000|  0%| F|  |TAMS 0x0000000697400000, 0x0000000697400000| Untracked 
|  92|0x0000000697800000, 0x0000000697800000, 0x0000000697c00000|  0%| F|  |TAMS 0x0000000697800000, 0x0000000697800000| Untracked 
|  93|0x0000000697c00000, 0x0000000697c00000, 0x0000000698000000|  0%| F|  |TAMS 0x0000000697c00000, 0x0000000697c00000| Untracked 
|  94|0x0000000698000000, 0x0000000698120db0, 0x0000000698400000| 28%| E|  |TAMS 0x0000000698000000, 0x0000000698000000| Complete 
|  95|0x0000000698400000, 0x0000000698800000, 0x0000000698800000|100%| E|CS|TAMS 0x0000000698400000, 0x0000000698400000| Complete 

Card table byte_map: [0x00000227cee70000,0x00000227cfa70000] _byte_map_base: 0x00000227cba6c000

Marking Bits (Prev, Next): (CMBitMap*) 0x00000227b59119b0, (CMBitMap*) 0x00000227b59119f0
 Prev Bits: [0x00000227d0670000, 0x00000227d6650000)
 Next Bits: [0x00000227d6650000, 0x00000227dc630000)

Polling page: 0x00000227be7d0000

Metaspace:

Usage:
  Non-class:      8.89 MB used.
      Class:    578.34 KB used.
       Both:      9.45 MB used.

Virtual space:
  Non-class space:       16.00 MB reserved,       9.00 MB ( 56%) committed,  2 nodes.
      Class space:        1.00 GB reserved,     704.00 KB ( <1%) committed,  1 nodes.
              Both:        1.02 GB reserved,       9.69 MB ( <1%) committed. 

Chunk freelists:
   Non-Class:  848.00 KB
       Class:  3.27 MB
        Both:  4.10 MB

MaxMetaspaceSize: 17179869184.00 GB
CompressedClassSpaceSize: 1.00 GB
 - commit_granule_bytes: 65536.
 - commit_granule_words: 8192.
 - virtual_space_node_default_size: 1048576.
 - enlarge_chunks_in_place: 1.
 - new_chunks_are_fully_committed: 0.
 - uncommit_free_chunks: 1.
 - use_allocation_guard: 0.
 - handle_deallocations: 1.


Internal statistics:

num_allocs_failed_limit: 0.
num_arena_births: 118.
num_arena_deaths: 0.
num_vsnodes_births: 3.
num_vsnodes_deaths: 0.
num_space_committed: 153.
num_space_uncommitted: 0.
num_chunks_returned_to_freelist: 0.
num_chunks_taken_from_freelist: 400.
num_chunk_merges: 0.
num_chunk_splits: 317.
num_chunks_enlarged: 264.
num_purges: 0.

CodeHeap 'non-profiled nmethods': size=120000Kb used=333Kb max_used=333Kb free=119666Kb
 bounds [0x00000227c62c0000, 0x00000227c6530000, 0x00000227cd7f0000]
CodeHeap 'profiled nmethods': size=120000Kb used=1781Kb max_used=1781Kb free=118218Kb
 bounds [0x00000227bed90000, 0x00000227bf000000, 0x00000227c62c0000]
CodeHeap 'non-nmethods': size=5760Kb used=1818Kb max_used=1830Kb free=3941Kb
 bounds [0x00000227be7f0000, 0x00000227bea60000, 0x00000227bed90000]
 total_blobs=2332 nmethods=1023 adapters=1222
 compilation: enabled
              stopped_count=0, restarted_count=0
 full_count=0

Compilation events (20 events):
Event: 0.687 Thread 0x00000227dfc20140 1014  s    3       sun.nio.ch.ChannelInputStream::read (77 bytes)
Event: 0.688 Thread 0x00000227dfc20140 nmethod 1014 0x00000227bef49590 code [0x00000227bef497c0, 0x00000227bef4a0c8]
Event: 0.688 Thread 0x00000227dfc20140 1015       3       java.util.regex.Pattern::isSupplementary (21 bytes)
Event: 0.688 Thread 0x00000227dfc20140 nmethod 1015 0x00000227bef4a390 code [0x00000227bef4a540, 0x00000227bef4a7b8]
Event: 0.688 Thread 0x00000227dfc20140 1016       3       java.lang.Character::isSurrogate (18 bytes)
Event: 0.688 Thread 0x00000227dfc20140 nmethod 1016 0x00000227bef4a890 code [0x00000227bef4aa20, 0x00000227bef4abb8]
Event: 0.690 Thread 0x00000227dfc20140 1017       3       java.util.concurrent.ConcurrentHashMap::values (25 bytes)
Event: 0.691 Thread 0x00000227dfc20140 nmethod 1017 0x00000227bef4ac90 code [0x00000227bef4ae60, 0x00000227bef4b218]
Event: 0.691 Thread 0x00000227dfc20140 1018       3       java.util.concurrent.ConcurrentHashMap$ValuesView::iterator (34 bytes)
Event: 0.691 Thread 0x00000227dfc20140 nmethod 1018 0x00000227bef4b310 code [0x00000227bef4b4c0, 0x00000227bef4b6e8]
Event: 0.691 Thread 0x00000227dfc20140 1019       3       java.util.concurrent.ConcurrentHashMap$ValueIterator::<init> (12 bytes)
Event: 0.691 Thread 0x00000227dfc20140 nmethod 1019 0x00000227bef4b810 code [0x00000227bef4b9c0, 0x00000227bef4bb08]
Event: 0.691 Thread 0x00000227dfc20140 1020       3       java.util.concurrent.ConcurrentHashMap::sumCount (60 bytes)
Event: 0.691 Thread 0x00000227dfc20140 nmethod 1020 0x00000227bef4bc10 code [0x00000227bef4bdc0, 0x00000227bef4c038]
Event: 0.691 Thread 0x00000227dfc20140 1021       3       java.util.concurrent.ConcurrentHashMap::isEmpty (15 bytes)
Event: 0.691 Thread 0x00000227dfc20140 nmethod 1021 0x00000227bef4c190 code [0x00000227bef4c340, 0x00000227bef4c4e8]
Event: 0.691 Thread 0x00000227dfc20140 1023       3       jdk.internal.loader.NativeLibraries::find (72 bytes)
Event: 0.691 Thread 0x00000227dfc20140 nmethod 1023 0x00000227bef4c590 code [0x00000227bef4c7c0, 0x00000227bef4d058]
Event: 0.691 Thread 0x00000227dfc20140 1022       3       java.lang.ClassLoader::findNative (21 bytes)
Event: 0.692 Thread 0x00000227dfc20140 nmethod 1022 0x00000227bef4d290 code [0x00000227bef4d460, 0x00000227bef4d678]

GC Heap History (2 events):
Event: 0.574 GC heap before
{Heap before GC invocations=0 (full 0):
 garbage-first heap   total 393216K, used 20480K [0x0000000680800000, 0x0000000800000000)
  region size 4096K, 5 young (20480K), 0 survivors (0K)
 Metaspace       used 7470K, committed 7616K, reserved 1064960K
  class space    used 455K, committed 512K, reserved 1048576K
}
Event: 0.576 GC heap after
{Heap after GC invocations=1 (full 0):
 garbage-first heap   total 393216K, used 3091K [0x0000000680800000, 0x0000000800000000)
  region size 4096K, 1 young (4096K), 1 survivors (4096K)
 Metaspace       used 7470K, committed 7616K, reserved 1064960K
  class space    used 455K, committed 512K, reserved 1048576K
}

Deoptimization events (20 events):
Event: 0.390 Thread 0x00000227b58b0d60 Uncommon trap: trap_request=0xffffff54 fr.pc=0x00000227c62f6b7c relative=0x000000000000005c
Event: 0.390 Thread 0x00000227b58b0d60 Uncommon trap: reason=speculate_null_assert action=make_not_entrant pc=0x00000227c62f6b7c method=sun.misc.Unsafe.getLong(Ljava/lang/Object;J)J @ 5 c2
Event: 0.390 Thread 0x00000227b58b0d60 DEOPT PACKING pc=0x00000227c62f6b7c sp=0x00000073398fee80
Event: 0.390 Thread 0x00000227b58b0d60 DEOPT UNPACKING pc=0x00000227be83d72e sp=0x00000073398fee08 mode 2
Event: 0.503 Thread 0x00000227b58b0d60 Uncommon trap: trap_request=0xffffff45 fr.pc=0x00000227c62fa94c relative=0x0000000000000eac
Event: 0.503 Thread 0x00000227b58b0d60 Uncommon trap: reason=unstable_if action=reinterpret pc=0x00000227c62fa94c method=java.util.LinkedHashMap.linkNodeLast(Ljava/util/LinkedHashMap$Entry;)V @ 11 c2
Event: 0.503 Thread 0x00000227b58b0d60 DEOPT PACKING pc=0x00000227c62fa94c sp=0x00000073398fabd0
Event: 0.503 Thread 0x00000227b58b0d60 DEOPT UNPACKING pc=0x00000227be83d72e sp=0x00000073398faa28 mode 2
Event: 0.504 Thread 0x00000227b58b0d60 Uncommon trap: trap_request=0xffffff45 fr.pc=0x00000227c62f8ab8 relative=0x0000000000000e38
Event: 0.504 Thread 0x00000227b58b0d60 Uncommon trap: reason=unstable_if action=reinterpret pc=0x00000227c62f8ab8 method=java.util.LinkedHashMap.linkNodeLast(Ljava/util/LinkedHashMap$Entry;)V @ 11 c2
Event: 0.504 Thread 0x00000227b58b0d60 DEOPT PACKING pc=0x00000227c62f8ab8 sp=0x00000073398fe130
Event: 0.504 Thread 0x00000227b58b0d60 DEOPT UNPACKING pc=0x00000227be83d72e sp=0x00000073398fe000 mode 2
Event: 0.581 Thread 0x00000227b58b0d60 Uncommon trap: trap_request=0xffffff45 fr.pc=0x00000227c6301718 relative=0x0000000000000458
Event: 0.581 Thread 0x00000227b58b0d60 Uncommon trap: reason=unstable_if action=reinterpret pc=0x00000227c6301718 method=java.util.HashMap.getNode(Ljava/lang/Object;)Ljava/util/HashMap$Node; @ 66 c2
Event: 0.581 Thread 0x00000227b58b0d60 DEOPT PACKING pc=0x00000227c6301718 sp=0x00000073398feea0
Event: 0.581 Thread 0x00000227b58b0d60 DEOPT UNPACKING pc=0x00000227be83d72e sp=0x00000073398fedc0 mode 2
Event: 0.594 Thread 0x00000227b58b0d60 Uncommon trap: trap_request=0xffffff45 fr.pc=0x00000227c630c950 relative=0x0000000000000570
Event: 0.594 Thread 0x00000227b58b0d60 Uncommon trap: reason=unstable_if action=reinterpret pc=0x00000227c630c950 method=java.util.concurrent.ConcurrentHashMap.get(Ljava/lang/Object;)Ljava/lang/Object; @ 76 c2
Event: 0.594 Thread 0x00000227b58b0d60 DEOPT PACKING pc=0x00000227c630c950 sp=0x00000073398fe290
Event: 0.594 Thread 0x00000227b58b0d60 DEOPT UNPACKING pc=0x00000227be83d72e sp=0x00000073398fe238 mode 2

Classes unloaded (0 events):
No events

Classes redefined (0 events):
No events

Internal exceptions (20 events):
Event: 0.096 Thread 0x00000227b58b0d60 Exception <a 'java/lang/NoSuchMethodError'{0x00000006987e1548}: 'java.lang.Object java.lang.invoke.DirectMethodHandle$Holder.invokeStatic(java.lang.Object, java.lang.Object, int)'> (0x00000006987e1548) 
thrown [t:\workspace\open\src\hotspot\share\interpreter\linkResolver.cpp, line 790]
Event: 0.097 Thread 0x00000227b58b0d60 Exception <a 'java/lang/NoSuchMethodError'{0x00000006987ed670}: 'void java.lang.invoke.DelegatingMethodHandle$Holder.delegate(java.lang.Object, java.lang.Object, int, java.lang.Object)'> (0x00000006987ed670) 
thrown [t:\workspace\open\src\hotspot\share\interpreter\linkResolver.cpp, line 790]
Event: 0.097 Thread 0x00000227b58b0d60 Exception <a 'java/lang/NoSuchMethodError'{0x00000006987f19c8}: 'int java.lang.invoke.DirectMethodHandle$Holder.invokeSpecial(java.lang.Object, java.lang.Object, java.lang.Object)'> (0x00000006987f19c8) 
thrown [t:\workspace\open\src\hotspot\share\interpreter\linkResolver.cpp, line 790]
Event: 0.114 Thread 0x00000227b58b0d60 Exception <a 'sun/nio/fs/WindowsException'{0x000000069804ef48}> (0x000000069804ef48) 
thrown [t:\workspace\open\src\hotspot\share\prims\jni.cpp, line 579]
Event: 0.114 Thread 0x00000227b58b0d60 Exception <a 'sun/nio/fs/WindowsException'{0x000000069804f498}> (0x000000069804f498) 
thrown [t:\workspace\open\src\hotspot\share\prims\jni.cpp, line 579]
Event: 0.140 Thread 0x00000227b58b0d60 Exception <a 'sun/nio/fs/WindowsException'{0x0000000698172d98}> (0x0000000698172d98) 
thrown [t:\workspace\open\src\hotspot\share\prims\jni.cpp, line 579]
Event: 0.140 Thread 0x00000227b58b0d60 Exception <a 'sun/nio/fs/WindowsException'{0x00000006981730f8}> (0x00000006981730f8) 
thrown [t:\workspace\open\src\hotspot\share\prims\jni.cpp, line 579]
Event: 0.206 Thread 0x00000227b58b0d60 Exception <a 'java/lang/NoSuchMethodError'{0x0000000698221b60}: 'java.lang.Object java.lang.invoke.DirectMethodHandle$Holder.invokeSpecial(java.lang.Object, java.lang.Object, int, long)'> (0x0000000698221b60) 
thrown [t:\workspace\open\src\hotspot\share\interpreter\linkResolver.cpp, line 790]
Event: 0.344 Thread 0x00000227b58b0d60 Exception <a 'java/lang/NoSuchMethodError'{0x0000000698246420}: 'void java.lang.invoke.DirectMethodHandle$Holder.invokeStaticInit(java.lang.Object, long, double, double)'> (0x0000000698246420) 
thrown [t:\workspace\open\src\hotspot\share\interpreter\linkResolver.cpp, line 790]
Event: 0.346 Thread 0x00000227b58b0d60 Exception <a 'java/lang/NoSuchMethodError'{0x0000000698256aa8}: 'void java.lang.invoke.DirectMethodHandle$Holder.invokeStaticInit(java.lang.Object, long, int, int, int)'> (0x0000000698256aa8) 
thrown [t:\workspace\open\src\hotspot\share\interpreter\linkResolver.cpp, line 790]
Event: 0.348 Thread 0x00000227b58b0d60 Exception <a 'java/lang/NoSuchMethodError'{0x0000000698271050}: 'void java.lang.invoke.DirectMethodHandle$Holder.invokeStaticInit(java.lang.Object, long, int, int, int, int)'> (0x0000000698271050) 
thrown [t:\workspace\open\src\hotspot\share\interpreter\linkResolver.cpp, line 790]
Event: 0.350 Thread 0x00000227b58b0d60 Exception <a 'java/lang/NoSuchMethodError'{0x00000006982802d0}: 'void java.lang.invoke.DirectMethodHandle$Holder.invokeStatic(java.lang.Object, int, int)'> (0x00000006982802d0) 
thrown [t:\workspace\open\src\hotspot\share\interpreter\linkResolver.cpp, line 790]
Event: 0.350 Thread 0x00000227b58b0d60 Exception <a 'java/lang/NoSuchMethodError'{0x0000000698283a58}: 'void java.lang.invoke.DirectMethodHandle$Holder.invokeStaticInit(java.lang.Object, int, int)'> (0x0000000698283a58) 
thrown [t:\workspace\open\src\hotspot\share\interpreter\linkResolver.cpp, line 790]
Event: 0.351 Thread 0x00000227b58b0d60 Exception <a 'java/lang/NoSuchMethodError'{0x0000000698290a10}: 'void java.lang.invoke.DirectMethodHandle$Holder.invokeStatic(java.lang.Object, long, int, int)'> (0x0000000698290a10) 
thrown [t:\workspace\open\src\hotspot\share\interpreter\linkResolver.cpp, line 790]
Event: 0.367 Thread 0x00000227b58b0d60 Exception <a 'sun/nio/fs/WindowsException'{0x00000006982ce800}> (0x00000006982ce800) 
thrown [t:\workspace\open\src\hotspot\share\prims\jni.cpp, line 579]
Event: 0.367 Thread 0x00000227b58b0d60 Exception <a 'sun/nio/fs/WindowsException'{0x00000006982ceba0}> (0x00000006982ceba0) 
thrown [t:\workspace\open\src\hotspot\share\prims\jni.cpp, line 579]
Event: 0.369 Thread 0x00000227b58b0d60 Exception <a 'sun/nio/fs/WindowsException'{0x00000006982dc1b0}> (0x00000006982dc1b0) 
thrown [t:\workspace\open\src\hotspot\share\prims\jni.cpp, line 579]
Event: 0.369 Thread 0x00000227b58b0d60 Exception <a 'sun/nio/fs/WindowsException'{0x00000006982dc480}> (0x00000006982dc480) 
thrown [t:\workspace\open\src\hotspot\share\prims\jni.cpp, line 579]
Event: 0.614 Thread 0x00000227b58b0d60 Exception <a 'sun/nio/fs/WindowsException'{0x00000006985dfd98}> (0x00000006985dfd98) 
thrown [t:\workspace\open\src\hotspot\share\prims\jni.cpp, line 579]
Event: 0.614 Thread 0x00000227b58b0d60 Exception <a 'sun/nio/fs/WindowsException'{0x00000006985e0118}> (0x00000006985e0118) 
thrown [t:\workspace\open\src\hotspot\share\prims\jni.cpp, line 579]

Events (20 events):
Event: 0.588 loading class sun/reflect/generics/tree/SimpleClassTypeSignature done
Event: 0.589 loading class sun/reflect/generics/tree/ClassTypeSignature
Event: 0.589 loading class sun/reflect/generics/tree/ClassTypeSignature done
Event: 0.589 loading class sun/reflect/generics/tree/ClassSignature
Event: 0.589 loading class sun/reflect/generics/tree/Signature
Event: 0.589 loading class sun/reflect/generics/tree/Signature done
Event: 0.589 loading class sun/reflect/generics/tree/ClassSignature done
Event: 0.589 loading class jdk/internal/math/FloatingDecimal$ASCIIToBinaryBuffer
Event: 0.589 loading class jdk/internal/math/FloatingDecimal$ASCIIToBinaryBuffer done
Event: 0.589 loading class jdk/internal/reflect/UnsafeFloatFieldAccessorImpl
Event: 0.589 loading class jdk/internal/reflect/UnsafeFloatFieldAccessorImpl done
Event: 0.589 loading class jdk/internal/reflect/UnsafeObjectFieldAccessorImpl
Event: 0.589 loading class jdk/internal/reflect/UnsafeObjectFieldAccessorImpl done
Event: 0.589 loading class jdk/internal/reflect/UnsafeIntegerFieldAccessorImpl
Event: 0.589 loading class jdk/internal/reflect/UnsafeIntegerFieldAccessorImpl done
Event: 0.615 Loaded shared library C:\Users\Luiz\AppData\Local\Temp\lwjglLuiz\3.2.3-build-13\lwjgl_stb.dll
Event: 0.629 loading class jdk/internal/access/foreign/MemorySegmentProxy
Event: 0.629 loading class jdk/internal/access/foreign/MemorySegmentProxy done
Event: 0.667 loading class java/util/ComparableTimSort
Event: 0.667 loading class java/util/ComparableTimSort done


Dynamic libraries:
0x00007ff683870000 - 0x00007ff68387e000 	C:\Program Files\Java\jdk-16.0.2\bin\java.exe
0x00007ff9c9830000 - 0x00007ff9c9a25000 	C:\WINDOWS\SYSTEM32\ntdll.dll
0x00007ff9c9320000 - 0x00007ff9c93de000 	C:\WINDOWS\System32\KERNEL32.DLL
0x00007ff9c7270000 - 0x00007ff9c7538000 	C:\WINDOWS\System32\KERNELBASE.dll
0x00007ff9c7780000 - 0x00007ff9c7880000 	C:\WINDOWS\System32\ucrtbase.dll
0x00007ff9acd90000 - 0x00007ff9acda9000 	C:\Program Files\Java\jdk-16.0.2\bin\VCRUNTIME140.dll
0x00007ff9a98e0000 - 0x00007ff9a98f8000 	C:\Program Files\Java\jdk-16.0.2\bin\jli.dll
0x00007ff9c8210000 - 0x00007ff9c83b1000 	C:\WINDOWS\System32\USER32.dll
0x00007ff9c7240000 - 0x00007ff9c7262000 	C:\WINDOWS\System32\win32u.dll
0x00007ff9c8f90000 - 0x00007ff9c8fbb000 	C:\WINDOWS\System32\GDI32.dll
0x00007ff9adfd0000 - 0x00007ff9ae26a000 	C:\WINDOWS\WinSxS\amd64_microsoft.windows.common-controls_6595b64144ccf1df_6.0.19041.1110_none_60b5254171f9507e\COMCTL32.dll
0x00007ff9c7670000 - 0x00007ff9c777b000 	C:\WINDOWS\System32\gdi32full.dll
0x00007ff9c9750000 - 0x00007ff9c97ee000 	C:\WINDOWS\System32\msvcrt.dll
0x00007ff9c7540000 - 0x00007ff9c75dd000 	C:\WINDOWS\System32\msvcp_win.dll
0x00007ff9c80a0000 - 0x00007ff9c80d0000 	C:\WINDOWS\System32\IMM32.DLL
0x00007ff9acd80000 - 0x00007ff9acd8c000 	C:\Program Files\Java\jdk-16.0.2\bin\vcruntime140_1.dll
0x00007ff99dce0000 - 0x00007ff99dd71000 	C:\Program Files\Java\jdk-16.0.2\bin\msvcp140.dll
0x00007ff96f010000 - 0x00007ff96fbbb000 	C:\Program Files\Java\jdk-16.0.2\bin\server\jvm.dll
0x00007ff9c9250000 - 0x00007ff9c92fc000 	C:\WINDOWS\System32\ADVAPI32.dll
0x00007ff9c7e20000 - 0x00007ff9c7ebb000 	C:\WINDOWS\System32\sechost.dll
0x00007ff9c9090000 - 0x00007ff9c91ba000 	C:\WINDOWS\System32\RPCRT4.dll
0x00007ff9c78e0000 - 0x00007ff9c78e8000 	C:\WINDOWS\System32\PSAPI.DLL
0x00007ff9b2160000 - 0x00007ff9b2187000 	C:\WINDOWS\SYSTEM32\WINMM.dll
0x00007ff9c47b0000 - 0x00007ff9c47b9000 	C:\WINDOWS\SYSTEM32\WSOCK32.dll
0x00007ff9c1700000 - 0x00007ff9c170a000 	C:\WINDOWS\SYSTEM32\VERSION.dll
0x00007ff9c8030000 - 0x00007ff9c809b000 	C:\WINDOWS\System32\WS2_32.dll
0x00007ff9c4e70000 - 0x00007ff9c4e82000 	C:\WINDOWS\SYSTEM32\kernel.appcore.dll
0x00007ff9aca80000 - 0x00007ff9aca8a000 	C:\Program Files\Java\jdk-16.0.2\bin\jimage.dll
0x00007ff9a9c00000 - 0x00007ff9a9de4000 	C:\WINDOWS\SYSTEM32\DBGHELP.DLL
0x00007ff9a9850000 - 0x00007ff9a987c000 	C:\WINDOWS\SYSTEM32\dbgcore.DLL
0x00007ff9c75e0000 - 0x00007ff9c7663000 	C:\WINDOWS\System32\bcryptPrimitives.dll
0x00007ff99f6e0000 - 0x00007ff99f705000 	C:\Program Files\Java\jdk-16.0.2\bin\java.dll
0x00007ff9c83c0000 - 0x00007ff9c8aff000 	C:\WINDOWS\System32\SHELL32.dll
0x00007ff9c5070000 - 0x00007ff9c5800000 	C:\WINDOWS\SYSTEM32\windows.storage.dll
0x00007ff9c78f0000 - 0x00007ff9c7c45000 	C:\WINDOWS\System32\combase.dll
0x00007ff9c69a0000 - 0x00007ff9c69ce000 	C:\WINDOWS\SYSTEM32\Wldp.dll
0x00007ff9c7d70000 - 0x00007ff9c7e1d000 	C:\WINDOWS\System32\SHCORE.dll
0x00007ff9c7f20000 - 0x00007ff9c7f75000 	C:\WINDOWS\System32\shlwapi.dll
0x00007ff9c6e90000 - 0x00007ff9c6eaf000 	C:\WINDOWS\SYSTEM32\profapi.dll
0x00007ff99f300000 - 0x00007ff99f319000 	C:\Program Files\Java\jdk-16.0.2\bin\net.dll
0x00007ff9b8670000 - 0x00007ff9b877c000 	C:\WINDOWS\SYSTEM32\WINHTTP.dll
0x00007ff9c6700000 - 0x00007ff9c676a000 	C:\WINDOWS\system32\mswsock.dll
0x00007ff99f2e0000 - 0x00007ff99f2f3000 	C:\Program Files\Java\jdk-16.0.2\bin\nio.dll
0x00007ff99e010000 - 0x00007ff99e028000 	C:\Program Files\Java\jdk-16.0.2\bin\zip.dll
0x00007ff9922b0000 - 0x00007ff992314000 	C:\Users\Luiz\AppData\Local\Temp\lwjglLuiz\3.2.3-build-13\lwjgl.dll
0x00007ff981240000 - 0x00007ff9812a2000 	C:\Users\Luiz\AppData\Local\Temp\lwjglLuiz\3.2.3-build-13\glfw.dll
0x00007ff9c4990000 - 0x00007ff9c4a2e000 	C:\WINDOWS\system32\uxtheme.dll
0x00007ff98d170000 - 0x00007ff98d1b5000 	C:\WINDOWS\SYSTEM32\dinput8.dll
0x00007ff97de40000 - 0x00007ff97de51000 	C:\WINDOWS\SYSTEM32\xinput1_4.dll
0x00007ff9c6f50000 - 0x00007ff9c6f9e000 	C:\WINDOWS\System32\cfgmgr32.dll
0x00007ff9c6cf0000 - 0x00007ff9c6d24000 	C:\WINDOWS\SYSTEM32\DEVOBJ.dll
0x00007ff9c4c90000 - 0x00007ff9c4cbf000 	C:\WINDOWS\SYSTEM32\dwmapi.dll
0x00007ff9bab90000 - 0x00007ff9bace2000 	C:\WINDOWS\SYSTEM32\inputhost.dll
0x00007ff9c8fc0000 - 0x00007ff9c908d000 	C:\WINDOWS\System32\OLEAUT32.dll
0x00007ff9c3a60000 - 0x00007ff9c3bb4000 	C:\WINDOWS\SYSTEM32\wintypes.dll
0x00007ff9c4490000 - 0x00007ff9c4582000 	C:\WINDOWS\SYSTEM32\CoreMessaging.dll
0x00007ff9c2b10000 - 0x00007ff9c2c06000 	C:\WINDOWS\SYSTEM32\PROPSYS.dll
0x00007ff9c4130000 - 0x00007ff9c448e000 	C:\WINDOWS\SYSTEM32\CoreUIComponents.dll
0x00007ff9c5c40000 - 0x00007ff9c5c73000 	C:\WINDOWS\SYSTEM32\ntmarta.dll
0x00007ff9953f0000 - 0x00007ff995441000 	C:\Program Files (x86)\ExKode\Dxtory2.0\DxtoryHK64.dll
0x00007ff999a40000 - 0x00007ff999a6d000 	C:\Program Files (x86)\ExKode\Dxtory2.0\UWPHelper64.dll
0x00007ff9c7c50000 - 0x00007ff9c7d65000 	C:\WINDOWS\System32\MSCTF.dll
0x00007ff9c5800000 - 0x00007ff9c580d000 	C:\WINDOWS\SYSTEM32\HID.DLL
0x00007ff9c8b00000 - 0x00007ff9c8f72000 	C:\WINDOWS\System32\SETUPAPI.DLL
0x00007ff9c71b0000 - 0x00007ff9c71d7000 	C:\WINDOWS\System32\bcrypt.dll
0x00007ff9c71e0000 - 0x00007ff9c7240000 	C:\WINDOWS\System32\WINTRUST.dll
0x00007ff9c6fa0000 - 0x00007ff9c70f6000 	C:\WINDOWS\System32\CRYPT32.dll
0x00007ff9c6b30000 - 0x00007ff9c6b42000 	C:\WINDOWS\SYSTEM32\MSASN1.dll
0x00007ff99e5a0000 - 0x00007ff99e6c5000 	C:\WINDOWS\SYSTEM32\opengl32.dll
0x00007ff9c05d0000 - 0x00007ff9c05fc000 	C:\WINDOWS\SYSTEM32\GLU32.dll
0x00007ff9c7f80000 - 0x00007ff9c8029000 	C:\WINDOWS\System32\clbcatq.dll
0x00007ff966130000 - 0x00007ff968c47000 	C:\WINDOWS\System32\DriverStore\FileRepository\nv_dispi.inf_amd64_253e24b785ea60ca\nvoglv64.dll
0x00007ff9c80e0000 - 0x00007ff9c820a000 	C:\WINDOWS\System32\ole32.dll
0x00007ff9c2c70000 - 0x00007ff9c2c84000 	C:\WINDOWS\SYSTEM32\WTSAPI32.dll
0x00007ff9beb10000 - 0x00007ff9beb41000 	C:\WINDOWS\SYSTEM32\cryptnet.dll
0x00007ff9baa40000 - 0x00007ff9bab8a000 	C:\WINDOWS\SYSTEM32\drvstore.dll
0x00007ff9c6910000 - 0x00007ff9c691c000 	C:\WINDOWS\SYSTEM32\cryptbase.dll
0x00007ff9633c0000 - 0x00007ff963b9c000 	C:\Program Files (x86)\ExKode\Dxtory2.0\DxtoryCore64.dll
0x00007ff97e100000 - 0x00007ff97e219000 	C:\Program Files (x86)\ExKode\Dxtory2.0\DxtoryMM64.dll
0x00007ff9c1f20000 - 0x00007ff9c1f5b000 	C:\WINDOWS\SYSTEM32\dxcore.dll
0x00007ff97e220000 - 0x00007ff97e4e3000 	C:\WINDOWS\system32\nvspcap64.dll
0x00007ff9c64c0000 - 0x00007ff9c650b000 	C:\WINDOWS\SYSTEM32\powrprof.dll
0x00007ff9c6380000 - 0x00007ff9c6392000 	C:\WINDOWS\SYSTEM32\UMPDC.dll
0x00007ff9c5cf0000 - 0x00007ff9c5d4a000 	C:\WINDOWS\SYSTEM32\WINSTA.dll
0x00007ff9bacf0000 - 0x00007ff9bade9000 	C:\WINDOWS\SYSTEM32\textinputframework.dll
0x00007ff97e0a0000 - 0x00007ff97e0f9000 	C:\Users\Luiz\AppData\Local\Temp\lwjglLuiz\3.2.3-build-13\lwjgl_opengl.dll
0x000000006f6c0000 - 0x000000006f898000 	C:\Users\Luiz\AppData\Local\Temp\imgui-java-bin_Luiz\imgui-java64.dll
0x00007ff9c68f0000 - 0x00007ff9c6908000 	C:\WINDOWS\SYSTEM32\CRYPTSP.dll
0x00007ff9c6010000 - 0x00007ff9c6044000 	C:\WINDOWS\system32\rsaenh.dll
0x00007ff9ac790000 - 0x00007ff9ac7a0000 	C:\Program Files\Java\jdk-16.0.2\bin\verify.dll
0x00007ff97dc40000 - 0x00007ff97dcb7000 	C:\Users\Luiz\AppData\Local\Temp\lwjglLuiz\3.2.3-build-13\lwjgl_stb.dll

dbghelp: loaded successfully - version: 4.0.5 - missing functions: none
symbol engine: initialized successfully - sym options: 0x614 - pdb path: .;C:\Program Files\Java\jdk-16.0.2\bin;C:\WINDOWS\SYSTEM32;C:\WINDOWS\WinSxS\amd64_microsoft.windows.common-controls_6595b64144ccf1df_6.0.19041.1110_none_60b5254171f9507e;C:\Program Files\Java\jdk-16.0.2\bin\server;C:\Users\Luiz\AppData\Local\Temp\lwjglLuiz\3.2.3-build-13;C:\Program Files (x86)\ExKode\Dxtory2.0;C:\WINDOWS\System32\DriverStore\FileRepository\nv_dispi.inf_amd64_253e24b785ea60ca;C:\Users\Luiz\AppData\Local\Temp\imgui-java-bin_Luiz

VM Arguments:
jvm_args: -Dfile.encoding=windows-1252 -Duser.country=BR -Duser.language=pt -Duser.variant -ea 
java_command: Main
java_class_path (initial): C:\dev\MarioYoutube\build\classes\java\main;C:\dev\MarioYoutube\build\resources\main;C:\Users\Luiz\.gradle\caches\modules-2\files-2.1\org.jbox2d\jbox2d-library\2.2.1.1\4f21646d52bb51b56cbc3359c0f8fb223098ee04\jbox2d-library-2.2.1.1.jar;C:\Users\Luiz\.gradle\caches\modules-2\files-2.1\com.google.code.gson\gson\2.8.8\431fc3cbc0ff81abdbfde070062741089c3ba874\gson-2.8.8.jar;C:\Users\Luiz\.gradle\caches\modules-2\files-2.1\io.imgui.java\lwjgl3\1.77-0.17.1\926c27057933eb6000d1bcf93c396e00cf397b14\lwjgl3-1.77-0.17.1.jar;C:\Users\Luiz\.gradle\caches\modules-2\files-2.1\io.imgui.java\binding\1.77-0.17.1\7871bc35cf8b3acae98d9019bf7c59b1c0a92f10\binding-1.77-0.17.1.jar;C:\Users\Luiz\.gradle\caches\modules-2\files-2.1\org.lwjgl\lwjgl-assimp\3.2.3\f62aa07a20afbdd3097efc296c4841e0d29700eb\lwjgl-assimp-3.2.3.jar;C:\Users\Luiz\.gradle\caches\modules-2\files-2.1\org.lwjgl\lwjgl-assimp\3.2.3\4e60aeb75f0343c4a9ede4ef8b6b32ca702a00a3\lwjgl-assimp-3.2.3-natives-windows.jar;C:\Users\Luiz\.gradle\caches\modules-2\files-2.1\org.lwjgl\lwjgl-glfw\3.2.3\5e520d5c290c8b012545a8d34fa5db5ab051ea53\lwjgl-glfw-3.2.3.jar;C:\Users\Luiz\.gradle\caches\modules-2\files-2.1\org.lwjgl\lwjgl-glfw\3.2.3\b4d8a3477cdc2edcf7a5f1e822926be846223f54\lwjgl-glfw-3.2.3-natives-windows.jar;C:\Users\Luiz\.gradle\caches\modules-2\files-2.1\org.lwjgl\lwjgl-nfd\3.2.3\c44fee1043c022cf6614a28872d44cf114ca7737\lwjgl-nfd-3.2.3.jar;C:\Users\Luiz\.gradle\caches\modules-2\files-2.1\org.lwjgl\lwjgl-nfd\3.2.3\32782f5f5c57769efb82af864e70b819c77bc891\lwjgl-nfd-3.2.3-natives-windows.jar;C:\Users\Luiz\.gradle\caches\modules-2\files-2.1\org.lwjgl\lwjgl-openal\3.2.3\106742e805803ab9eab8e343f0fb31a3d263903c\lwjgl-openal-3.2.3.jar;C:\Users\Luiz\.gradle\caches\modules-2\files-2.1\org.lwjgl\lwjgl-openal\3.2.3\ec898e8ce11b5886f4f532a1536283ef2817758d\lwjgl-openal-3.2.3-natives-windows.jar;C:\Users\Luiz\.gradle\caches\modules-2\files-2.1\org.lwjgl\lwjgl-opengl\3.2.3\bdd534a323d0c8f54969b95e424b6ac8984f7d6e\lwjgl
Launcher Type: SUN_STANDARD

[Global flags]
     intx CICompilerCount                          = 4                                         {product} {ergonomic}
     uint ConcGCThreads                            = 2                                         {product} {ergonomic}
     uint G1ConcRefinementThreads                  = 8                                         {product} {ergonomic}
   size_t G1HeapRegionSize                         = 4194304                                   {product} {ergonomic}
    uintx GCDrainStackTargetSize                   = 64                                        {product} {ergonomic}
   size_t InitialHeapSize                          = 402653184                                 {product} {ergonomic}
   size_t MarkStackSize                            = 4194304                                   {product} {ergonomic}
   size_t MaxHeapSize                              = 6434062336                                {product} {ergonomic}
   size_t MaxNewSize                               = 3858759680                                {product} {ergonomic}
   size_t MinHeapDeltaBytes                        = 4194304                                   {product} {ergonomic}
   size_t MinHeapSize                              = 8388608                                   {product} {ergonomic}
    uintx NonNMethodCodeHeapSize                   = 5839372                                {pd product} {ergonomic}
    uintx NonProfiledCodeHeapSize                  = 122909434                              {pd product} {ergonomic}
    uintx ProfiledCodeHeapSize                     = 122909434                              {pd product} {ergonomic}
    uintx ReservedCodeCacheSize                    = 251658240                              {pd product} {ergonomic}
     bool SegmentedCodeCache                       = true                                      {product} {ergonomic}
   size_t SoftMaxHeapSize                          = 6434062336                             {manageable} {ergonomic}
     bool UseCompressedClassPointers               = true                           {product lp64_product} {ergonomic}
     bool UseCompressedOops                        = true                           {product lp64_product} {ergonomic}
     bool UseG1GC                                  = true                                      {product} {ergonomic}
     bool UseLargePagesIndividualAllocation        = false                                  {pd product} {ergonomic}

Logging:
Log output configuration:
 #0: stdout all=warning uptime,level,tags
 #1: stderr all=off uptime,level,tags

Environment Variables:
JAVA_HOME=C:\Program Files\Java\jdk-16.0.2
PATH=C:\Program Files (x86)\Razer Chroma SDK\bin;C:\Program Files\Razer Chroma SDK\bin;C:\Program Files (x86)\VMware\VMware Workstation\bin\;C:\Program Files (x86)\Razer\ChromaBroadcast\bin;C:\Program Files\Razer\ChromaBroadcast\bin;c:\program files (x86)\razer chroma sdk\bin;c:\program files\razer chroma sdk\bin;c:\program files (x86)\razer\chromabroadcast\bin;c:\program files\razer\chromabroadcast\bin;c:\windows\system32;c:\windows;c:\windows\system32\wbem;c:\windows\system32\windowspowershell\v1.0\;c:\windows\system32\openssh\;c:\program files\nvidia corporation\nvidia nvdlisr;c:\program files (x86)\intel\intel(r) management engine components\dal;c:\program files\intel\intel(r) management engine components\dal;c:\windows\system32\config\systemprofile\appdata\local\microsoft\windowsapps;c:\program files (x86)\toshiba\bluetooth toshiba stack\sys\;c:\program files (x86)\toshiba\bluetooth toshiba stack\sys\x64\;c:\programdata\chocolatey\bin;c:\program files\git\cmd;c:\windows\system32;c:\windows;c:\windows\system32\wbem;c:\windows\system32\windowspowershell\v1.0\;c:\windows\system32\openssh\;C:\Program Files (x86)\NVIDIA Corporation\PhysX\Common;C:\WINDOWS\system32\config\systemprofile\AppData\Local\Microsoft\WindowsApps;C:\Program Files (x86)\ATI Technologies\ATI.ACE\Core-Static;C:\Program Files\Java\jdk-16.0.2\bin;C:\Program Files\Git\cmd;C:\Users\Luiz\AppData\Local\Microsoft\WindowsApps;C:\Users\Luiz\AppData\Local\Programs\Microsoft VS Code\bin;C:\Program Files\JetBrains\IntelliJ IDEA Community Edition 2021.2.2\bin;;C:\Users\Luiz\AppData\Local\GitHubDesktop\bin
USERNAME=Luiz
OS=Windows_NT
PROCESSOR_IDENTIFIER=Intel64 Family 6 Model 158 Stepping 9, GenuineIntel



---------------  S Y S T E M  ---------------

OS:
 Windows 10 , 64 bit Build 19041 (10.0.19041.1348)
OS uptime: 0 days 3:13 hours

CPU: total 8 (initial active 8) (4 cores per cpu, 2 threads per core) family 6 model 158 stepping 9 microcode 0xb4, cx8, cmov, fxsr, ht, mmx, 3dnowpref, sse, sse2, sse3, ssse3, sse4.1, sse4.2, popcnt, lzcnt, tsc, tscinvbit, avx, avx2, aes, erms, clmul, bmi1, bmi2, rtm, adx, fma, vzeroupper, clflush, clflushopt

Memory: 4k page, system-wide physical 24534M (16083M free)
TotalPageFile size 28118M (AvailPageFile size 16850M)
current process WorkingSet (physical memory assigned to process): 130M, peak: 130M
current process commit charge ("private bytes"): 676M, peak: 677M

vm_info: OpenJDK 64-Bit Server VM (16.0.2+7-67) for windows-amd64 JRE (16.0.2+7-67), built on Jun  8 2021 23:21:43 by "mach5one" with MS VC++ 16.7 (VS2019)

END.
