#
# A fatal error has been detected by the Java Runtime Environment:
#
#  EXCEPTION_ACCESS_VIOLATION (0xc0000005) at pc=0x00007ff99e5bcf3c, pid=7176, tid=12340
#
# JRE version: OpenJDK Runtime Environment (16.0.2+7) (build 16.0.2+7-67)
# Java VM: OpenJDK 64-Bit Server VM (16.0.2+7-67, mixed mode, sharing, tiered, compressed oops, compressed class ptrs, g1 gc, windows-amd64)
# Problematic frame:
# C  [opengl32.dll+0x1cf3c]
#
# No core dump will be written. Minidumps are not enabled by default on client versions of Windows
#
# If you would like to submit a bug report, please visit:
#   https://bugreport.java.com/bugreport/crash.jsp
# The crash happened outside the Java Virtual Machine in native code.
# See problematic frame for where to report the bug.
#

---------------  S U M M A R Y ------------

Command Line: -Dfile.encoding=windows-1252 -Duser.country=BR -Duser.language=pt -Duser.variant -ea Main

Host: Intel(R) Core(TM) i7-7700K CPU @ 4.20GHz, 8 cores, 23G,  Windows 10 , 64 bit Build 19041 (10.0.19041.1348)
Time: Mon Nov 15 17:33:14 2021 Hora oficial do Brasil elapsed time: 1.281424 seconds (0d 0h 0m 1s)

---------------  T H R E A D  ---------------

Current thread (0x000001f597513370):  JavaThread "main" [_thread_in_native, id=12340, stack(0x000000baddc00000,0x000000baddd00000)]

Stack: [0x000000baddc00000,0x000000baddd00000],  sp=0x000000baddcfd5d0,  free space=1013k
Native frames: (J=compiled Java code, j=interpreted, Vv=VM code, C=native code)
C  [opengl32.dll+0x1cf3c]

Java frames: (J=compiled Java code, j=interpreted, Vv=VM code)
j  imgui.ImGui.render()V+0
j  jade.ImGuiLayer.update(FLscenes/Scene;)V+52
j  jade.Window.loop()V+202
j  jade.Window.run()V+19
j  Main.main([Ljava/lang/String;)V+5
v  ~StubRoutines::call_stub

siginfo: EXCEPTION_ACCESS_VIOLATION (0xc0000005), reading address 0x00007ff900000001


Register to memory mapping:

RIP=0x00007ff99e5bcf3c opengl32.dll
RAX=0x00007ff900000001 is an unknown value
RBX=0x0000000000010001 is an unknown value
RCX=0x0 is NULL
RDX=0x00000000fffffffd is an unknown value
RSP=0x000000baddcfd5d0 is pointing into the stack for thread: 0x000001f597513370
RBP=0x00007ff99e698a90 opengl32.dll
RSI=0x00007ff99e698000 opengl32.dll
RDI=0x000001f5bffea860 points into unknown readable memory: 0x0000000000000003 | 03 00 00 00 00 00 00 00
R8 =0x000001f5c1214ed8 points into unknown readable memory: 0x000000000000000b | 0b 00 00 00 00 00 00 00
R9 =0x00007ff900000001 is an unknown value
R10=0x000001f5c382899c points into unknown readable memory: 00 00 00 00
R11=0x000000baddcfd4d8 is pointing into the stack for thread: 0x000001f597513370
R12=0x0000000000003034 is an unknown value
R13=0x0 is NULL
R14=0x0 is NULL
R15=0x000000baddcfd640 is pointing into the stack for thread: 0x000001f597513370


Registers:
RAX=0x00007ff900000001, RBX=0x0000000000010001, RCX=0x0000000000000000, RDX=0x00000000fffffffd
RSP=0x000000baddcfd5d0, RBP=0x00007ff99e698a90, RSI=0x00007ff99e698000, RDI=0x000001f5bffea860
R8 =0x000001f5c1214ed8, R9 =0x00007ff900000001, R10=0x000001f5c382899c, R11=0x000000baddcfd4d8
R12=0x0000000000003034, R13=0x0000000000000000, R14=0x0000000000000000, R15=0x000000baddcfd640
RIP=0x00007ff99e5bcf3c, EFLAGS=0x0000000000010202

Top of Stack: (sp=0x000000baddcfd5d0)
0x000000baddcfd5d0:   ffffffffa5010ef4 000001f5bffea860
0x000000baddcfd5e0:   00007ff99e5bcac0 0000000000000001
0x000000baddcfd5f0:   0000000000000001 000001f5c63b4a58
0x000000baddcfd600:   0000000000000003 00007ff9634942e0
0x000000baddcfd610:   ffffffffa5010ef4 00007ff99e5bd213
0x000000baddcfd620:   0000000000000003 0000000000010001
0x000000baddcfd630:   000000000000000c 000000baddcfd650
0x000000baddcfd640:   0000000000000001 0000000000cd05d2
0x000000baddcfd650:   ffffffffa5010ef4 0000000000000000
0x000000baddcfd660:   ffffffffa5010ef4 00007ff9633e6b63
0x000000baddcfd670:   000001f5c0318cf0 000001f5bfe8b380
0x000000baddcfd680:   000001f5c0318cf0 000000baddcfd980
0x000000baddcfd690:   000000baddcfd7a0 00007ff9c984aced
0x000000baddcfd6a0:   0000000000000000 0000000000000000
0x000000baddcfd6b0:   000000baddcfd980 000001a1a6900000
0x000000baddcfd6c0:   000000baddcfd7d0 0000000000000000 

Instructions: (pc=0x00007ff99e5bcf3c)
0x00007ff99e5bce3c:   65 48 8b 04 25 30 00 00 00 4c 39 a8 40 12 00 00
0x00007ff99e5bce4c:   74 09 e8 c9 03 00 00 85 c0 74 cf 3b 6f 10 74 50
0x00007ff99e5bce5c:   b9 d0 07 00 00 48 ff 15 d0 40 0c 00 0f 1f 44 00
0x00007ff99e5bce6c:   00 48 8b cb e8 cf fb ff ff 65 48 8b 04 25 30 00
0x00007ff99e5bce7c:   00 00 4c 39 a8 40 12 00 00 74 05 e8 90 03 00 00
0x00007ff99e5bce8c:   33 c0 48 8b 5c 24 50 48 8b 6c 24 58 48 8b 74 24
0x00007ff99e5bce9c:   60 48 83 c4 20 41 5f 41 5e 41 5d 41 5c 5f c3 cc
0x00007ff99e5bceac:   8b 17 48 8d 2d db bb 0d 00 48 8d 35 44 b1 0d 00
0x00007ff99e5bcebc:   85 d2 75 57 44 39 6f 68 45 8b c5 49 8b d6 49 8b
0x00007ff99e5bcecc:   cf 41 0f 95 c0 e8 8e 61 00 00 85 c0 74 93 44 39
0x00007ff99e5bcedc:   6f 70 74 10 4c 8d 0d 79 2e 0e 00 48 8d 15 12 39
0x00007ff99e5bceec:   0e 00 eb 7d 65 48 8b 04 25 30 00 00 00 48 8d 15
0x00007ff99e5bcefc:   18 c6 0d 00 4c 8b ce 48 8b 88 28 12 00 00 44 38
0x00007ff99e5bcf0c:   a9 f9 05 00 00 4c 0f 44 cd eb 56 48 8b 47 20 4c
0x00007ff99e5bcf1c:   8d 05 9e fb ff ff 49 8b 4f 10 48 8b 40 20 ff 15
0x00007ff99e5bcf2c:   f8 44 0c 00 4c 8b c8 48 85 c0 0f 84 31 ff ff ff
0x00007ff99e5bcf3c:   81 38 32 01 00 00 74 22 81 38 50 01 00 00 74 1a
0x00007ff99e5bcf4c:   48 8b 47 20 8b 0f 48 8b 40 28 ff 15 cc 44 0c 00
0x00007ff99e5bcf5c:   b9 d1 07 00 00 e9 fb fe ff ff 48 8d 15 63 c7 0d
0x00007ff99e5bcf6c:   00 44 89 67 18 41 b8 01 00 00 00 41 0f 10 07 49
0x00007ff99e5bcf7c:   8b c9 0f 11 47 28 41 0f 10 4f 10 0f 11 4f 38 65
0x00007ff99e5bcf8c:   48 8b 04 25 30 00 00 00 48 89 b8 40 12 00 00 e8
0x00007ff99e5bcf9c:   8c f0 ff ff 44 39 6f 70 74 3d 65 48 8b 04 25 30
0x00007ff99e5bcfac:   00 00 00 8b 4f 68 48 8b 98 28 12 00 00 48 8b 05
0x00007ff99e5bcfbc:   b0 ed 0d 00 ff 15 62 44 0c 00 44 38 ab f9 05 00
0x00007ff99e5bcfcc:   00 48 8d 15 44 c5 0d 00 48 0f 44 f5 45 33 c0 48
0x00007ff99e5bcfdc:   8b ce e8 49 f0 ff ff 65 48 8b 14 25 30 00 00 00
0x00007ff99e5bcfec:   48 81 c2 38 11 00 00 44 89 2a 44 39 2f 0f 85 86
0x00007ff99e5bcffc:   00 00 00 65 48 8b 04 25 30 00 00 00 4c 8b 80 28
0x00007ff99e5bd00c:   12 00 00 49 8b 80 b8 18 00 00 48 89 42 40 49 8b
0x00007ff99e5bd01c:   80 b8 18 00 00 48 89 42 48 41 8b 80 c0 18 00 00
0x00007ff99e5bd02c:   ff c8 48 69 c8 c8 00 00 00 49 03 88 b8 18 00 00 


Stack slot to memory mapping:
stack at sp + 0 slots: 0xffffffffa5010ef4 is an unknown value
stack at sp + 1 slots: 0x000001f5bffea860 points into unknown readable memory: 0x0000000000000003 | 03 00 00 00 00 00 00 00
stack at sp + 2 slots: 0x00007ff99e5bcac0 opengl32.dll
stack at sp + 3 slots: 0x0000000000000001 is an unknown value
stack at sp + 4 slots: 0x0000000000000001 is an unknown value
stack at sp + 5 slots: 0x000001f5c63b4a58 points into unknown readable memory: 0x880012a40bcc8609 | 09 86 cc 0b a4 12 00 88
stack at sp + 6 slots: 0x0000000000000003 is an unknown value
stack at sp + 7 slots: 0x00007ff9634942e0 DxtoryCore64.dll


---------------  P R O C E S S  ---------------

Threads class SMR info:
_java_thread_list=0x000001f5c6431110, length=13, elements={
0x000001f597513370, 0x000001f5bed95aa0, 0x000001f5bed96570, 0x000001f5beda7610,
0x000001f5beda7e20, 0x000001f5bedb1570, 0x000001f5bedb1b80, 0x000001f5bedb9a90,
0x000001f5bedc21a0, 0x000001f5bedc4800, 0x000001f5bf8f69f0, 0x000001f5bf8f8610,
0x000001f5c5f8be90
}

Java Threads: ( => current thread )
=>0x000001f597513370 JavaThread "main" [_thread_in_native, id=12340, stack(0x000000baddc00000,0x000000baddd00000)]
  0x000001f5bed95aa0 JavaThread "Reference Handler" daemon [_thread_blocked, id=11076, stack(0x000000bade300000,0x000000bade400000)]
  0x000001f5bed96570 JavaThread "Finalizer" daemon [_thread_blocked, id=864, stack(0x000000bade400000,0x000000bade500000)]
  0x000001f5beda7610 JavaThread "Signal Dispatcher" daemon [_thread_blocked, id=11080, stack(0x000000bade500000,0x000000bade600000)]
  0x000001f5beda7e20 JavaThread "Attach Listener" daemon [_thread_blocked, id=10228, stack(0x000000bade600000,0x000000bade700000)]
  0x000001f5bedb1570 JavaThread "Service Thread" daemon [_thread_blocked, id=11692, stack(0x000000bade700000,0x000000bade800000)]
  0x000001f5bedb1b80 JavaThread "Monitor Deflation Thread" daemon [_thread_blocked, id=12072, stack(0x000000bade800000,0x000000bade900000)]
  0x000001f5bedb9a90 JavaThread "C2 CompilerThread0" daemon [_thread_blocked, id=6148, stack(0x000000bade900000,0x000000badea00000)]
  0x000001f5bedc21a0 JavaThread "C1 CompilerThread0" daemon [_thread_blocked, id=4324, stack(0x000000badea00000,0x000000badeb00000)]
  0x000001f5bedc4800 JavaThread "Sweeper thread" daemon [_thread_blocked, id=10092, stack(0x000000badeb00000,0x000000badec00000)]
  0x000001f5bf8f69f0 JavaThread "Notification Thread" daemon [_thread_blocked, id=10776, stack(0x000000badec00000,0x000000baded00000)]
  0x000001f5bf8f8610 JavaThread "Common-Cleaner" daemon [_thread_blocked, id=11008, stack(0x000000badee00000,0x000000badef00000)]
  0x000001f5c5f8be90 JavaThread "C2 CompilerThread1" daemon [_thread_blocked, id=13728, stack(0x000000badef00000,0x000000badf000000)]

Other Threads:
  0x000001f5bed90e50 VMThread "VM Thread" [stack: 0x000000bade200000,0x000000bade300000] [id=12720]
  0x000001f5bf8f8320 WatcherThread [stack: 0x000000baded00000,0x000000badee00000] [id=2276]
  0x000001f5975708b0 GCTaskThread "GC Thread#0" [stack: 0x000000baddd00000,0x000000badde00000] [id=7288]
  0x000001f5c5e0ac20 GCTaskThread "GC Thread#1" [stack: 0x000000badfb00000,0x000000badfc00000] [id=15448]
  0x000001f5c5e0a910 GCTaskThread "GC Thread#2" [stack: 0x000000badfc00000,0x000000badfd00000] [id=2720]
  0x000001f5c5e0af30 GCTaskThread "GC Thread#3" [stack: 0x000000badfd00000,0x000000badfe00000] [id=15968]
  0x000001f5c5e0a600 GCTaskThread "GC Thread#4" [stack: 0x000000badfe00000,0x000000badff00000] [id=13064]
  0x000001f5c5e096b0 GCTaskThread "GC Thread#5" [stack: 0x000000badff00000,0x000000bae0000000] [id=9692]
  0x000001f5c5e099c0 GCTaskThread "GC Thread#6" [stack: 0x000000bae0000000,0x000000bae0100000] [id=13520]
  0x000001f5c5e09cd0 GCTaskThread "GC Thread#7" [stack: 0x000000bae0100000,0x000000bae0200000] [id=6508]
  0x000001f59757d9b0 ConcurrentGCThread "G1 Main Marker" [stack: 0x000000badde00000,0x000000baddf00000] [id=12492]
  0x000001f59757ec40 ConcurrentGCThread "G1 Conc#0" [stack: 0x000000baddf00000,0x000000bade000000] [id=7052]
  0x000001f5975ee1d0 ConcurrentGCThread "G1 Refine#0" [stack: 0x000000bade000000,0x000000bade100000] [id=4300]
  0x000001f5975ee8e0 ConcurrentGCThread "G1 Service" [stack: 0x000000bade100000,0x000000bade200000] [id=12272]

Threads with active compile tasks:

VM state: not at safepoint (normal execution)

VM Mutex/Monitor currently owned by a thread: None

Heap address: 0x0000000680800000, size: 6136 MB, Compressed Oops mode: Zero based, Oop shift amount: 3

CDS archive(s) mapped at: [0x0000000800000000-0x0000000800bb0000-0x0000000800bb0000), size 12255232, SharedBaseAddress: 0x0000000800000000, ArchiveRelocationMode: 0.
Compressed class space mapped at: 0x0000000800c00000-0x0000000840c00000, reserved size: 1073741824
Narrow klass base: 0x0000000800000000, Narrow klass shift: 3, Narrow klass range: 0x100000000

GC Precious Log:
 CPUs: 8 total, 8 available
 Memory: 24534M
 Large Page Support: Disabled
 NUMA Support: Disabled
 Compressed Oops: Enabled (Zero based)
 Heap Region Size: 4M
 Heap Min Capacity: 8M
 Heap Initial Capacity: 384M
 Heap Max Capacity: 6136M
 Pre-touch: Disabled
 Parallel Workers: 8
 Concurrent Workers: 2
 Concurrent Refinement Workers: 8
 Periodic GC: Disabled

Heap:
 garbage-first heap   total 393216K, used 7190K [0x0000000680800000, 0x0000000800000000)
  region size 4096K, 3 young (12288K), 1 survivors (4096K)
 Metaspace       used 9673K, committed 9920K, reserved 1064960K
  class space    used 578K, committed 704K, reserved 1048576K

Heap Regions: E=young(eden), S=young(survivor), O=old, HS=humongous(starts), HC=humongous(continues), CS=collection set, F=free, OA=open archive, CA=closed archive, TAMS=top-at-mark-start (previous, next)
|   0|0x0000000680800000, 0x0000000680800000, 0x0000000680c00000|  0%| F|  |TAMS 0x0000000680800000, 0x0000000680800000| Untracked 
|   1|0x0000000680c00000, 0x0000000680c00000, 0x0000000681000000|  0%| F|  |TAMS 0x0000000680c00000, 0x0000000680c00000| Untracked 
|   2|0x0000000681000000, 0x0000000681000000, 0x0000000681400000|  0%| F|  |TAMS 0x0000000681000000, 0x0000000681000000| Untracked 
|   3|0x0000000681400000, 0x0000000681400000, 0x0000000681800000|  0%| F|  |TAMS 0x0000000681400000, 0x0000000681400000| Untracked 
|   4|0x0000000681800000, 0x0000000681800000, 0x0000000681c00000|  0%| F|  |TAMS 0x0000000681800000, 0x0000000681800000| Untracked 
|   5|0x0000000681c00000, 0x0000000681c00000, 0x0000000682000000|  0%| F|  |TAMS 0x0000000681c00000, 0x0000000681c00000| Untracked 
|   6|0x0000000682000000, 0x0000000682000000, 0x0000000682400000|  0%| F|  |TAMS 0x0000000682000000, 0x0000000682000000| Untracked 
|   7|0x0000000682400000, 0x0000000682400000, 0x0000000682800000|  0%| F|  |TAMS 0x0000000682400000, 0x0000000682400000| Untracked 
|   8|0x0000000682800000, 0x0000000682800000, 0x0000000682c00000|  0%| F|  |TAMS 0x0000000682800000, 0x0000000682800000| Untracked 
|   9|0x0000000682c00000, 0x0000000682c00000, 0x0000000683000000|  0%| F|  |TAMS 0x0000000682c00000, 0x0000000682c00000| Untracked 
|  10|0x0000000683000000, 0x0000000683000000, 0x0000000683400000|  0%| F|  |TAMS 0x0000000683000000, 0x0000000683000000| Untracked 
|  11|0x0000000683400000, 0x0000000683400000, 0x0000000683800000|  0%| F|  |TAMS 0x0000000683400000, 0x0000000683400000| Untracked 
|  12|0x0000000683800000, 0x0000000683800000, 0x0000000683c00000|  0%| F|  |TAMS 0x0000000683800000, 0x0000000683800000| Untracked 
|  13|0x0000000683c00000, 0x0000000683c00000, 0x0000000684000000|  0%| F|  |TAMS 0x0000000683c00000, 0x0000000683c00000| Untracked 
|  14|0x0000000684000000, 0x0000000684000000, 0x0000000684400000|  0%| F|  |TAMS 0x0000000684000000, 0x0000000684000000| Untracked 
|  15|0x0000000684400000, 0x0000000684400000, 0x0000000684800000|  0%| F|  |TAMS 0x0000000684400000, 0x0000000684400000| Untracked 
|  16|0x0000000684800000, 0x0000000684800000, 0x0000000684c00000|  0%| F|  |TAMS 0x0000000684800000, 0x0000000684800000| Untracked 
|  17|0x0000000684c00000, 0x0000000684c00000, 0x0000000685000000|  0%| F|  |TAMS 0x0000000684c00000, 0x0000000684c00000| Untracked 
|  18|0x0000000685000000, 0x0000000685000000, 0x0000000685400000|  0%| F|  |TAMS 0x0000000685000000, 0x0000000685000000| Untracked 
|  19|0x0000000685400000, 0x0000000685400000, 0x0000000685800000|  0%| F|  |TAMS 0x0000000685400000, 0x0000000685400000| Untracked 
|  20|0x0000000685800000, 0x0000000685800000, 0x0000000685c00000|  0%| F|  |TAMS 0x0000000685800000, 0x0000000685800000| Untracked 
|  21|0x0000000685c00000, 0x0000000685c00000, 0x0000000686000000|  0%| F|  |TAMS 0x0000000685c00000, 0x0000000685c00000| Untracked 
|  22|0x0000000686000000, 0x0000000686000000, 0x0000000686400000|  0%| F|  |TAMS 0x0000000686000000, 0x0000000686000000| Untracked 
|  23|0x0000000686400000, 0x0000000686400000, 0x0000000686800000|  0%| F|  |TAMS 0x0000000686400000, 0x0000000686400000| Untracked 
|  24|0x0000000686800000, 0x0000000686800000, 0x0000000686c00000|  0%| F|  |TAMS 0x0000000686800000, 0x0000000686800000| Untracked 
|  25|0x0000000686c00000, 0x0000000686c00000, 0x0000000687000000|  0%| F|  |TAMS 0x0000000686c00000, 0x0000000686c00000| Untracked 
|  26|0x0000000687000000, 0x0000000687000000, 0x0000000687400000|  0%| F|  |TAMS 0x0000000687000000, 0x0000000687000000| Untracked 
|  27|0x0000000687400000, 0x0000000687400000, 0x0000000687800000|  0%| F|  |TAMS 0x0000000687400000, 0x0000000687400000| Untracked 
|  28|0x0000000687800000, 0x0000000687800000, 0x0000000687c00000|  0%| F|  |TAMS 0x0000000687800000, 0x0000000687800000| Untracked 
|  29|0x0000000687c00000, 0x0000000687c00000, 0x0000000688000000|  0%| F|  |TAMS 0x0000000687c00000, 0x0000000687c00000| Untracked 
|  30|0x0000000688000000, 0x0000000688000000, 0x0000000688400000|  0%| F|  |TAMS 0x0000000688000000, 0x0000000688000000| Untracked 
|  31|0x0000000688400000, 0x0000000688400000, 0x0000000688800000|  0%| F|  |TAMS 0x0000000688400000, 0x0000000688400000| Untracked 
|  32|0x0000000688800000, 0x0000000688800000, 0x0000000688c00000|  0%| F|  |TAMS 0x0000000688800000, 0x0000000688800000| Untracked 
|  33|0x0000000688c00000, 0x0000000688c00000, 0x0000000689000000|  0%| F|  |TAMS 0x0000000688c00000, 0x0000000688c00000| Untracked 
|  34|0x0000000689000000, 0x0000000689000000, 0x0000000689400000|  0%| F|  |TAMS 0x0000000689000000, 0x0000000689000000| Untracked 
|  35|0x0000000689400000, 0x0000000689400000, 0x0000000689800000|  0%| F|  |TAMS 0x0000000689400000, 0x0000000689400000| Untracked 
|  36|0x0000000689800000, 0x0000000689800000, 0x0000000689c00000|  0%| F|  |TAMS 0x0000000689800000, 0x0000000689800000| Untracked 
|  37|0x0000000689c00000, 0x0000000689c00000, 0x000000068a000000|  0%| F|  |TAMS 0x0000000689c00000, 0x0000000689c00000| Untracked 
|  38|0x000000068a000000, 0x000000068a000000, 0x000000068a400000|  0%| F|  |TAMS 0x000000068a000000, 0x000000068a000000| Untracked 
|  39|0x000000068a400000, 0x000000068a400000, 0x000000068a800000|  0%| F|  |TAMS 0x000000068a400000, 0x000000068a400000| Untracked 
|  40|0x000000068a800000, 0x000000068a800000, 0x000000068ac00000|  0%| F|  |TAMS 0x000000068a800000, 0x000000068a800000| Untracked 
|  41|0x000000068ac00000, 0x000000068ac00000, 0x000000068b000000|  0%| F|  |TAMS 0x000000068ac00000, 0x000000068ac00000| Untracked 
|  42|0x000000068b000000, 0x000000068b000000, 0x000000068b400000|  0%| F|  |TAMS 0x000000068b000000, 0x000000068b000000| Untracked 
|  43|0x000000068b400000, 0x000000068b400000, 0x000000068b800000|  0%| F|  |TAMS 0x000000068b400000, 0x000000068b400000| Untracked 
|  44|0x000000068b800000, 0x000000068b800000, 0x000000068bc00000|  0%| F|  |TAMS 0x000000068b800000, 0x000000068b800000| Untracked 
|  45|0x000000068bc00000, 0x000000068bc00000, 0x000000068c000000|  0%| F|  |TAMS 0x000000068bc00000, 0x000000068bc00000| Untracked 
|  46|0x000000068c000000, 0x000000068c000000, 0x000000068c400000|  0%| F|  |TAMS 0x000000068c000000, 0x000000068c000000| Untracked 
|  47|0x000000068c400000, 0x000000068c400000, 0x000000068c800000|  0%| F|  |TAMS 0x000000068c400000, 0x000000068c400000| Untracked 
|  48|0x000000068c800000, 0x000000068c800000, 0x000000068cc00000|  0%| F|  |TAMS 0x000000068c800000, 0x000000068c800000| Untracked 
|  49|0x000000068cc00000, 0x000000068cc00000, 0x000000068d000000|  0%| F|  |TAMS 0x000000068cc00000, 0x000000068cc00000| Untracked 
|  50|0x000000068d000000, 0x000000068d000000, 0x000000068d400000|  0%| F|  |TAMS 0x000000068d000000, 0x000000068d000000| Untracked 
|  51|0x000000068d400000, 0x000000068d400000, 0x000000068d800000|  0%| F|  |TAMS 0x000000068d400000, 0x000000068d400000| Untracked 
|  52|0x000000068d800000, 0x000000068d800000, 0x000000068dc00000|  0%| F|  |TAMS 0x000000068d800000, 0x000000068d800000| Untracked 
|  53|0x000000068dc00000, 0x000000068dc00000, 0x000000068e000000|  0%| F|  |TAMS 0x000000068dc00000, 0x000000068dc00000| Untracked 
|  54|0x000000068e000000, 0x000000068e000000, 0x000000068e400000|  0%| F|  |TAMS 0x000000068e000000, 0x000000068e000000| Untracked 
|  55|0x000000068e400000, 0x000000068e400000, 0x000000068e800000|  0%| F|  |TAMS 0x000000068e400000, 0x000000068e400000| Untracked 
|  56|0x000000068e800000, 0x000000068e800000, 0x000000068ec00000|  0%| F|  |TAMS 0x000000068e800000, 0x000000068e800000| Untracked 
|  57|0x000000068ec00000, 0x000000068ec00000, 0x000000068f000000|  0%| F|  |TAMS 0x000000068ec00000, 0x000000068ec00000| Untracked 
|  58|0x000000068f000000, 0x000000068f000000, 0x000000068f400000|  0%| F|  |TAMS 0x000000068f000000, 0x000000068f000000| Untracked 
|  59|0x000000068f400000, 0x000000068f400000, 0x000000068f800000|  0%| F|  |TAMS 0x000000068f400000, 0x000000068f400000| Untracked 
|  60|0x000000068f800000, 0x000000068f800000, 0x000000068fc00000|  0%| F|  |TAMS 0x000000068f800000, 0x000000068f800000| Untracked 
|  61|0x000000068fc00000, 0x000000068fc00000, 0x0000000690000000|  0%| F|  |TAMS 0x000000068fc00000, 0x000000068fc00000| Untracked 
|  62|0x0000000690000000, 0x0000000690000000, 0x0000000690400000|  0%| F|  |TAMS 0x0000000690000000, 0x0000000690000000| Untracked 
|  63|0x0000000690400000, 0x0000000690400000, 0x0000000690800000|  0%| F|  |TAMS 0x0000000690400000, 0x0000000690400000| Untracked 
|  64|0x0000000690800000, 0x0000000690800000, 0x0000000690c00000|  0%| F|  |TAMS 0x0000000690800000, 0x0000000690800000| Untracked 
|  65|0x0000000690c00000, 0x0000000690c00000, 0x0000000691000000|  0%| F|  |TAMS 0x0000000690c00000, 0x0000000690c00000| Untracked 
|  66|0x0000000691000000, 0x0000000691000000, 0x0000000691400000|  0%| F|  |TAMS 0x0000000691000000, 0x0000000691000000| Untracked 
|  67|0x0000000691400000, 0x0000000691400000, 0x0000000691800000|  0%| F|  |TAMS 0x0000000691400000, 0x0000000691400000| Untracked 
|  68|0x0000000691800000, 0x0000000691800000, 0x0000000691c00000|  0%| F|  |TAMS 0x0000000691800000, 0x0000000691800000| Untracked 
|  69|0x0000000691c00000, 0x0000000691c00000, 0x0000000692000000|  0%| F|  |TAMS 0x0000000691c00000, 0x0000000691c00000| Untracked 
|  70|0x0000000692000000, 0x0000000692000000, 0x0000000692400000|  0%| F|  |TAMS 0x0000000692000000, 0x0000000692000000| Untracked 
|  71|0x0000000692400000, 0x0000000692400000, 0x0000000692800000|  0%| F|  |TAMS 0x0000000692400000, 0x0000000692400000| Untracked 
|  72|0x0000000692800000, 0x0000000692800000, 0x0000000692c00000|  0%| F|  |TAMS 0x0000000692800000, 0x0000000692800000| Untracked 
|  73|0x0000000692c00000, 0x0000000692c00000, 0x0000000693000000|  0%| F|  |TAMS 0x0000000692c00000, 0x0000000692c00000| Untracked 
|  74|0x0000000693000000, 0x0000000693000000, 0x0000000693400000|  0%| F|  |TAMS 0x0000000693000000, 0x0000000693000000| Untracked 
|  75|0x0000000693400000, 0x0000000693400000, 0x0000000693800000|  0%| F|  |TAMS 0x0000000693400000, 0x0000000693400000| Untracked 
|  76|0x0000000693800000, 0x0000000693800000, 0x0000000693c00000|  0%| F|  |TAMS 0x0000000693800000, 0x0000000693800000| Untracked 
|  77|0x0000000693c00000, 0x0000000693c00000, 0x0000000694000000|  0%| F|  |TAMS 0x0000000693c00000, 0x0000000693c00000| Untracked 
|  78|0x0000000694000000, 0x0000000694000000, 0x0000000694400000|  0%| F|  |TAMS 0x0000000694000000, 0x0000000694000000| Untracked 
|  79|0x0000000694400000, 0x0000000694400000, 0x0000000694800000|  0%| F|  |TAMS 0x0000000694400000, 0x0000000694400000| Untracked 
|  80|0x0000000694800000, 0x0000000694800000, 0x0000000694c00000|  0%| F|  |TAMS 0x0000000694800000, 0x0000000694800000| Untracked 
|  81|0x0000000694c00000, 0x0000000694c00000, 0x0000000695000000|  0%| F|  |TAMS 0x0000000694c00000, 0x0000000694c00000| Untracked 
|  82|0x0000000695000000, 0x0000000695000000, 0x0000000695400000|  0%| F|  |TAMS 0x0000000695000000, 0x0000000695000000| Untracked 
|  83|0x0000000695400000, 0x0000000695400000, 0x0000000695800000|  0%| F|  |TAMS 0x0000000695400000, 0x0000000695400000| Untracked 
|  84|0x0000000695800000, 0x0000000695800000, 0x0000000695c00000|  0%| F|  |TAMS 0x0000000695800000, 0x0000000695800000| Untracked 
|  85|0x0000000695c00000, 0x0000000695c00000, 0x0000000696000000|  0%| F|  |TAMS 0x0000000695c00000, 0x0000000695c00000| Untracked 
|  86|0x0000000696000000, 0x0000000696000000, 0x0000000696400000|  0%| F|  |TAMS 0x0000000696000000, 0x0000000696000000| Untracked 
|  87|0x0000000696400000, 0x0000000696400000, 0x0000000696800000|  0%| F|  |TAMS 0x0000000696400000, 0x0000000696400000| Untracked 
|  88|0x0000000696800000, 0x0000000696800000, 0x0000000696c00000|  0%| F|  |TAMS 0x0000000696800000, 0x0000000696800000| Untracked 
|  89|0x0000000696c00000, 0x0000000696c00000, 0x0000000697000000|  0%| F|  |TAMS 0x0000000696c00000, 0x0000000696c00000| Untracked 
|  90|0x0000000697000000, 0x0000000697305b08, 0x0000000697400000| 75%| S|CS|TAMS 0x0000000697000000, 0x0000000697000000| Complete 
|  91|0x0000000697400000, 0x0000000697400000, 0x0000000697800000|  0%| F|  |TAMS 0x0000000697400000, 0x0000000697400000| Untracked 
|  92|0x0000000697800000, 0x0000000697800000, 0x0000000697c00000|  0%| F|  |TAMS 0x0000000697800000, 0x0000000697800000| Untracked 
|  93|0x0000000697c00000, 0x0000000697c00000, 0x0000000698000000|  0%| F|  |TAMS 0x0000000697c00000, 0x0000000697c00000| Untracked 
|  94|0x0000000698000000, 0x0000000698120d40, 0x0000000698400000| 28%| E|  |TAMS 0x0000000698000000, 0x0000000698000000| Complete 
|  95|0x0000000698400000, 0x0000000698800000, 0x0000000698800000|100%| E|CS|TAMS 0x0000000698400000, 0x0000000698400000| Complete 

Card table byte_map: [0x000001f5aebb0000,0x000001f5af7b0000] _byte_map_base: 0x000001f5ab7ac000

Marking Bits (Prev, Next): (CMBitMap*) 0x000001f597570fa0, (CMBitMap*) 0x000001f597570fe0
 Prev Bits: [0x000001f5b03b0000, 0x000001f5b6390000)
 Next Bits: [0x000001f5b6390000, 0x000001f5bc370000)

Polling page: 0x000001f596cf0000

Metaspace:

Usage:
  Non-class:      8.88 MB used.
      Class:    578.34 KB used.
       Both:      9.45 MB used.

Virtual space:
  Non-class space:       16.00 MB reserved,       9.00 MB ( 56%) committed,  2 nodes.
      Class space:        1.00 GB reserved,     704.00 KB ( <1%) committed,  1 nodes.
              Both:        1.02 GB reserved,       9.69 MB ( <1%) committed. 

Chunk freelists:
   Non-Class:  848.00 KB
       Class:  3.27 MB
        Both:  4.10 MB

MaxMetaspaceSize: 17179869184.00 GB
CompressedClassSpaceSize: 1.00 GB
 - commit_granule_bytes: 65536.
 - commit_granule_words: 8192.
 - virtual_space_node_default_size: 1048576.
 - enlarge_chunks_in_place: 1.
 - new_chunks_are_fully_committed: 0.
 - uncommit_free_chunks: 1.
 - use_allocation_guard: 0.
 - handle_deallocations: 1.


Internal statistics:

num_allocs_failed_limit: 0.
num_arena_births: 118.
num_arena_deaths: 0.
num_vsnodes_births: 3.
num_vsnodes_deaths: 0.
num_space_committed: 153.
num_space_uncommitted: 0.
num_chunks_returned_to_freelist: 0.
num_chunks_taken_from_freelist: 400.
num_chunk_merges: 0.
num_chunk_splits: 317.
num_chunks_enlarged: 264.
num_purges: 0.

CodeHeap 'non-profiled nmethods': size=120000Kb used=339Kb max_used=339Kb free=119660Kb
 bounds [0x000001f5a6750000, 0x000001f5a69c0000, 0x000001f5adc80000]
CodeHeap 'profiled nmethods': size=120000Kb used=1771Kb max_used=1771Kb free=118228Kb
 bounds [0x000001f59f220000, 0x000001f59f490000, 0x000001f5a6750000]
CodeHeap 'non-nmethods': size=5760Kb used=1818Kb max_used=1830Kb free=3941Kb
 bounds [0x000001f59ec80000, 0x000001f59eef0000, 0x000001f59f220000]
 total_blobs=2331 nmethods=1022 adapters=1222
 compilation: enabled
              stopped_count=0, restarted_count=0
 full_count=0

Compilation events (20 events):
Event: 0.773 Thread 0x000001f5c5f8be90 1013       4       sun.misc.Unsafe::getLong (9 bytes)
Event: 0.773 Thread 0x000001f5c5f8be90 nmethod 1013 0x000001f5a67a4c10 code [0x000001f5a67a4d80, 0x000001f5a67a4df8]
Event: 0.774 Thread 0x000001f5bedc21a0 1014  s    3       sun.nio.ch.ChannelInputStream::read (77 bytes)
Event: 0.775 Thread 0x000001f5bedc21a0 nmethod 1014 0x000001f59f3d7310 code [0x000001f59f3d7540, 0x000001f59f3d7e48]
Event: 0.775 Thread 0x000001f5bedc21a0 1015       3       java.util.regex.Pattern::isSupplementary (21 bytes)
Event: 0.775 Thread 0x000001f5bedc21a0 nmethod 1015 0x000001f59f3d8110 code [0x000001f59f3d82c0, 0x000001f59f3d8538]
Event: 0.775 Thread 0x000001f5bedc21a0 1016       3       java.lang.Character::isSurrogate (18 bytes)
Event: 0.775 Thread 0x000001f5bedc21a0 nmethod 1016 0x000001f59f3d8610 code [0x000001f59f3d87a0, 0x000001f59f3d8938]
Event: 0.777 Thread 0x000001f5bedc21a0 1017       3       java.util.concurrent.ConcurrentHashMap::values (25 bytes)
Event: 0.777 Thread 0x000001f5bedc21a0 nmethod 1017 0x000001f59f3d8a10 code [0x000001f59f3d8be0, 0x000001f59f3d8f98]
Event: 0.777 Thread 0x000001f5bedc21a0 1018       3       java.util.concurrent.ConcurrentHashMap$ValuesView::iterator (34 bytes)
Event: 0.777 Thread 0x000001f5bedc21a0 nmethod 1018 0x000001f59f3d9090 code [0x000001f59f3d9240, 0x000001f59f3d9468]
Event: 0.777 Thread 0x000001f5bedc21a0 1019       3       java.util.concurrent.ConcurrentHashMap$ValueIterator::<init> (12 bytes)
Event: 0.777 Thread 0x000001f5bedc21a0 nmethod 1019 0x000001f59f3d9590 code [0x000001f59f3d9740, 0x000001f59f3d9888]
Event: 0.777 Thread 0x000001f5bedc21a0 1020       3       java.util.concurrent.ConcurrentHashMap::isEmpty (15 bytes)
Event: 0.777 Thread 0x000001f5bedc21a0 nmethod 1020 0x000001f59f3d9990 code [0x000001f59f3d9b40, 0x000001f59f3d9ce8]
Event: 0.777 Thread 0x000001f5bedc21a0 1022       3       jdk.internal.loader.NativeLibraries::find (72 bytes)
Event: 0.778 Thread 0x000001f5bedc21a0 nmethod 1022 0x000001f59f3d9d90 code [0x000001f59f3d9fc0, 0x000001f59f3da858]
Event: 0.778 Thread 0x000001f5bedc21a0 1021       3       java.lang.ClassLoader::findNative (21 bytes)
Event: 0.778 Thread 0x000001f5bedc21a0 nmethod 1021 0x000001f59f3daa90 code [0x000001f59f3dac60, 0x000001f59f3dae78]

GC Heap History (2 events):
Event: 0.655 GC heap before
{Heap before GC invocations=0 (full 0):
 garbage-first heap   total 393216K, used 20480K [0x0000000680800000, 0x0000000800000000)
  region size 4096K, 5 young (20480K), 0 survivors (0K)
 Metaspace       used 7467K, committed 7616K, reserved 1064960K
  class space    used 455K, committed 512K, reserved 1048576K
}
Event: 0.658 GC heap after
{Heap after GC invocations=1 (full 0):
 garbage-first heap   total 393216K, used 3094K [0x0000000680800000, 0x0000000800000000)
  region size 4096K, 1 young (4096K), 1 survivors (4096K)
 Metaspace       used 7467K, committed 7616K, reserved 1064960K
  class space    used 455K, committed 512K, reserved 1048576K
}

Deoptimization events (20 events):
Event: 0.465 Thread 0x000001f597513370 Uncommon trap: trap_request=0xffffff54 fr.pc=0x000001f5a6786080 relative=0x0000000000000060
Event: 0.465 Thread 0x000001f597513370 Uncommon trap: reason=speculate_null_assert action=make_not_entrant pc=0x000001f5a6786080 method=sun.misc.Unsafe.putLong(Ljava/lang/Object;JJ)V @ 7 c2
Event: 0.465 Thread 0x000001f597513370 DEOPT PACKING pc=0x000001f5a6786080 sp=0x000000baddcfec40
Event: 0.465 Thread 0x000001f597513370 DEOPT UNPACKING pc=0x000001f59eccd72e sp=0x000000baddcfebb8 mode 2
Event: 0.583 Thread 0x000001f597513370 Uncommon trap: trap_request=0xffffff45 fr.pc=0x000001f5a6789aec relative=0x0000000000000ecc
Event: 0.583 Thread 0x000001f597513370 Uncommon trap: reason=unstable_if action=reinterpret pc=0x000001f5a6789aec method=java.util.LinkedHashMap.linkNodeLast(Ljava/util/LinkedHashMap$Entry;)V @ 11 c2
Event: 0.583 Thread 0x000001f597513370 DEOPT PACKING pc=0x000001f5a6789aec sp=0x000000baddcfa8a0
Event: 0.583 Thread 0x000001f597513370 DEOPT UNPACKING pc=0x000001f59eccd72e sp=0x000000baddcfa6f8 mode 2
Event: 0.584 Thread 0x000001f597513370 Uncommon trap: trap_request=0xffffff45 fr.pc=0x000001f5a6787d74 relative=0x0000000000000df4
Event: 0.584 Thread 0x000001f597513370 Uncommon trap: reason=unstable_if action=reinterpret pc=0x000001f5a6787d74 method=java.util.LinkedHashMap.linkNodeLast(Ljava/util/LinkedHashMap$Entry;)V @ 11 c2
Event: 0.584 Thread 0x000001f597513370 DEOPT PACKING pc=0x000001f5a6787d74 sp=0x000000baddcfde00
Event: 0.584 Thread 0x000001f597513370 DEOPT UNPACKING pc=0x000001f59eccd72e sp=0x000000baddcfdcd0 mode 2
Event: 0.664 Thread 0x000001f597513370 Uncommon trap: trap_request=0xffffff45 fr.pc=0x000001f5a6791898 relative=0x0000000000000458
Event: 0.664 Thread 0x000001f597513370 Uncommon trap: reason=unstable_if action=reinterpret pc=0x000001f5a6791898 method=java.util.HashMap.getNode(Ljava/lang/Object;)Ljava/util/HashMap$Node; @ 66 c2
Event: 0.664 Thread 0x000001f597513370 DEOPT PACKING pc=0x000001f5a6791898 sp=0x000000baddcfebc0
Event: 0.664 Thread 0x000001f597513370 DEOPT UNPACKING pc=0x000001f59eccd72e sp=0x000000baddcfeae0 mode 2
Event: 0.676 Thread 0x000001f597513370 Uncommon trap: trap_request=0xffffff45 fr.pc=0x000001f5a679cfd0 relative=0x0000000000000570
Event: 0.676 Thread 0x000001f597513370 Uncommon trap: reason=unstable_if action=reinterpret pc=0x000001f5a679cfd0 method=java.util.concurrent.ConcurrentHashMap.get(Ljava/lang/Object;)Ljava/lang/Object; @ 76 c2
Event: 0.676 Thread 0x000001f597513370 DEOPT PACKING pc=0x000001f5a679cfd0 sp=0x000000baddcfdfb0
Event: 0.676 Thread 0x000001f597513370 DEOPT UNPACKING pc=0x000001f59eccd72e sp=0x000000baddcfdf58 mode 2

Classes unloaded (0 events):
No events

Classes redefined (0 events):
No events

Internal exceptions (20 events):
Event: 0.090 Thread 0x000001f597513370 Exception <a 'java/lang/NoSuchMethodError'{0x00000006987e1548}: 'java.lang.Object java.lang.invoke.DirectMethodHandle$Holder.invokeStatic(java.lang.Object, java.lang.Object, int)'> (0x00000006987e1548) 
thrown [t:\workspace\open\src\hotspot\share\interpreter\linkResolver.cpp, line 790]
Event: 0.091 Thread 0x000001f597513370 Exception <a 'java/lang/NoSuchMethodError'{0x00000006987ed670}: 'void java.lang.invoke.DelegatingMethodHandle$Holder.delegate(java.lang.Object, java.lang.Object, int, java.lang.Object)'> (0x00000006987ed670) 
thrown [t:\workspace\open\src\hotspot\share\interpreter\linkResolver.cpp, line 790]
Event: 0.091 Thread 0x000001f597513370 Exception <a 'java/lang/NoSuchMethodError'{0x00000006987f19c8}: 'int java.lang.invoke.DirectMethodHandle$Holder.invokeSpecial(java.lang.Object, java.lang.Object, java.lang.Object)'> (0x00000006987f19c8) 
thrown [t:\workspace\open\src\hotspot\share\interpreter\linkResolver.cpp, line 790]
Event: 0.111 Thread 0x000001f597513370 Exception <a 'sun/nio/fs/WindowsException'{0x000000069804f080}> (0x000000069804f080) 
thrown [t:\workspace\open\src\hotspot\share\prims\jni.cpp, line 579]
Event: 0.111 Thread 0x000001f597513370 Exception <a 'sun/nio/fs/WindowsException'{0x000000069804f5d0}> (0x000000069804f5d0) 
thrown [t:\workspace\open\src\hotspot\share\prims\jni.cpp, line 579]
Event: 0.140 Thread 0x000001f597513370 Exception <a 'sun/nio/fs/WindowsException'{0x0000000698172d90}> (0x0000000698172d90) 
thrown [t:\workspace\open\src\hotspot\share\prims\jni.cpp, line 579]
Event: 0.140 Thread 0x000001f597513370 Exception <a 'sun/nio/fs/WindowsException'{0x00000006981730f0}> (0x00000006981730f0) 
thrown [t:\workspace\open\src\hotspot\share\prims\jni.cpp, line 579]
Event: 0.216 Thread 0x000001f597513370 Exception <a 'java/lang/NoSuchMethodError'{0x0000000698221b58}: 'java.lang.Object java.lang.invoke.DirectMethodHandle$Holder.invokeSpecial(java.lang.Object, java.lang.Object, int, long)'> (0x0000000698221b58) 
thrown [t:\workspace\open\src\hotspot\share\interpreter\linkResolver.cpp, line 790]
Event: 0.414 Thread 0x000001f597513370 Exception <a 'java/lang/NoSuchMethodError'{0x0000000698246418}: 'void java.lang.invoke.DirectMethodHandle$Holder.invokeStaticInit(java.lang.Object, long, double, double)'> (0x0000000698246418) 
thrown [t:\workspace\open\src\hotspot\share\interpreter\linkResolver.cpp, line 790]
Event: 0.415 Thread 0x000001f597513370 Exception <a 'java/lang/NoSuchMethodError'{0x0000000698256aa0}: 'void java.lang.invoke.DirectMethodHandle$Holder.invokeStaticInit(java.lang.Object, long, int, int, int)'> (0x0000000698256aa0) 
thrown [t:\workspace\open\src\hotspot\share\interpreter\linkResolver.cpp, line 790]
Event: 0.419 Thread 0x000001f597513370 Exception <a 'java/lang/NoSuchMethodError'{0x0000000698271048}: 'void java.lang.invoke.DirectMethodHandle$Holder.invokeStaticInit(java.lang.Object, long, int, int, int, int)'> (0x0000000698271048) 
thrown [t:\workspace\open\src\hotspot\share\interpreter\linkResolver.cpp, line 790]
Event: 0.421 Thread 0x000001f597513370 Exception <a 'java/lang/NoSuchMethodError'{0x00000006982802c8}: 'void java.lang.invoke.DirectMethodHandle$Holder.invokeStatic(java.lang.Object, int, int)'> (0x00000006982802c8) 
thrown [t:\workspace\open\src\hotspot\share\interpreter\linkResolver.cpp, line 790]
Event: 0.422 Thread 0x000001f597513370 Exception <a 'java/lang/NoSuchMethodError'{0x0000000698283a50}: 'void java.lang.invoke.DirectMethodHandle$Holder.invokeStaticInit(java.lang.Object, int, int)'> (0x0000000698283a50) 
thrown [t:\workspace\open\src\hotspot\share\interpreter\linkResolver.cpp, line 790]
Event: 0.423 Thread 0x000001f597513370 Exception <a 'java/lang/NoSuchMethodError'{0x0000000698290a08}: 'void java.lang.invoke.DirectMethodHandle$Holder.invokeStatic(java.lang.Object, long, int, int)'> (0x0000000698290a08) 
thrown [t:\workspace\open\src\hotspot\share\interpreter\linkResolver.cpp, line 790]
Event: 0.442 Thread 0x000001f597513370 Exception <a 'sun/nio/fs/WindowsException'{0x00000006982ce7f8}> (0x00000006982ce7f8) 
thrown [t:\workspace\open\src\hotspot\share\prims\jni.cpp, line 579]
Event: 0.442 Thread 0x000001f597513370 Exception <a 'sun/nio/fs/WindowsException'{0x00000006982ceb98}> (0x00000006982ceb98) 
thrown [t:\workspace\open\src\hotspot\share\prims\jni.cpp, line 579]
Event: 0.444 Thread 0x000001f597513370 Exception <a 'sun/nio/fs/WindowsException'{0x00000006982dc1a8}> (0x00000006982dc1a8) 
thrown [t:\workspace\open\src\hotspot\share\prims\jni.cpp, line 579]
Event: 0.444 Thread 0x000001f597513370 Exception <a 'sun/nio/fs/WindowsException'{0x00000006982dc478}> (0x00000006982dc478) 
thrown [t:\workspace\open\src\hotspot\share\prims\jni.cpp, line 579]
Event: 0.697 Thread 0x000001f597513370 Exception <a 'sun/nio/fs/WindowsException'{0x00000006985e0910}> (0x00000006985e0910) 
thrown [t:\workspace\open\src\hotspot\share\prims\jni.cpp, line 579]
Event: 0.697 Thread 0x000001f597513370 Exception <a 'sun/nio/fs/WindowsException'{0x00000006985e0c90}> (0x00000006985e0c90) 
thrown [t:\workspace\open\src\hotspot\share\prims\jni.cpp, line 579]

Events (20 events):
Event: 0.671 loading class sun/reflect/generics/tree/ClassTypeSignature
Event: 0.671 loading class sun/reflect/generics/tree/ClassTypeSignature done
Event: 0.671 loading class sun/reflect/generics/tree/ClassSignature
Event: 0.671 loading class sun/reflect/generics/tree/Signature
Event: 0.671 loading class sun/reflect/generics/tree/Signature done
Event: 0.671 loading class sun/reflect/generics/tree/ClassSignature done
Event: 0.671 loading class jdk/internal/math/FloatingDecimal$ASCIIToBinaryBuffer
Event: 0.671 loading class jdk/internal/math/FloatingDecimal$ASCIIToBinaryBuffer done
Event: 0.671 loading class jdk/internal/reflect/UnsafeFloatFieldAccessorImpl
Event: 0.671 loading class jdk/internal/reflect/UnsafeFloatFieldAccessorImpl done
Event: 0.672 loading class jdk/internal/reflect/UnsafeObjectFieldAccessorImpl
Event: 0.672 loading class jdk/internal/reflect/UnsafeObjectFieldAccessorImpl done
Event: 0.672 loading class jdk/internal/reflect/UnsafeIntegerFieldAccessorImpl
Event: 0.672 loading class jdk/internal/reflect/UnsafeIntegerFieldAccessorImpl done
Event: 0.698 Loaded shared library C:\Users\Luiz\AppData\Local\Temp\lwjglLuiz\3.2.3-build-13\lwjgl_stb.dll
Event: 0.711 loading class jdk/internal/access/foreign/MemorySegmentProxy
Event: 0.711 loading class jdk/internal/access/foreign/MemorySegmentProxy done
Event: 0.753 loading class java/util/ComparableTimSort
Event: 0.753 loading class java/util/ComparableTimSort done
Event: 0.773 Thread 0x000001f5c62a67c0 Thread exited: 0x000001f5c62a67c0


Dynamic libraries:
0x00007ff683870000 - 0x00007ff68387e000 	C:\Program Files\Java\jdk-16.0.2\bin\java.exe
0x00007ff9c9830000 - 0x00007ff9c9a25000 	C:\WINDOWS\SYSTEM32\ntdll.dll
0x00007ff9c9320000 - 0x00007ff9c93de000 	C:\WINDOWS\System32\KERNEL32.DLL
0x00007ff9c7270000 - 0x00007ff9c7538000 	C:\WINDOWS\System32\KERNELBASE.dll
0x00007ff9c7780000 - 0x00007ff9c7880000 	C:\WINDOWS\System32\ucrtbase.dll
0x00007ff9acd90000 - 0x00007ff9acda9000 	C:\Program Files\Java\jdk-16.0.2\bin\VCRUNTIME140.dll
0x00007ff9a98e0000 - 0x00007ff9a98f8000 	C:\Program Files\Java\jdk-16.0.2\bin\jli.dll
0x00007ff9c8210000 - 0x00007ff9c83b1000 	C:\WINDOWS\System32\USER32.dll
0x00007ff9c7240000 - 0x00007ff9c7262000 	C:\WINDOWS\System32\win32u.dll
0x00007ff9adfd0000 - 0x00007ff9ae26a000 	C:\WINDOWS\WinSxS\amd64_microsoft.windows.common-controls_6595b64144ccf1df_6.0.19041.1110_none_60b5254171f9507e\COMCTL32.dll
0x00007ff9c8f90000 - 0x00007ff9c8fbb000 	C:\WINDOWS\System32\GDI32.dll
0x00007ff9c9750000 - 0x00007ff9c97ee000 	C:\WINDOWS\System32\msvcrt.dll
0x00007ff9c7670000 - 0x00007ff9c777b000 	C:\WINDOWS\System32\gdi32full.dll
0x00007ff9c7540000 - 0x00007ff9c75dd000 	C:\WINDOWS\System32\msvcp_win.dll
0x00007ff9c80a0000 - 0x00007ff9c80d0000 	C:\WINDOWS\System32\IMM32.DLL
0x00007ff9acd80000 - 0x00007ff9acd8c000 	C:\Program Files\Java\jdk-16.0.2\bin\vcruntime140_1.dll
0x00007ff99dce0000 - 0x00007ff99dd71000 	C:\Program Files\Java\jdk-16.0.2\bin\msvcp140.dll
0x00007ff96f010000 - 0x00007ff96fbbb000 	C:\Program Files\Java\jdk-16.0.2\bin\server\jvm.dll
0x00007ff9c9250000 - 0x00007ff9c92fc000 	C:\WINDOWS\System32\ADVAPI32.dll
0x00007ff9c7e20000 - 0x00007ff9c7ebb000 	C:\WINDOWS\System32\sechost.dll
0x00007ff9c9090000 - 0x00007ff9c91ba000 	C:\WINDOWS\System32\RPCRT4.dll
0x00007ff9c78e0000 - 0x00007ff9c78e8000 	C:\WINDOWS\System32\PSAPI.DLL
0x00007ff9c1700000 - 0x00007ff9c170a000 	C:\WINDOWS\SYSTEM32\VERSION.dll
0x00007ff9c47b0000 - 0x00007ff9c47b9000 	C:\WINDOWS\SYSTEM32\WSOCK32.dll
0x00007ff9b2160000 - 0x00007ff9b2187000 	C:\WINDOWS\SYSTEM32\WINMM.dll
0x00007ff9c8030000 - 0x00007ff9c809b000 	C:\WINDOWS\System32\WS2_32.dll
0x00007ff9c4e70000 - 0x00007ff9c4e82000 	C:\WINDOWS\SYSTEM32\kernel.appcore.dll
0x00007ff9aca80000 - 0x00007ff9aca8a000 	C:\Program Files\Java\jdk-16.0.2\bin\jimage.dll
0x00007ff9a9c00000 - 0x00007ff9a9de4000 	C:\WINDOWS\SYSTEM32\DBGHELP.DLL
0x00007ff9a9850000 - 0x00007ff9a987c000 	C:\WINDOWS\SYSTEM32\dbgcore.DLL
0x00007ff9c75e0000 - 0x00007ff9c7663000 	C:\WINDOWS\System32\bcryptPrimitives.dll
0x00007ff99f6e0000 - 0x00007ff99f705000 	C:\Program Files\Java\jdk-16.0.2\bin\java.dll
0x00007ff9c83c0000 - 0x00007ff9c8aff000 	C:\WINDOWS\System32\SHELL32.dll
0x00007ff9c5070000 - 0x00007ff9c5800000 	C:\WINDOWS\SYSTEM32\windows.storage.dll
0x00007ff9c78f0000 - 0x00007ff9c7c45000 	C:\WINDOWS\System32\combase.dll
0x00007ff9c69a0000 - 0x00007ff9c69ce000 	C:\WINDOWS\SYSTEM32\Wldp.dll
0x00007ff9c7d70000 - 0x00007ff9c7e1d000 	C:\WINDOWS\System32\SHCORE.dll
0x00007ff9c7f20000 - 0x00007ff9c7f75000 	C:\WINDOWS\System32\shlwapi.dll
0x00007ff9c6e90000 - 0x00007ff9c6eaf000 	C:\WINDOWS\SYSTEM32\profapi.dll
0x00007ff99f300000 - 0x00007ff99f319000 	C:\Program Files\Java\jdk-16.0.2\bin\net.dll
0x00007ff9b8670000 - 0x00007ff9b877c000 	C:\WINDOWS\SYSTEM32\WINHTTP.dll
0x00007ff9c6700000 - 0x00007ff9c676a000 	C:\WINDOWS\system32\mswsock.dll
0x00007ff99f2e0000 - 0x00007ff99f2f3000 	C:\Program Files\Java\jdk-16.0.2\bin\nio.dll
0x00007ff99e010000 - 0x00007ff99e028000 	C:\Program Files\Java\jdk-16.0.2\bin\zip.dll
0x00007ff9922b0000 - 0x00007ff992314000 	C:\Users\Luiz\AppData\Local\Temp\lwjglLuiz\3.2.3-build-13\lwjgl.dll
0x00007ff981240000 - 0x00007ff9812a2000 	C:\Users\Luiz\AppData\Local\Temp\lwjglLuiz\3.2.3-build-13\glfw.dll
0x00007ff9c4990000 - 0x00007ff9c4a2e000 	C:\WINDOWS\system32\uxtheme.dll
0x00007ff98d170000 - 0x00007ff98d1b5000 	C:\WINDOWS\SYSTEM32\dinput8.dll
0x00007ff97de40000 - 0x00007ff97de51000 	C:\WINDOWS\SYSTEM32\xinput1_4.dll
0x00007ff9c6f50000 - 0x00007ff9c6f9e000 	C:\WINDOWS\System32\cfgmgr32.dll
0x00007ff9c6cf0000 - 0x00007ff9c6d24000 	C:\WINDOWS\SYSTEM32\DEVOBJ.dll
0x00007ff9c4c90000 - 0x00007ff9c4cbf000 	C:\WINDOWS\SYSTEM32\dwmapi.dll
0x00007ff9bab90000 - 0x00007ff9bace2000 	C:\WINDOWS\SYSTEM32\inputhost.dll
0x00007ff9c8fc0000 - 0x00007ff9c908d000 	C:\WINDOWS\System32\OLEAUT32.dll
0x00007ff9c4490000 - 0x00007ff9c4582000 	C:\WINDOWS\SYSTEM32\CoreMessaging.dll
0x00007ff9c2b10000 - 0x00007ff9c2c06000 	C:\WINDOWS\SYSTEM32\PROPSYS.dll
0x00007ff9c3a60000 - 0x00007ff9c3bb4000 	C:\WINDOWS\SYSTEM32\wintypes.dll
0x00007ff9c4130000 - 0x00007ff9c448e000 	C:\WINDOWS\SYSTEM32\CoreUIComponents.dll
0x00007ff9c5c40000 - 0x00007ff9c5c73000 	C:\WINDOWS\SYSTEM32\ntmarta.dll
0x00007ff9953f0000 - 0x00007ff995441000 	C:\Program Files (x86)\ExKode\Dxtory2.0\DxtoryHK64.dll
0x00007ff999a40000 - 0x00007ff999a6d000 	C:\Program Files (x86)\ExKode\Dxtory2.0\UWPHelper64.dll
0x00007ff9c7c50000 - 0x00007ff9c7d65000 	C:\WINDOWS\System32\MSCTF.dll
0x00007ff9c5800000 - 0x00007ff9c580d000 	C:\WINDOWS\SYSTEM32\HID.DLL
0x00007ff9c8b00000 - 0x00007ff9c8f72000 	C:\WINDOWS\System32\SETUPAPI.DLL
0x00007ff9c71b0000 - 0x00007ff9c71d7000 	C:\WINDOWS\System32\bcrypt.dll
0x00007ff9c71e0000 - 0x00007ff9c7240000 	C:\WINDOWS\System32\WINTRUST.dll
0x00007ff9c6fa0000 - 0x00007ff9c70f6000 	C:\WINDOWS\System32\CRYPT32.dll
0x00007ff9c6b30000 - 0x00007ff9c6b42000 	C:\WINDOWS\SYSTEM32\MSASN1.dll
0x00007ff99e5a0000 - 0x00007ff99e6c5000 	C:\WINDOWS\SYSTEM32\opengl32.dll
0x00007ff9c05d0000 - 0x00007ff9c05fc000 	C:\WINDOWS\SYSTEM32\GLU32.dll
0x00007ff9c7f80000 - 0x00007ff9c8029000 	C:\WINDOWS\System32\clbcatq.dll
0x00007ff966130000 - 0x00007ff968c47000 	C:\WINDOWS\System32\DriverStore\FileRepository\nv_dispi.inf_amd64_253e24b785ea60ca\nvoglv64.dll
0x00007ff9c80e0000 - 0x00007ff9c820a000 	C:\WINDOWS\System32\ole32.dll
0x00007ff9c2c70000 - 0x00007ff9c2c84000 	C:\WINDOWS\SYSTEM32\WTSAPI32.dll
0x00007ff9beb10000 - 0x00007ff9beb41000 	C:\WINDOWS\SYSTEM32\cryptnet.dll
0x00007ff9baa40000 - 0x00007ff9bab8a000 	C:\WINDOWS\SYSTEM32\drvstore.dll
0x00007ff9c6910000 - 0x00007ff9c691c000 	C:\WINDOWS\SYSTEM32\cryptbase.dll
0x00007ff9633c0000 - 0x00007ff963b9c000 	C:\Program Files (x86)\ExKode\Dxtory2.0\DxtoryCore64.dll
0x00007ff97e100000 - 0x00007ff97e219000 	C:\Program Files (x86)\ExKode\Dxtory2.0\DxtoryMM64.dll
0x00007ff9c1f20000 - 0x00007ff9c1f5b000 	C:\WINDOWS\SYSTEM32\dxcore.dll
0x00007ff97e220000 - 0x00007ff97e4e3000 	C:\WINDOWS\system32\nvspcap64.dll
0x00007ff9c64c0000 - 0x00007ff9c650b000 	C:\WINDOWS\SYSTEM32\powrprof.dll
0x00007ff9c6380000 - 0x00007ff9c6392000 	C:\WINDOWS\SYSTEM32\UMPDC.dll
0x00007ff9c5cf0000 - 0x00007ff9c5d4a000 	C:\WINDOWS\SYSTEM32\WINSTA.dll
0x00007ff9bacf0000 - 0x00007ff9bade9000 	C:\WINDOWS\SYSTEM32\textinputframework.dll
0x00007ff97e0a0000 - 0x00007ff97e0f9000 	C:\Users\Luiz\AppData\Local\Temp\lwjglLuiz\3.2.3-build-13\lwjgl_opengl.dll
0x000000006f6c0000 - 0x000000006f898000 	C:\Users\Luiz\AppData\Local\Temp\imgui-java-bin_Luiz\imgui-java64.dll
0x00007ff9c68f0000 - 0x00007ff9c6908000 	C:\WINDOWS\SYSTEM32\CRYPTSP.dll
0x00007ff9c6010000 - 0x00007ff9c6044000 	C:\WINDOWS\system32\rsaenh.dll
0x00007ff9ac790000 - 0x00007ff9ac7a0000 	C:\Program Files\Java\jdk-16.0.2\bin\verify.dll
0x00007ff97dc40000 - 0x00007ff97dcb7000 	C:\Users\Luiz\AppData\Local\Temp\lwjglLuiz\3.2.3-build-13\lwjgl_stb.dll

dbghelp: loaded successfully - version: 4.0.5 - missing functions: none
symbol engine: initialized successfully - sym options: 0x614 - pdb path: .;C:\Program Files\Java\jdk-16.0.2\bin;C:\WINDOWS\SYSTEM32;C:\WINDOWS\WinSxS\amd64_microsoft.windows.common-controls_6595b64144ccf1df_6.0.19041.1110_none_60b5254171f9507e;C:\Program Files\Java\jdk-16.0.2\bin\server;C:\Users\Luiz\AppData\Local\Temp\lwjglLuiz\3.2.3-build-13;C:\Program Files (x86)\ExKode\Dxtory2.0;C:\WINDOWS\System32\DriverStore\FileRepository\nv_dispi.inf_amd64_253e24b785ea60ca;C:\Users\Luiz\AppData\Local\Temp\imgui-java-bin_Luiz

VM Arguments:
jvm_args: -Dfile.encoding=windows-1252 -Duser.country=BR -Duser.language=pt -Duser.variant -ea 
java_command: Main
java_class_path (initial): C:\dev\MarioYoutube\build\classes\java\main;C:\dev\MarioYoutube\build\resources\main;C:\Users\Luiz\.gradle\caches\modules-2\files-2.1\org.jbox2d\jbox2d-library\2.2.1.1\4f21646d52bb51b56cbc3359c0f8fb223098ee04\jbox2d-library-2.2.1.1.jar;C:\Users\Luiz\.gradle\caches\modules-2\files-2.1\com.google.code.gson\gson\2.8.8\431fc3cbc0ff81abdbfde070062741089c3ba874\gson-2.8.8.jar;C:\Users\Luiz\.gradle\caches\modules-2\files-2.1\io.imgui.java\lwjgl3\1.77-0.17.1\926c27057933eb6000d1bcf93c396e00cf397b14\lwjgl3-1.77-0.17.1.jar;C:\Users\Luiz\.gradle\caches\modules-2\files-2.1\io.imgui.java\binding\1.77-0.17.1\7871bc35cf8b3acae98d9019bf7c59b1c0a92f10\binding-1.77-0.17.1.jar;C:\Users\Luiz\.gradle\caches\modules-2\files-2.1\org.lwjgl\lwjgl-assimp\3.2.3\f62aa07a20afbdd3097efc296c4841e0d29700eb\lwjgl-assimp-3.2.3.jar;C:\Users\Luiz\.gradle\caches\modules-2\files-2.1\org.lwjgl\lwjgl-assimp\3.2.3\4e60aeb75f0343c4a9ede4ef8b6b32ca702a00a3\lwjgl-assimp-3.2.3-natives-windows.jar;C:\Users\Luiz\.gradle\caches\modules-2\files-2.1\org.lwjgl\lwjgl-glfw\3.2.3\5e520d5c290c8b012545a8d34fa5db5ab051ea53\lwjgl-glfw-3.2.3.jar;C:\Users\Luiz\.gradle\caches\modules-2\files-2.1\org.lwjgl\lwjgl-glfw\3.2.3\b4d8a3477cdc2edcf7a5f1e822926be846223f54\lwjgl-glfw-3.2.3-natives-windows.jar;C:\Users\Luiz\.gradle\caches\modules-2\files-2.1\org.lwjgl\lwjgl-nfd\3.2.3\c44fee1043c022cf6614a28872d44cf114ca7737\lwjgl-nfd-3.2.3.jar;C:\Users\Luiz\.gradle\caches\modules-2\files-2.1\org.lwjgl\lwjgl-nfd\3.2.3\32782f5f5c57769efb82af864e70b819c77bc891\lwjgl-nfd-3.2.3-natives-windows.jar;C:\Users\Luiz\.gradle\caches\modules-2\files-2.1\org.lwjgl\lwjgl-openal\3.2.3\106742e805803ab9eab8e343f0fb31a3d263903c\lwjgl-openal-3.2.3.jar;C:\Users\Luiz\.gradle\caches\modules-2\files-2.1\org.lwjgl\lwjgl-openal\3.2.3\ec898e8ce11b5886f4f532a1536283ef2817758d\lwjgl-openal-3.2.3-natives-windows.jar;C:\Users\Luiz\.gradle\caches\modules-2\files-2.1\org.lwjgl\lwjgl-opengl\3.2.3\bdd534a323d0c8f54969b95e424b6ac8984f7d6e\lwjgl
Launcher Type: SUN_STANDARD

[Global flags]
     intx CICompilerCount                          = 4                                         {product} {ergonomic}
     uint ConcGCThreads                            = 2                                         {product} {ergonomic}
     uint G1ConcRefinementThreads                  = 8                                         {product} {ergonomic}
   size_t G1HeapRegionSize                         = 4194304                                   {product} {ergonomic}
    uintx GCDrainStackTargetSize                   = 64                                        {product} {ergonomic}
   size_t InitialHeapSize                          = 402653184                                 {product} {ergonomic}
   size_t MarkStackSize                            = 4194304                                   {product} {ergonomic}
   size_t MaxHeapSize                              = 6434062336                                {product} {ergonomic}
   size_t MaxNewSize                               = 3858759680                                {product} {ergonomic}
   size_t MinHeapDeltaBytes                        = 4194304                                   {product} {ergonomic}
   size_t MinHeapSize                              = 8388608                                   {product} {ergonomic}
    uintx NonNMethodCodeHeapSize                   = 5839372                                {pd product} {ergonomic}
    uintx NonProfiledCodeHeapSize                  = 122909434                              {pd product} {ergonomic}
    uintx ProfiledCodeHeapSize                     = 122909434                              {pd product} {ergonomic}
    uintx ReservedCodeCacheSize                    = 251658240                              {pd product} {ergonomic}
     bool SegmentedCodeCache                       = true                                      {product} {ergonomic}
   size_t SoftMaxHeapSize                          = 6434062336                             {manageable} {ergonomic}
     bool UseCompressedClassPointers               = true                           {product lp64_product} {ergonomic}
     bool UseCompressedOops                        = true                           {product lp64_product} {ergonomic}
     bool UseG1GC                                  = true                                      {product} {ergonomic}
     bool UseLargePagesIndividualAllocation        = false                                  {pd product} {ergonomic}

Logging:
Log output configuration:
 #0: stdout all=warning uptime,level,tags
 #1: stderr all=off uptime,level,tags

Environment Variables:
JAVA_HOME=C:\Program Files\Java\jdk-16.0.2
PATH=C:\Program Files (x86)\Razer Chroma SDK\bin;C:\Program Files\Razer Chroma SDK\bin;C:\Program Files (x86)\VMware\VMware Workstation\bin\;C:\Program Files (x86)\Razer\ChromaBroadcast\bin;C:\Program Files\Razer\ChromaBroadcast\bin;c:\program files (x86)\razer chroma sdk\bin;c:\program files\razer chroma sdk\bin;c:\program files (x86)\razer\chromabroadcast\bin;c:\program files\razer\chromabroadcast\bin;c:\windows\system32;c:\windows;c:\windows\system32\wbem;c:\windows\system32\windowspowershell\v1.0\;c:\windows\system32\openssh\;c:\program files\nvidia corporation\nvidia nvdlisr;c:\program files (x86)\intel\intel(r) management engine components\dal;c:\program files\intel\intel(r) management engine components\dal;c:\windows\system32\config\systemprofile\appdata\local\microsoft\windowsapps;c:\program files (x86)\toshiba\bluetooth toshiba stack\sys\;c:\program files (x86)\toshiba\bluetooth toshiba stack\sys\x64\;c:\programdata\chocolatey\bin;c:\program files\git\cmd;c:\windows\system32;c:\windows;c:\windows\system32\wbem;c:\windows\system32\windowspowershell\v1.0\;c:\windows\system32\openssh\;C:\Program Files (x86)\NVIDIA Corporation\PhysX\Common;C:\WINDOWS\system32\config\systemprofile\AppData\Local\Microsoft\WindowsApps;C:\Program Files (x86)\ATI Technologies\ATI.ACE\Core-Static;C:\Program Files\Java\jdk-16.0.2\bin;C:\Program Files\Git\cmd;C:\Users\Luiz\AppData\Local\Microsoft\WindowsApps;C:\Users\Luiz\AppData\Local\Programs\Microsoft VS Code\bin;C:\Program Files\JetBrains\IntelliJ IDEA Community Edition 2021.2.2\bin;;C:\Users\Luiz\AppData\Local\GitHubDesktop\bin
USERNAME=Luiz
OS=Windows_NT
PROCESSOR_IDENTIFIER=Intel64 Family 6 Model 158 Stepping 9, GenuineIntel



---------------  S Y S T E M  ---------------

OS:
 Windows 10 , 64 bit Build 19041 (10.0.19041.1348)
OS uptime: 0 days 3:13 hours

CPU: total 8 (initial active 8) (4 cores per cpu, 2 threads per core) family 6 model 158 stepping 9 microcode 0xb4, cx8, cmov, fxsr, ht, mmx, 3dnowpref, sse, sse2, sse3, ssse3, sse4.1, sse4.2, popcnt, lzcnt, tsc, tscinvbit, avx, avx2, aes, erms, clmul, bmi1, bmi2, rtm, adx, fma, vzeroupper, clflush, clflushopt

Memory: 4k page, system-wide physical 24534M (15990M free)
TotalPageFile size 28118M (AvailPageFile size 16760M)
current process WorkingSet (physical memory assigned to process): 130M, peak: 130M
current process commit charge ("private bytes"): 675M, peak: 677M

vm_info: OpenJDK 64-Bit Server VM (16.0.2+7-67) for windows-amd64 JRE (16.0.2+7-67), built on Jun  8 2021 23:21:43 by "mach5one" with MS VC++ 16.7 (VS2019)

END.
