#
# A fatal error has been detected by the Java Runtime Environment:
#
#  EXCEPTION_ACCESS_VIOLATION (0xc0000005) at pc=0x00007ffe66d1cf3c, pid=7196, tid=19812
#
# JRE version: OpenJDK Runtime Environment (16.0.2+7) (build 16.0.2+7-67)
# Java VM: OpenJDK 64-Bit Server VM (16.0.2+7-67, mixed mode, sharing, tiered, compressed oops, compressed class ptrs, g1 gc, windows-amd64)
# Problematic frame:
# C  [opengl32.dll+0x1cf3c]
#
# No core dump will be written. Minidumps are not enabled by default on client versions of Windows
#
# If you would like to submit a bug report, please visit:
#   https://bugreport.java.com/bugreport/crash.jsp
# The crash happened outside the Java Virtual Machine in native code.
# See problematic frame for where to report the bug.
#

---------------  S U M M A R Y ------------

Command Line: -Dfile.encoding=windows-1252 -Duser.country=BR -Duser.language=pt -Duser.variant -ea Main

Host: Intel(R) Core(TM) i7-7700K CPU @ 4.20GHz, 8 cores, 23G,  Windows 10 , 64 bit Build 19041 (10.0.19041.1202)
Time: Fri Nov  5 22:37:29 2021 Hora oficial do Brasil elapsed time: 93.477696 seconds (0d 0h 1m 33s)

---------------  T H R E A D  ---------------

Current thread (0x00000231aea82190):  JavaThread "main" [_thread_in_native, id=19812, stack(0x000000898be00000,0x000000898bf00000)]

Stack: [0x000000898be00000,0x000000898bf00000],  sp=0x000000898befd3f0,  free space=1012k
Native frames: (J=compiled Java code, j=interpreted, Vv=VM code, C=native code)
C  [opengl32.dll+0x1cf3c]

Java frames: (J=compiled Java code, j=interpreted, Vv=VM code)
J 1362  imgui.ImGui.begin(Ljava/lang/String;)Z (0 bytes) @ 0x00000231bdd36382 [0x00000231bdd36320+0x0000000000000062]
J 1493 c2 scenes.LevelEditorScene.imgui()V (274 bytes) @ 0x00000231bdd685a4 [0x00000231bdd68560+0x0000000000000044]
J 1451 c1 dl.ImGuiLayer.update(FLscenes/Scene;)V (53 bytes) @ 0x00000231b69e824c [0x00000231b69e80c0+0x000000000000018c]
J 1553 c1 dl.Window.render(D)V (141 bytes) @ 0x00000231b69fa5e4 [0x00000231b69f9d40+0x00000000000008a4]
J 1207% c2 dl.Window.loop()V (118 bytes) @ 0x00000231bdd23b58 [0x00000231bdd23ae0+0x0000000000000078]
j  dl.Window.run()V+19
j  Main.main([Ljava/lang/String;)V+5
v  ~StubRoutines::call_stub

siginfo: EXCEPTION_ACCESS_VIOLATION (0xc0000005), reading address 0x00007ffe00000001


Register to memory mapping:

RIP=0x00007ffe66d1cf3c opengl32.dll
RAX=0x00007ffe00000001 is an unknown value
RBX=0x0000000000010001 is an unknown value
RCX=0x0 is NULL
RDX=0x00000000fffffffd is an unknown value
RSP=0x000000898befd3f0 is pointing into the stack for thread: 0x00000231aea82190
RBP=0x00007ffe66df8a90 opengl32.dll
RSI=0x00007ffe66df8000 opengl32.dll
RDI=0x00000231d7772e10 points into unknown readable memory: 0x0000000000000003 | 03 00 00 00 00 00 00 00
R8 =0x00000231d8747ed8 points into unknown readable memory: 0x0000000000005643 | 43 56 00 00 00 00 00 00
R9 =0x00007ffe00000001 is an unknown value
R10=0x00000231dad5899c points into unknown readable memory: 00 00 00 00
R11=0x000000898befd2f8 is pointing into the stack for thread: 0x00000231aea82190
R12=0x0000000000004d64 is an unknown value
R13=0x0 is NULL
R14=0x0 is NULL
R15=0x000000898befd460 is pointing into the stack for thread: 0x00000231aea82190


Registers:
RAX=0x00007ffe00000001, RBX=0x0000000000010001, RCX=0x0000000000000000, RDX=0x00000000fffffffd
RSP=0x000000898befd3f0, RBP=0x00007ffe66df8a90, RSI=0x00007ffe66df8000, RDI=0x00000231d7772e10
R8 =0x00000231d8747ed8, R9 =0x00007ffe00000001, R10=0x00000231dad5899c, R11=0x000000898befd2f8
R12=0x0000000000004d64, R13=0x0000000000000000, R14=0x0000000000000000, R15=0x000000898befd460
RIP=0x00007ffe66d1cf3c, EFLAGS=0x0000000000010202

Top of Stack: (sp=0x000000898befd3f0)
0x000000898befd3f0:   ffffffff8a010aaa 00000231d7772e10
0x000000898befd400:   00007ffe66d1cac0 0000000000000001
0x000000898befd410:   0000000000000001 00000231dd815ea8
0x000000898befd420:   0000000000000003 00007ffe2dbb42e0
0x000000898befd430:   ffffffff8a010aaa 00007ffe66d1d213
0x000000898befd440:   0000000000000003 0000000000010001
0x000000898befd450:   000000000000000c 000000898befd470
0x000000898befd460:   0000000000000001 00000000006f07e0
0x000000898befd470:   ffffffff8a010aaa 0000000000000000
0x000000898befd480:   ffffffff8a010aaa 00007ffe2db06b63
0x000000898befd490:   00000231d74125c0 00000231d742a9b0
0x000000898befd4a0:   00000231d74125c0 000000898befd7a0
0x000000898befd4b0:   000000898befd5c0 00007ffe8a58aced
0x000000898befd4c0:   0000000000000000 0000000000000000
0x000000898befd4d0:   000000898befd7a0 00000000000044a4
0x000000898befd4e0:   000000898befd5f0 0000000000000000 

Instructions: (pc=0x00007ffe66d1cf3c)
0x00007ffe66d1ce3c:   65 48 8b 04 25 30 00 00 00 4c 39 a8 40 12 00 00
0x00007ffe66d1ce4c:   74 09 e8 c9 03 00 00 85 c0 74 cf 3b 6f 10 74 50
0x00007ffe66d1ce5c:   b9 d0 07 00 00 48 ff 15 d0 40 0c 00 0f 1f 44 00
0x00007ffe66d1ce6c:   00 48 8b cb e8 cf fb ff ff 65 48 8b 04 25 30 00
0x00007ffe66d1ce7c:   00 00 4c 39 a8 40 12 00 00 74 05 e8 90 03 00 00
0x00007ffe66d1ce8c:   33 c0 48 8b 5c 24 50 48 8b 6c 24 58 48 8b 74 24
0x00007ffe66d1ce9c:   60 48 83 c4 20 41 5f 41 5e 41 5d 41 5c 5f c3 cc
0x00007ffe66d1ceac:   8b 17 48 8d 2d db bb 0d 00 48 8d 35 44 b1 0d 00
0x00007ffe66d1cebc:   85 d2 75 57 44 39 6f 68 45 8b c5 49 8b d6 49 8b
0x00007ffe66d1cecc:   cf 41 0f 95 c0 e8 8e 61 00 00 85 c0 74 93 44 39
0x00007ffe66d1cedc:   6f 70 74 10 4c 8d 0d 79 2e 0e 00 48 8d 15 12 39
0x00007ffe66d1ceec:   0e 00 eb 7d 65 48 8b 04 25 30 00 00 00 48 8d 15
0x00007ffe66d1cefc:   18 c6 0d 00 4c 8b ce 48 8b 88 28 12 00 00 44 38
0x00007ffe66d1cf0c:   a9 f9 05 00 00 4c 0f 44 cd eb 56 48 8b 47 20 4c
0x00007ffe66d1cf1c:   8d 05 9e fb ff ff 49 8b 4f 10 48 8b 40 20 ff 15
0x00007ffe66d1cf2c:   f8 44 0c 00 4c 8b c8 48 85 c0 0f 84 31 ff ff ff
0x00007ffe66d1cf3c:   81 38 32 01 00 00 74 22 81 38 50 01 00 00 74 1a
0x00007ffe66d1cf4c:   48 8b 47 20 8b 0f 48 8b 40 28 ff 15 cc 44 0c 00
0x00007ffe66d1cf5c:   b9 d1 07 00 00 e9 fb fe ff ff 48 8d 15 63 c7 0d
0x00007ffe66d1cf6c:   00 44 89 67 18 41 b8 01 00 00 00 41 0f 10 07 49
0x00007ffe66d1cf7c:   8b c9 0f 11 47 28 41 0f 10 4f 10 0f 11 4f 38 65
0x00007ffe66d1cf8c:   48 8b 04 25 30 00 00 00 48 89 b8 40 12 00 00 e8
0x00007ffe66d1cf9c:   8c f0 ff ff 44 39 6f 70 74 3d 65 48 8b 04 25 30
0x00007ffe66d1cfac:   00 00 00 8b 4f 68 48 8b 98 28 12 00 00 48 8b 05
0x00007ffe66d1cfbc:   b0 ed 0d 00 ff 15 62 44 0c 00 44 38 ab f9 05 00
0x00007ffe66d1cfcc:   00 48 8d 15 44 c5 0d 00 48 0f 44 f5 45 33 c0 48
0x00007ffe66d1cfdc:   8b ce e8 49 f0 ff ff 65 48 8b 14 25 30 00 00 00
0x00007ffe66d1cfec:   48 81 c2 38 11 00 00 44 89 2a 44 39 2f 0f 85 86
0x00007ffe66d1cffc:   00 00 00 65 48 8b 04 25 30 00 00 00 4c 8b 80 28
0x00007ffe66d1d00c:   12 00 00 49 8b 80 b8 18 00 00 48 89 42 40 49 8b
0x00007ffe66d1d01c:   80 b8 18 00 00 48 89 42 48 41 8b 80 c0 18 00 00
0x00007ffe66d1d02c:   ff c8 48 69 c8 c8 00 00 00 49 03 88 b8 18 00 00 


Stack slot to memory mapping:
stack at sp + 0 slots: 0xffffffff8a010aaa is an unknown value
stack at sp + 1 slots: 0x00000231d7772e10 points into unknown readable memory: 0x0000000000000003 | 03 00 00 00 00 00 00 00
stack at sp + 2 slots: 0x00007ffe66d1cac0 opengl32.dll
stack at sp + 3 slots: 0x0000000000000001 is an unknown value
stack at sp + 4 slots: 0x0000000000000001 is an unknown value
stack at sp + 5 slots: 0x00000231dd815ea8 points into unknown readable memory: 0x88001127d0b95319 | 19 53 b9 d0 27 11 00 88
stack at sp + 6 slots: 0x0000000000000003 is an unknown value
stack at sp + 7 slots: 0x00007ffe2dbb42e0 DxtoryCore64.dll


---------------  P R O C E S S  ---------------

Threads class SMR info:
_java_thread_list=0x00000231dd7e7fc0, length=12, elements={
0x00000231aea82190, 0x00000231d62a3990, 0x00000231d62a4760, 0x00000231d62b8490,
0x00000231d62b8fa0, 0x00000231d62bcce0, 0x00000231d62c00c0, 0x00000231d62d05c0,
0x00000231d62d8fd0, 0x00000231d62efd50, 0x00000231d62c0610, 0x00000231d62be630
}

Java Threads: ( => current thread )
=>0x00000231aea82190 JavaThread "main" [_thread_in_native, id=19812, stack(0x000000898be00000,0x000000898bf00000)]
  0x00000231d62a3990 JavaThread "Reference Handler" daemon [_thread_blocked, id=2280, stack(0x000000898c500000,0x000000898c600000)]
  0x00000231d62a4760 JavaThread "Finalizer" daemon [_thread_blocked, id=11876, stack(0x000000898c600000,0x000000898c700000)]
  0x00000231d62b8490 JavaThread "Signal Dispatcher" daemon [_thread_blocked, id=7692, stack(0x000000898c700000,0x000000898c800000)]
  0x00000231d62b8fa0 JavaThread "Attach Listener" daemon [_thread_blocked, id=4860, stack(0x000000898c800000,0x000000898c900000)]
  0x00000231d62bcce0 JavaThread "Service Thread" daemon [_thread_blocked, id=6040, stack(0x000000898c900000,0x000000898ca00000)]
  0x00000231d62c00c0 JavaThread "Monitor Deflation Thread" daemon [_thread_blocked, id=9160, stack(0x000000898ca00000,0x000000898cb00000)]
  0x00000231d62d05c0 JavaThread "C2 CompilerThread0" daemon [_thread_blocked, id=12128, stack(0x000000898cb00000,0x000000898cc00000)]
  0x00000231d62d8fd0 JavaThread "C1 CompilerThread0" daemon [_thread_blocked, id=19780, stack(0x000000898cc00000,0x000000898cd00000)]
  0x00000231d62efd50 JavaThread "Sweeper thread" daemon [_thread_blocked, id=10392, stack(0x000000898cd00000,0x000000898ce00000)]
  0x00000231d62c0610 JavaThread "Notification Thread" daemon [_thread_blocked, id=12236, stack(0x000000898ce00000,0x000000898cf00000)]
  0x00000231d62be630 JavaThread "Common-Cleaner" daemon [_thread_blocked, id=9824, stack(0x000000898d000000,0x000000898d100000)]

Other Threads:
  0x00000231d62a0e40 VMThread "VM Thread" [stack: 0x000000898c400000,0x000000898c500000] [id=10592]
  0x00000231d6e1d6e0 WatcherThread [stack: 0x000000898cf00000,0x000000898d000000] [id=7452]
  0x00000231aeadf640 GCTaskThread "GC Thread#0" [stack: 0x000000898bf00000,0x000000898c000000] [id=1560]
  0x00000231dd3a9420 GCTaskThread "GC Thread#1" [stack: 0x000000898dc00000,0x000000898dd00000] [id=7904]
  0x00000231dd3a87e0 GCTaskThread "GC Thread#2" [stack: 0x000000898dd00000,0x000000898de00000] [id=13464]
  0x00000231dd3a8e00 GCTaskThread "GC Thread#3" [stack: 0x000000898de00000,0x000000898df00000] [id=11732]
  0x00000231dd3a9110 GCTaskThread "GC Thread#4" [stack: 0x000000898df00000,0x000000898e000000] [id=19828]
  0x00000231dd3a9730 GCTaskThread "GC Thread#5" [stack: 0x000000898e000000,0x000000898e100000] [id=15116]
  0x00000231dd3a9a40 GCTaskThread "GC Thread#6" [stack: 0x000000898e100000,0x000000898e200000] [id=8268]
  0x00000231dd3a9d50 GCTaskThread "GC Thread#7" [stack: 0x000000898e200000,0x000000898e300000] [id=13108]
  0x00000231aeaed4f0 ConcurrentGCThread "G1 Main Marker" [stack: 0x000000898c000000,0x000000898c100000] [id=14080]
  0x00000231aeaee610 ConcurrentGCThread "G1 Conc#0" [stack: 0x000000898c100000,0x000000898c200000] [id=10680]
  0x00000231aeb5e510 ConcurrentGCThread "G1 Refine#0" [stack: 0x000000898c200000,0x000000898c300000] [id=10448]
  0x00000231d61540c0 ConcurrentGCThread "G1 Service" [stack: 0x000000898c300000,0x000000898c400000] [id=3360]

Threads with active compile tasks:

VM state: not at safepoint (normal execution)

VM Mutex/Monitor currently owned by a thread: None

Heap address: 0x0000000681400000, size: 6124 MB, Compressed Oops mode: Zero based, Oop shift amount: 3

CDS archive(s) mapped at: [0x0000000800000000-0x0000000800bb0000-0x0000000800bb0000), size 12255232, SharedBaseAddress: 0x0000000800000000, ArchiveRelocationMode: 0.
Compressed class space mapped at: 0x0000000800c00000-0x0000000840c00000, reserved size: 1073741824
Narrow klass base: 0x0000000800000000, Narrow klass shift: 3, Narrow klass range: 0x100000000

GC Precious Log:
 CPUs: 8 total, 8 available
 Memory: 24494M
 Large Page Support: Disabled
 NUMA Support: Disabled
 Compressed Oops: Enabled (Zero based)
 Heap Region Size: 4M
 Heap Min Capacity: 8M
 Heap Initial Capacity: 384M
 Heap Max Capacity: 6124M
 Pre-touch: Disabled
 Parallel Workers: 8
 Concurrent Workers: 2
 Concurrent Refinement Workers: 8
 Periodic GC: Disabled

Heap:
 garbage-first heap   total 393216K, used 48725K [0x0000000681400000, 0x0000000800000000)
  region size 4096K, 13 young (53248K), 1 survivors (4096K)
 Metaspace       used 9544K, committed 9792K, reserved 1064960K
  class space    used 526K, committed 640K, reserved 1048576K

Heap Regions: E=young(eden), S=young(survivor), O=old, HS=humongous(starts), HC=humongous(continues), CS=collection set, F=free, OA=open archive, CA=closed archive, TAMS=top-at-mark-start (previous, next)
|   0|0x0000000681400000, 0x0000000681400000, 0x0000000681800000|  0%| F|  |TAMS 0x0000000681400000, 0x0000000681400000| Untracked 
|   1|0x0000000681800000, 0x0000000681800000, 0x0000000681c00000|  0%| F|  |TAMS 0x0000000681800000, 0x0000000681800000| Untracked 
|   2|0x0000000681c00000, 0x0000000681c00000, 0x0000000682000000|  0%| F|  |TAMS 0x0000000681c00000, 0x0000000681c00000| Untracked 
|   3|0x0000000682000000, 0x0000000682000000, 0x0000000682400000|  0%| F|  |TAMS 0x0000000682000000, 0x0000000682000000| Untracked 
|   4|0x0000000682400000, 0x0000000682400000, 0x0000000682800000|  0%| F|  |TAMS 0x0000000682400000, 0x0000000682400000| Untracked 
|   5|0x0000000682800000, 0x0000000682800000, 0x0000000682c00000|  0%| F|  |TAMS 0x0000000682800000, 0x0000000682800000| Untracked 
|   6|0x0000000682c00000, 0x0000000682c00000, 0x0000000683000000|  0%| F|  |TAMS 0x0000000682c00000, 0x0000000682c00000| Untracked 
|   7|0x0000000683000000, 0x0000000683000000, 0x0000000683400000|  0%| F|  |TAMS 0x0000000683000000, 0x0000000683000000| Untracked 
|   8|0x0000000683400000, 0x0000000683400000, 0x0000000683800000|  0%| F|  |TAMS 0x0000000683400000, 0x0000000683400000| Untracked 
|   9|0x0000000683800000, 0x0000000683800000, 0x0000000683c00000|  0%| F|  |TAMS 0x0000000683800000, 0x0000000683800000| Untracked 
|  10|0x0000000683c00000, 0x0000000683c00000, 0x0000000684000000|  0%| F|  |TAMS 0x0000000683c00000, 0x0000000683c00000| Untracked 
|  11|0x0000000684000000, 0x0000000684000000, 0x0000000684400000|  0%| F|  |TAMS 0x0000000684000000, 0x0000000684000000| Untracked 
|  12|0x0000000684400000, 0x0000000684400000, 0x0000000684800000|  0%| F|  |TAMS 0x0000000684400000, 0x0000000684400000| Untracked 
|  13|0x0000000684800000, 0x0000000684800000, 0x0000000684c00000|  0%| F|  |TAMS 0x0000000684800000, 0x0000000684800000| Untracked 
|  14|0x0000000684c00000, 0x0000000684c00000, 0x0000000685000000|  0%| F|  |TAMS 0x0000000684c00000, 0x0000000684c00000| Untracked 
|  15|0x0000000685000000, 0x0000000685000000, 0x0000000685400000|  0%| F|  |TAMS 0x0000000685000000, 0x0000000685000000| Untracked 
|  16|0x0000000685400000, 0x0000000685400000, 0x0000000685800000|  0%| F|  |TAMS 0x0000000685400000, 0x0000000685400000| Untracked 
|  17|0x0000000685800000, 0x0000000685800000, 0x0000000685c00000|  0%| F|  |TAMS 0x0000000685800000, 0x0000000685800000| Untracked 
|  18|0x0000000685c00000, 0x0000000685c00000, 0x0000000686000000|  0%| F|  |TAMS 0x0000000685c00000, 0x0000000685c00000| Untracked 
|  19|0x0000000686000000, 0x0000000686000000, 0x0000000686400000|  0%| F|  |TAMS 0x0000000686000000, 0x0000000686000000| Untracked 
|  20|0x0000000686400000, 0x0000000686400000, 0x0000000686800000|  0%| F|  |TAMS 0x0000000686400000, 0x0000000686400000| Untracked 
|  21|0x0000000686800000, 0x0000000686800000, 0x0000000686c00000|  0%| F|  |TAMS 0x0000000686800000, 0x0000000686800000| Untracked 
|  22|0x0000000686c00000, 0x0000000686c00000, 0x0000000687000000|  0%| F|  |TAMS 0x0000000686c00000, 0x0000000686c00000| Untracked 
|  23|0x0000000687000000, 0x0000000687000000, 0x0000000687400000|  0%| F|  |TAMS 0x0000000687000000, 0x0000000687000000| Untracked 
|  24|0x0000000687400000, 0x0000000687400000, 0x0000000687800000|  0%| F|  |TAMS 0x0000000687400000, 0x0000000687400000| Untracked 
|  25|0x0000000687800000, 0x0000000687800000, 0x0000000687c00000|  0%| F|  |TAMS 0x0000000687800000, 0x0000000687800000| Untracked 
|  26|0x0000000687c00000, 0x0000000687c00000, 0x0000000688000000|  0%| F|  |TAMS 0x0000000687c00000, 0x0000000687c00000| Untracked 
|  27|0x0000000688000000, 0x0000000688000000, 0x0000000688400000|  0%| F|  |TAMS 0x0000000688000000, 0x0000000688000000| Untracked 
|  28|0x0000000688400000, 0x0000000688400000, 0x0000000688800000|  0%| F|  |TAMS 0x0000000688400000, 0x0000000688400000| Untracked 
|  29|0x0000000688800000, 0x0000000688800000, 0x0000000688c00000|  0%| F|  |TAMS 0x0000000688800000, 0x0000000688800000| Untracked 
|  30|0x0000000688c00000, 0x0000000688c00000, 0x0000000689000000|  0%| F|  |TAMS 0x0000000688c00000, 0x0000000688c00000| Untracked 
|  31|0x0000000689000000, 0x0000000689000000, 0x0000000689400000|  0%| F|  |TAMS 0x0000000689000000, 0x0000000689000000| Untracked 
|  32|0x0000000689400000, 0x0000000689400000, 0x0000000689800000|  0%| F|  |TAMS 0x0000000689400000, 0x0000000689400000| Untracked 
|  33|0x0000000689800000, 0x0000000689800000, 0x0000000689c00000|  0%| F|  |TAMS 0x0000000689800000, 0x0000000689800000| Untracked 
|  34|0x0000000689c00000, 0x0000000689c00000, 0x000000068a000000|  0%| F|  |TAMS 0x0000000689c00000, 0x0000000689c00000| Untracked 
|  35|0x000000068a000000, 0x000000068a000000, 0x000000068a400000|  0%| F|  |TAMS 0x000000068a000000, 0x000000068a000000| Untracked 
|  36|0x000000068a400000, 0x000000068a400000, 0x000000068a800000|  0%| F|  |TAMS 0x000000068a400000, 0x000000068a400000| Untracked 
|  37|0x000000068a800000, 0x000000068a800000, 0x000000068ac00000|  0%| F|  |TAMS 0x000000068a800000, 0x000000068a800000| Untracked 
|  38|0x000000068ac00000, 0x000000068ac00000, 0x000000068b000000|  0%| F|  |TAMS 0x000000068ac00000, 0x000000068ac00000| Untracked 
|  39|0x000000068b000000, 0x000000068b000000, 0x000000068b400000|  0%| F|  |TAMS 0x000000068b000000, 0x000000068b000000| Untracked 
|  40|0x000000068b400000, 0x000000068b400000, 0x000000068b800000|  0%| F|  |TAMS 0x000000068b400000, 0x000000068b400000| Untracked 
|  41|0x000000068b800000, 0x000000068b800000, 0x000000068bc00000|  0%| F|  |TAMS 0x000000068b800000, 0x000000068b800000| Untracked 
|  42|0x000000068bc00000, 0x000000068bc00000, 0x000000068c000000|  0%| F|  |TAMS 0x000000068bc00000, 0x000000068bc00000| Untracked 
|  43|0x000000068c000000, 0x000000068c000000, 0x000000068c400000|  0%| F|  |TAMS 0x000000068c000000, 0x000000068c000000| Untracked 
|  44|0x000000068c400000, 0x000000068c400000, 0x000000068c800000|  0%| F|  |TAMS 0x000000068c400000, 0x000000068c400000| Untracked 
|  45|0x000000068c800000, 0x000000068c800000, 0x000000068cc00000|  0%| F|  |TAMS 0x000000068c800000, 0x000000068c800000| Untracked 
|  46|0x000000068cc00000, 0x000000068cc00000, 0x000000068d000000|  0%| F|  |TAMS 0x000000068cc00000, 0x000000068cc00000| Untracked 
|  47|0x000000068d000000, 0x000000068d000000, 0x000000068d400000|  0%| F|  |TAMS 0x000000068d000000, 0x000000068d000000| Untracked 
|  48|0x000000068d400000, 0x000000068d400000, 0x000000068d800000|  0%| F|  |TAMS 0x000000068d400000, 0x000000068d400000| Untracked 
|  49|0x000000068d800000, 0x000000068d800000, 0x000000068dc00000|  0%| F|  |TAMS 0x000000068d800000, 0x000000068d800000| Untracked 
|  50|0x000000068dc00000, 0x000000068dc00000, 0x000000068e000000|  0%| F|  |TAMS 0x000000068dc00000, 0x000000068dc00000| Untracked 
|  51|0x000000068e000000, 0x000000068e000000, 0x000000068e400000|  0%| F|  |TAMS 0x000000068e000000, 0x000000068e000000| Untracked 
|  52|0x000000068e400000, 0x000000068e400000, 0x000000068e800000|  0%| F|  |TAMS 0x000000068e400000, 0x000000068e400000| Untracked 
|  53|0x000000068e800000, 0x000000068e800000, 0x000000068ec00000|  0%| F|  |TAMS 0x000000068e800000, 0x000000068e800000| Untracked 
|  54|0x000000068ec00000, 0x000000068ec00000, 0x000000068f000000|  0%| F|  |TAMS 0x000000068ec00000, 0x000000068ec00000| Untracked 
|  55|0x000000068f000000, 0x000000068f000000, 0x000000068f400000|  0%| F|  |TAMS 0x000000068f000000, 0x000000068f000000| Untracked 
|  56|0x000000068f400000, 0x000000068f400000, 0x000000068f800000|  0%| F|  |TAMS 0x000000068f400000, 0x000000068f400000| Untracked 
|  57|0x000000068f800000, 0x000000068f800000, 0x000000068fc00000|  0%| F|  |TAMS 0x000000068f800000, 0x000000068f800000| Untracked 
|  58|0x000000068fc00000, 0x000000068fc00000, 0x0000000690000000|  0%| F|  |TAMS 0x000000068fc00000, 0x000000068fc00000| Untracked 
|  59|0x0000000690000000, 0x0000000690000000, 0x0000000690400000|  0%| F|  |TAMS 0x0000000690000000, 0x0000000690000000| Untracked 
|  60|0x0000000690400000, 0x0000000690400000, 0x0000000690800000|  0%| F|  |TAMS 0x0000000690400000, 0x0000000690400000| Untracked 
|  61|0x0000000690800000, 0x0000000690800000, 0x0000000690c00000|  0%| F|  |TAMS 0x0000000690800000, 0x0000000690800000| Untracked 
|  62|0x0000000690c00000, 0x0000000690c00000, 0x0000000691000000|  0%| F|  |TAMS 0x0000000690c00000, 0x0000000690c00000| Untracked 
|  63|0x0000000691000000, 0x0000000691000000, 0x0000000691400000|  0%| F|  |TAMS 0x0000000691000000, 0x0000000691000000| Untracked 
|  64|0x0000000691400000, 0x0000000691400000, 0x0000000691800000|  0%| F|  |TAMS 0x0000000691400000, 0x0000000691400000| Untracked 
|  65|0x0000000691800000, 0x0000000691800000, 0x0000000691c00000|  0%| F|  |TAMS 0x0000000691800000, 0x0000000691800000| Untracked 
|  66|0x0000000691c00000, 0x0000000691c00000, 0x0000000692000000|  0%| F|  |TAMS 0x0000000691c00000, 0x0000000691c00000| Untracked 
|  67|0x0000000692000000, 0x0000000692000000, 0x0000000692400000|  0%| F|  |TAMS 0x0000000692000000, 0x0000000692000000| Untracked 
|  68|0x0000000692400000, 0x0000000692400000, 0x0000000692800000|  0%| F|  |TAMS 0x0000000692400000, 0x0000000692400000| Untracked 
|  69|0x0000000692800000, 0x0000000692800000, 0x0000000692c00000|  0%| F|  |TAMS 0x0000000692800000, 0x0000000692800000| Untracked 
|  70|0x0000000692c00000, 0x0000000692c00000, 0x0000000693000000|  0%| F|  |TAMS 0x0000000692c00000, 0x0000000692c00000| Untracked 
|  71|0x0000000693000000, 0x0000000693000000, 0x0000000693400000|  0%| F|  |TAMS 0x0000000693000000, 0x0000000693000000| Untracked 
|  72|0x0000000693400000, 0x0000000693400000, 0x0000000693800000|  0%| F|  |TAMS 0x0000000693400000, 0x0000000693400000| Untracked 
|  73|0x0000000693800000, 0x0000000693800000, 0x0000000693c00000|  0%| F|  |TAMS 0x0000000693800000, 0x0000000693800000| Untracked 
|  74|0x0000000693c00000, 0x0000000693c00000, 0x0000000694000000|  0%| F|  |TAMS 0x0000000693c00000, 0x0000000693c00000| Untracked 
|  75|0x0000000694000000, 0x0000000694000000, 0x0000000694400000|  0%| F|  |TAMS 0x0000000694000000, 0x0000000694000000| Untracked 
|  76|0x0000000694400000, 0x0000000694400000, 0x0000000694800000|  0%| F|  |TAMS 0x0000000694400000, 0x0000000694400000| Untracked 
|  77|0x0000000694800000, 0x0000000694800000, 0x0000000694c00000|  0%| F|  |TAMS 0x0000000694800000, 0x0000000694800000| Untracked 
|  78|0x0000000694c00000, 0x0000000694c00000, 0x0000000695000000|  0%| F|  |TAMS 0x0000000694c00000, 0x0000000694c00000| Untracked 
|  79|0x0000000695000000, 0x0000000695000000, 0x0000000695400000|  0%| F|  |TAMS 0x0000000695000000, 0x0000000695000000| Untracked 
|  80|0x0000000695400000, 0x0000000695400000, 0x0000000695800000|  0%| F|  |TAMS 0x0000000695400000, 0x0000000695400000| Untracked 
|  81|0x0000000695800000, 0x0000000695800000, 0x0000000695c00000|  0%| F|  |TAMS 0x0000000695800000, 0x0000000695800000| Untracked 
|  82|0x0000000695c00000, 0x0000000695c00000, 0x0000000696000000|  0%| F|  |TAMS 0x0000000695c00000, 0x0000000695c00000| Untracked 
|  83|0x0000000696000000, 0x0000000696200800, 0x0000000696400000| 50%| E|  |TAMS 0x0000000696000000, 0x0000000696000000| Complete 
|  84|0x0000000696400000, 0x0000000696800000, 0x0000000696800000|100%| E|CS|TAMS 0x0000000696400000, 0x0000000696400000| Complete 
|  85|0x0000000696800000, 0x0000000696c00000, 0x0000000696c00000|100%| E|CS|TAMS 0x0000000696800000, 0x0000000696800000| Complete 
|  86|0x0000000696c00000, 0x0000000696f95538, 0x0000000697000000| 89%| S|CS|TAMS 0x0000000696c00000, 0x0000000696c00000| Complete 
|  87|0x0000000697000000, 0x0000000697400000, 0x0000000697400000|100%| E|CS|TAMS 0x0000000697000000, 0x0000000697000000| Complete 
|  88|0x0000000697400000, 0x0000000697800000, 0x0000000697800000|100%| E|CS|TAMS 0x0000000697400000, 0x0000000697400000| Complete 
|  89|0x0000000697800000, 0x0000000697c00000, 0x0000000697c00000|100%| E|CS|TAMS 0x0000000697800000, 0x0000000697800000| Complete 
|  90|0x0000000697c00000, 0x0000000698000000, 0x0000000698000000|100%| E|CS|TAMS 0x0000000697c00000, 0x0000000697c00000| Complete 
|  91|0x0000000698000000, 0x0000000698400000, 0x0000000698400000|100%| E|CS|TAMS 0x0000000698000000, 0x0000000698000000| Complete 
|  92|0x0000000698400000, 0x0000000698800000, 0x0000000698800000|100%| E|CS|TAMS 0x0000000698400000, 0x0000000698400000| Complete 
|  93|0x0000000698800000, 0x0000000698c00000, 0x0000000698c00000|100%| E|CS|TAMS 0x0000000698800000, 0x0000000698800000| Complete 
|  94|0x0000000698c00000, 0x0000000699000000, 0x0000000699000000|100%| E|CS|TAMS 0x0000000698c00000, 0x0000000698c00000| Complete 
|  95|0x0000000699000000, 0x0000000699400000, 0x0000000699400000|100%| E|CS|TAMS 0x0000000699000000, 0x0000000699000000| Complete 

Card table byte_map: [0x00000231c6120000,0x00000231c6d20000] _byte_map_base: 0x00000231c2d16000

Marking Bits (Prev, Next): (CMBitMap*) 0x00000231aeae0bd0, (CMBitMap*) 0x00000231aeae0c10
 Prev Bits: [0x00000231c7920000, 0x00000231cd8d0000)
 Next Bits: [0x00000231cd8d0000, 0x00000231d3880000)

Polling page: 0x00000231ae260000

Metaspace:

Usage:
  Non-class:      8.81 MB used.
      Class:    526.55 KB used.
       Both:      9.32 MB used.

Virtual space:
  Non-class space:       16.00 MB reserved,       8.94 MB ( 56%) committed,  2 nodes.
      Class space:        1.00 GB reserved,     640.00 KB ( <1%) committed,  1 nodes.
              Both:        1.02 GB reserved,       9.56 MB ( <1%) committed. 

Chunk freelists:
   Non-Class:  1.05 MB
       Class:  3.33 MB
        Both:  4.37 MB

MaxMetaspaceSize: 17179869184.00 GB
CompressedClassSpaceSize: 1.00 GB
 - commit_granule_bytes: 65536.
 - commit_granule_words: 8192.
 - virtual_space_node_default_size: 1048576.
 - enlarge_chunks_in_place: 1.
 - new_chunks_are_fully_committed: 0.
 - uncommit_free_chunks: 1.
 - use_allocation_guard: 0.
 - handle_deallocations: 1.


Internal statistics:

num_allocs_failed_limit: 0.
num_arena_births: 134.
num_arena_deaths: 0.
num_vsnodes_births: 3.
num_vsnodes_deaths: 0.
num_space_committed: 151.
num_space_uncommitted: 0.
num_chunks_returned_to_freelist: 0.
num_chunks_taken_from_freelist: 424.
num_chunk_merges: 0.
num_chunk_splits: 318.
num_chunks_enlarged: 254.
num_purges: 0.

CodeHeap 'non-profiled nmethods': size=120000Kb used=816Kb max_used=816Kb free=119183Kb
 bounds [0x00000231bdcc0000, 0x00000231bdf30000, 0x00000231c51f0000]
CodeHeap 'profiled nmethods': size=120000Kb used=2486Kb max_used=2486Kb free=117513Kb
 bounds [0x00000231b6790000, 0x00000231b6a00000, 0x00000231bdcc0000]
CodeHeap 'non-nmethods': size=5760Kb used=1819Kb max_used=1855Kb free=3940Kb
 bounds [0x00000231b61f0000, 0x00000231b6460000, 0x00000231b6790000]
 total_blobs=2872 nmethods=1563 adapters=1222
 compilation: enabled
              stopped_count=0, restarted_count=0
 full_count=0

Compilation events (20 events):
Event: 90.905 Thread 0x00000231d62d8fd0 1554       3       renderer.PickingTexture::enableWriting (10 bytes)
Event: 90.905 Thread 0x00000231d62d8fd0 nmethod 1554 0x00000231b69fb110 code [0x00000231b69fb2c0, 0x00000231b69fb468]
Event: 90.905 Thread 0x00000231d62d8fd0 1555       3       renderer.PickingTexture::disableWriting (7 bytes)
Event: 90.905 Thread 0x00000231d62d8fd0 nmethod 1555 0x00000231b69fb590 code [0x00000231b69fb740, 0x00000231b69fb8e8]
Event: 90.905 Thread 0x00000231d62d8fd0 1556       3       renderer.Framebuffer::bind (10 bytes)
Event: 90.905 Thread 0x00000231d62d8fd0 nmethod 1556 0x00000231b69fba10 code [0x00000231b69fbbc0, 0x00000231b69fbd68]
Event: 90.905 Thread 0x00000231d62d8fd0 1557       3       renderer.Framebuffer::unbind (7 bytes)
Event: 90.905 Thread 0x00000231d62d8fd0 nmethod 1557 0x00000231b69fbe90 code [0x00000231b69fc040, 0x00000231b69fc1e8]
Event: 91.388 Thread 0x00000231d62d05c0 1558       4       java.util.stream.Sink$ChainedReference::cancellationRequested (10 bytes)
Event: 91.389 Thread 0x00000231d62d05c0 nmethod 1558 0x00000231bdd8a790 code [0x00000231bdd8a920, 0x00000231bdd8a9d8]
Event: 91.405 Thread 0x00000231d62d05c0 1559       4       java.util.ArrayList$ArrayListSpliterator::tryAdvance (79 bytes)
Event: 91.406 Thread 0x00000231d62d05c0 nmethod 1559 0x00000231bdd8aa90 code [0x00000231bdd8ac40, 0x00000231bdd8ae98]
Event: 91.472 Thread 0x00000231d62d8fd0 1560       3       java.util.stream.StreamOpFlag::fromCharacteristics (37 bytes)
Event: 91.472 Thread 0x00000231d62d8fd0 nmethod 1560 0x00000231b69fc310 code [0x00000231b69fc4e0, 0x00000231b69fc818]
Event: 91.472 Thread 0x00000231d62d8fd0 1561       3       java.util.stream.AbstractPipeline::<init> (55 bytes)
Event: 91.472 Thread 0x00000231d62d8fd0 nmethod 1561 0x00000231b69fc910 code [0x00000231b69fcac0, 0x00000231b69fcdb8]
Event: 91.472 Thread 0x00000231d62d8fd0 1562       3       java.util.stream.AbstractPipeline::<init> (91 bytes)
Event: 91.472 Thread 0x00000231d62d8fd0 nmethod 1562 0x00000231b69fce90 code [0x00000231b69fd080, 0x00000231b69fd718]
Event: 92.638 Thread 0x00000231d62d05c0 1563       4       editor.GameViewWindow::imgui (173 bytes)
Event: 92.642 Thread 0x00000231d62d05c0 nmethod 1563 0x00000231bdd8b190 code [0x00000231bdd8b420, 0x00000231bdd8ba98]

GC Heap History (4 events):
Event: 0.675 GC heap before
{Heap before GC invocations=0 (full 0):
 garbage-first heap   total 393216K, used 20480K [0x0000000681400000, 0x0000000800000000)
  region size 4096K, 5 young (20480K), 0 survivors (0K)
 Metaspace       used 7600K, committed 7808K, reserved 1064960K
  class space    used 466K, committed 576K, reserved 1048576K
}
Event: 0.677 GC heap after
{Heap after GC invocations=1 (full 0):
 garbage-first heap   total 393216K, used 2464K [0x0000000681400000, 0x0000000800000000)
  region size 4096K, 1 young (4096K), 1 survivors (4096K)
 Metaspace       used 7600K, committed 7808K, reserved 1064960K
  class space    used 466K, committed 576K, reserved 1048576K
}
Event: 36.241 GC heap before
{Heap before GC invocations=1 (full 0):
 garbage-first heap   total 393216K, used 35232K [0x0000000681400000, 0x0000000800000000)
  region size 4096K, 9 young (36864K), 1 survivors (4096K)
 Metaspace       used 9535K, committed 9792K, reserved 1064960K
  class space    used 526K, committed 640K, reserved 1048576K
}
Event: 36.244 GC heap after
{Heap after GC invocations=2 (full 0):
 garbage-first heap   total 393216K, used 3669K [0x0000000681400000, 0x0000000800000000)
  region size 4096K, 1 young (4096K), 1 survivors (4096K)
 Metaspace       used 9535K, committed 9792K, reserved 1064960K
  class space    used 526K, committed 640K, reserved 1048576K
}

Deoptimization events (20 events):
Event: 7.535 Thread 0x00000231aea82190 DEOPT PACKING pc=0x00000231b69bb5c9 sp=0x000000898beff060
Event: 7.535 Thread 0x00000231aea82190 DEOPT UNPACKING pc=0x00000231b623dece sp=0x000000898befe520 mode 0
Event: 12.836 Thread 0x00000231aea82190 DEOPT PACKING pc=0x00000231b69bf519 sp=0x000000898befeea0
Event: 12.836 Thread 0x00000231aea82190 DEOPT UNPACKING pc=0x00000231b623dece sp=0x000000898befe3b8 mode 0
Event: 48.929 Thread 0x00000231aea82190 Uncommon trap: trap_request=0xffffff45 fr.pc=0x00000231bdd4c29c relative=0x000000000000189c
Event: 48.929 Thread 0x00000231aea82190 Uncommon trap: reason=unstable_if action=reinterpret pc=0x00000231bdd4c29c method=imgui.gl3.ImGuiImplGl3.render(Limgui/ImDrawData;)V @ 59 c2
Event: 48.929 Thread 0x00000231aea82190 DEOPT PACKING pc=0x00000231bdd4c29c sp=0x000000898befef50
Event: 48.929 Thread 0x00000231aea82190 DEOPT UNPACKING pc=0x00000231b623d72e sp=0x000000898befeeb8 mode 2
Event: 86.487 Thread 0x00000231aea82190 DEOPT PACKING pc=0x00000231b69f6eb5 sp=0x000000898befef10
Event: 86.487 Thread 0x00000231aea82190 DEOPT UNPACKING pc=0x00000231b623dece sp=0x000000898befe3b0 mode 0
Event: 87.254 Thread 0x00000231aea82190 DEOPT PACKING pc=0x00000231b69f6eb5 sp=0x000000898befefb0
Event: 87.254 Thread 0x00000231aea82190 DEOPT UNPACKING pc=0x00000231b623dece sp=0x000000898befe450 mode 0
Event: 88.805 Thread 0x00000231aea82190 Uncommon trap: trap_request=0xffffff45 fr.pc=0x00000231bdd7f254 relative=0x0000000000001814
Event: 88.805 Thread 0x00000231aea82190 Uncommon trap: reason=unstable_if action=reinterpret pc=0x00000231bdd7f254 method=editor.PropertiesWindow.imgui()V @ 4 c2
Event: 88.805 Thread 0x00000231aea82190 DEOPT PACKING pc=0x00000231bdd7f254 sp=0x000000898beff060
Event: 88.805 Thread 0x00000231aea82190 DEOPT UNPACKING pc=0x00000231b623d72e sp=0x000000898befef88 mode 2
Event: 92.922 Thread 0x00000231aea82190 Uncommon trap: trap_request=0xffffff45 fr.pc=0x00000231bdd8adc8 relative=0x0000000000000188
Event: 92.922 Thread 0x00000231aea82190 Uncommon trap: reason=unstable_if action=reinterpret pc=0x00000231bdd8adc8 method=scenes.Scene.lambda$getGameObject$0(ILdl/GameObject;)Z @ 5 c2
Event: 92.922 Thread 0x00000231aea82190 DEOPT PACKING pc=0x00000231bdd8adc8 sp=0x000000898befeba0
Event: 92.922 Thread 0x00000231aea82190 DEOPT UNPACKING pc=0x00000231b623d72e sp=0x000000898befe9e8 mode 2

Classes unloaded (0 events):
No events

Classes redefined (0 events):
No events

Internal exceptions (20 events):
Event: 0.106 Thread 0x00000231aea82190 Exception <a 'java/lang/NoSuchMethodError'{0x00000006993da588}: 'java.lang.Object java.lang.invoke.DirectMethodHandle$Holder.invokeStatic(java.lang.Object, java.lang.Object, int)'> (0x00000006993da588) 
thrown [t:\workspace\open\src\hotspot\share\interpreter\linkResolver.cpp, line 790]
Event: 0.107 Thread 0x00000231aea82190 Exception <a 'java/lang/NoSuchMethodError'{0x00000006993e66b0}: 'void java.lang.invoke.DelegatingMethodHandle$Holder.delegate(java.lang.Object, java.lang.Object, int, java.lang.Object)'> (0x00000006993e66b0) 
thrown [t:\workspace\open\src\hotspot\share\interpreter\linkResolver.cpp, line 790]
Event: 0.107 Thread 0x00000231aea82190 Exception <a 'java/lang/NoSuchMethodError'{0x00000006993eaa08}: 'int java.lang.invoke.DirectMethodHandle$Holder.invokeSpecial(java.lang.Object, java.lang.Object, java.lang.Object)'> (0x00000006993eaa08) 
thrown [t:\workspace\open\src\hotspot\share\interpreter\linkResolver.cpp, line 790]
Event: 0.123 Thread 0x00000231aea82190 Exception <a 'sun/nio/fs/WindowsException'{0x0000000698c47c08}> (0x0000000698c47c08) 
thrown [t:\workspace\open\src\hotspot\share\prims\jni.cpp, line 579]
Event: 0.123 Thread 0x00000231aea82190 Exception <a 'sun/nio/fs/WindowsException'{0x0000000698c48158}> (0x0000000698c48158) 
thrown [t:\workspace\open\src\hotspot\share\prims\jni.cpp, line 579]
Event: 0.149 Thread 0x00000231aea82190 Exception <a 'sun/nio/fs/WindowsException'{0x0000000698d6bf70}> (0x0000000698d6bf70) 
thrown [t:\workspace\open\src\hotspot\share\prims\jni.cpp, line 579]
Event: 0.149 Thread 0x00000231aea82190 Exception <a 'sun/nio/fs/WindowsException'{0x0000000698d6c2d0}> (0x0000000698d6c2d0) 
thrown [t:\workspace\open\src\hotspot\share\prims\jni.cpp, line 579]
Event: 0.217 Thread 0x00000231aea82190 Exception <a 'java/lang/NoSuchMethodError'{0x0000000698e1b4e0}: 'java.lang.Object java.lang.invoke.DirectMethodHandle$Holder.invokeSpecial(java.lang.Object, java.lang.Object, int, long)'> (0x0000000698e1b4e0) 
thrown [t:\workspace\open\src\hotspot\share\interpreter\linkResolver.cpp, line 790]
Event: 0.422 Thread 0x00000231aea82190 Exception <a 'java/lang/NoSuchMethodError'{0x0000000698e3f6b0}: 'void java.lang.invoke.DirectMethodHandle$Holder.invokeStaticInit(java.lang.Object, long, double, double)'> (0x0000000698e3f6b0) 
thrown [t:\workspace\open\src\hotspot\share\interpreter\linkResolver.cpp, line 790]
Event: 0.423 Thread 0x00000231aea82190 Exception <a 'java/lang/NoSuchMethodError'{0x0000000698e4fd30}: 'void java.lang.invoke.DirectMethodHandle$Holder.invokeStaticInit(java.lang.Object, long, int, int, int)'> (0x0000000698e4fd30) 
thrown [t:\workspace\open\src\hotspot\share\interpreter\linkResolver.cpp, line 790]
Event: 0.426 Thread 0x00000231aea82190 Exception <a 'java/lang/NoSuchMethodError'{0x0000000698e6a2b0}: 'void java.lang.invoke.DirectMethodHandle$Holder.invokeStaticInit(java.lang.Object, long, int, int, int, int)'> (0x0000000698e6a2b0) 
thrown [t:\workspace\open\src\hotspot\share\interpreter\linkResolver.cpp, line 790]
Event: 0.427 Thread 0x00000231aea82190 Exception <a 'java/lang/NoSuchMethodError'{0x0000000698e79528}: 'void java.lang.invoke.DirectMethodHandle$Holder.invokeStatic(java.lang.Object, int, int)'> (0x0000000698e79528) 
thrown [t:\workspace\open\src\hotspot\share\interpreter\linkResolver.cpp, line 790]
Event: 0.428 Thread 0x00000231aea82190 Exception <a 'java/lang/NoSuchMethodError'{0x0000000698e7cf00}: 'void java.lang.invoke.DirectMethodHandle$Holder.invokeStaticInit(java.lang.Object, int, int)'> (0x0000000698e7cf00) 
thrown [t:\workspace\open\src\hotspot\share\interpreter\linkResolver.cpp, line 790]
Event: 0.429 Thread 0x00000231aea82190 Exception <a 'java/lang/NoSuchMethodError'{0x0000000698e89bd8}: 'void java.lang.invoke.DirectMethodHandle$Holder.invokeStatic(java.lang.Object, long, int, int)'> (0x0000000698e89bd8) 
thrown [t:\workspace\open\src\hotspot\share\interpreter\linkResolver.cpp, line 790]
Event: 0.444 Thread 0x00000231aea82190 Exception <a 'sun/nio/fs/WindowsException'{0x0000000698ec7c68}> (0x0000000698ec7c68) 
thrown [t:\workspace\open\src\hotspot\share\prims\jni.cpp, line 579]
Event: 0.444 Thread 0x00000231aea82190 Exception <a 'sun/nio/fs/WindowsException'{0x0000000698ec8008}> (0x0000000698ec8008) 
thrown [t:\workspace\open\src\hotspot\share\prims\jni.cpp, line 579]
Event: 0.448 Thread 0x00000231aea82190 Exception <a 'sun/nio/fs/WindowsException'{0x0000000698ed5618}> (0x0000000698ed5618) 
thrown [t:\workspace\open\src\hotspot\share\prims\jni.cpp, line 579]
Event: 0.448 Thread 0x00000231aea82190 Exception <a 'sun/nio/fs/WindowsException'{0x0000000698ed58e8}> (0x0000000698ed58e8) 
thrown [t:\workspace\open\src\hotspot\share\prims\jni.cpp, line 579]
Event: 0.670 Thread 0x00000231aea82190 Exception <a 'sun/nio/fs/WindowsException'{0x0000000698388fd0}> (0x0000000698388fd0) 
thrown [t:\workspace\open\src\hotspot\share\prims\jni.cpp, line 579]
Event: 0.670 Thread 0x00000231aea82190 Exception <a 'sun/nio/fs/WindowsException'{0x0000000698389350}> (0x0000000698389350) 
thrown [t:\workspace\open\src\hotspot\share\prims\jni.cpp, line 579]

Events (20 events):
Event: 13.782 Executing  VM operation: Cleanup
Event: 13.782 Executing  VM operation: Cleanup done
Event: 14.782 Executing  VM operation: Cleanup
Event: 14.782 Executing  VM operation: Cleanup done
Event: 15.782 Executing  VM operation: Cleanup
Event: 15.782 Executing  VM operation: Cleanup done
Event: 19.812 Executing  VM operation: Cleanup
Event: 19.812 Executing  VM operation: Cleanup done
Event: 36.241 Executing  VM operation: G1CollectForAllocation
Event: 36.244 Executing  VM operation: G1CollectForAllocation done
Event: 37.251 Executing  VM operation: Cleanup
Event: 37.251 Executing  VM operation: Cleanup done
Event: 46.314 Executing  VM operation: Cleanup
Event: 46.314 Executing  VM operation: Cleanup done
Event: 86.718 Executing  VM operation: Cleanup
Event: 86.718 Executing  VM operation: Cleanup done
Event: 89.742 Executing  VM operation: Cleanup
Event: 89.742 Executing  VM operation: Cleanup done
Event: 91.763 Executing  VM operation: Cleanup
Event: 91.763 Executing  VM operation: Cleanup done


Dynamic libraries:
0x00007ff628b90000 - 0x00007ff628b9e000 	C:\Program Files\Java\jdk-16.0.2\bin\java.exe
0x00007ffe8a570000 - 0x00007ffe8a765000 	C:\WINDOWS\SYSTEM32\ntdll.dll
0x00007ffe885c0000 - 0x00007ffe8867e000 	C:\WINDOWS\System32\KERNEL32.DLL
0x00007ffe87ff0000 - 0x00007ffe882b9000 	C:\WINDOWS\System32\KERNELBASE.dll
0x00007ffe882c0000 - 0x00007ffe883c0000 	C:\WINDOWS\System32\ucrtbase.dll
0x00007ffe6f3d0000 - 0x00007ffe6f3e9000 	C:\Program Files\Java\jdk-16.0.2\bin\VCRUNTIME140.dll
0x00007ffe67af0000 - 0x00007ffe67b08000 	C:\Program Files\Java\jdk-16.0.2\bin\jli.dll
0x00007ffe89dc0000 - 0x00007ffe89f61000 	C:\WINDOWS\System32\USER32.dll
0x00007ffe6ed50000 - 0x00007ffe6efea000 	C:\WINDOWS\WinSxS\amd64_microsoft.windows.common-controls_6595b64144ccf1df_6.0.19041.1110_none_60b5254171f9507e\COMCTL32.dll
0x00007ffe884a0000 - 0x00007ffe884c2000 	C:\WINDOWS\System32\win32u.dll
0x00007ffe89920000 - 0x00007ffe899be000 	C:\WINDOWS\System32\msvcrt.dll
0x00007ffe89840000 - 0x00007ffe8986b000 	C:\WINDOWS\System32\GDI32.dll
0x00007ffe87c90000 - 0x00007ffe87d9b000 	C:\WINDOWS\System32\gdi32full.dll
0x00007ffe87f00000 - 0x00007ffe87f9d000 	C:\WINDOWS\System32\msvcp_win.dll
0x00007ffe8a450000 - 0x00007ffe8a480000 	C:\WINDOWS\System32\IMM32.DLL
0x00007ffe811f0000 - 0x00007ffe811fc000 	C:\Program Files\Java\jdk-16.0.2\bin\vcruntime140_1.dll
0x00007ffe30e50000 - 0x00007ffe30ee1000 	C:\Program Files\Java\jdk-16.0.2\bin\msvcp140.dll
0x00007ffe21300000 - 0x00007ffe21eab000 	C:\Program Files\Java\jdk-16.0.2\bin\server\jvm.dll
0x00007ffe8a480000 - 0x00007ffe8a52c000 	C:\WINDOWS\System32\ADVAPI32.dll
0x00007ffe88840000 - 0x00007ffe888db000 	C:\WINDOWS\System32\sechost.dll
0x00007ffe88980000 - 0x00007ffe88aaa000 	C:\WINDOWS\System32\RPCRT4.dll
0x00007ffe89c90000 - 0x00007ffe89c98000 	C:\WINDOWS\System32\PSAPI.DLL
0x00007ffe7f290000 - 0x00007ffe7f299000 	C:\WINDOWS\SYSTEM32\WSOCK32.dll
0x00007ffe7f5e0000 - 0x00007ffe7f607000 	C:\WINDOWS\SYSTEM32\WINMM.dll
0x00007ffe89a70000 - 0x00007ffe89adb000 	C:\WINDOWS\System32\WS2_32.dll
0x00007ffe80500000 - 0x00007ffe8050a000 	C:\WINDOWS\SYSTEM32\VERSION.dll
0x00007ffe85bb0000 - 0x00007ffe85bc2000 	C:\WINDOWS\SYSTEM32\kernel.appcore.dll
0x00007ffe807b0000 - 0x00007ffe807ba000 	C:\Program Files\Java\jdk-16.0.2\bin\jimage.dll
0x00007ffe67b60000 - 0x00007ffe67d44000 	C:\WINDOWS\SYSTEM32\DBGHELP.DLL
0x00007ffe67da0000 - 0x00007ffe67dcc000 	C:\WINDOWS\SYSTEM32\dbgcore.DLL
0x00007ffe88530000 - 0x00007ffe885b3000 	C:\WINDOWS\System32\bcryptPrimitives.dll
0x00007ffe5c4c0000 - 0x00007ffe5c4e5000 	C:\Program Files\Java\jdk-16.0.2\bin\java.dll
0x00007ffe88b80000 - 0x00007ffe892bf000 	C:\WINDOWS\System32\SHELL32.dll
0x00007ffe85db0000 - 0x00007ffe86540000 	C:\WINDOWS\SYSTEM32\windows.storage.dll
0x00007ffe892c0000 - 0x00007ffe89615000 	C:\WINDOWS\System32\combase.dll
0x00007ffe876e0000 - 0x00007ffe8770c000 	C:\WINDOWS\SYSTEM32\Wldp.dll
0x00007ffe899c0000 - 0x00007ffe89a6d000 	C:\WINDOWS\System32\SHCORE.dll
0x00007ffe897e0000 - 0x00007ffe89835000 	C:\WINDOWS\System32\shlwapi.dll
0x00007ffe87bd0000 - 0x00007ffe87bef000 	C:\WINDOWS\SYSTEM32\profapi.dll
0x00007ffe54080000 - 0x00007ffe54099000 	C:\Program Files\Java\jdk-16.0.2\bin\net.dll
0x00007ffe7fc40000 - 0x00007ffe7fd48000 	C:\WINDOWS\SYSTEM32\WINHTTP.dll
0x00007ffe87440000 - 0x00007ffe874aa000 	C:\WINDOWS\system32\mswsock.dll
0x00007ffe513b0000 - 0x00007ffe513c3000 	C:\Program Files\Java\jdk-16.0.2\bin\nio.dll
0x00007ffe4fb00000 - 0x00007ffe4fb18000 	C:\Program Files\Java\jdk-16.0.2\bin\zip.dll
0x00007ffe72090000 - 0x00007ffe720f4000 	C:\Users\Luiz\AppData\Local\Temp\lwjglLuiz\3.2.3-build-13\lwjgl.dll
0x00007ffe72020000 - 0x00007ffe72082000 	C:\Users\Luiz\AppData\Local\Temp\lwjglLuiz\3.2.3-build-13\glfw.dll
0x00007ffe856d0000 - 0x00007ffe8576e000 	C:\WINDOWS\system32\uxtheme.dll
0x00007ffe829f0000 - 0x00007ffe82a35000 	C:\WINDOWS\SYSTEM32\dinput8.dll
0x00007ffe53fe0000 - 0x00007ffe53ff1000 	C:\WINDOWS\SYSTEM32\xinput1_4.dll
0x00007ffe87fa0000 - 0x00007ffe87fee000 	C:\WINDOWS\System32\cfgmgr32.dll
0x00007ffe87a40000 - 0x00007ffe87a74000 	C:\WINDOWS\SYSTEM32\DEVOBJ.dll
0x00007ffe859d0000 - 0x00007ffe859ff000 	C:\WINDOWS\SYSTEM32\dwmapi.dll
0x00007ffe71e20000 - 0x00007ffe71f72000 	C:\WINDOWS\SYSTEM32\inputhost.dll
0x00007ffe88ab0000 - 0x00007ffe88b7d000 	C:\WINDOWS\System32\OLEAUT32.dll
0x00007ffe851e0000 - 0x00007ffe852d2000 	C:\WINDOWS\SYSTEM32\CoreMessaging.dll
0x00007ffe839d0000 - 0x00007ffe83b24000 	C:\WINDOWS\SYSTEM32\wintypes.dll
0x00007ffe83850000 - 0x00007ffe83946000 	C:\WINDOWS\SYSTEM32\PROPSYS.dll
0x00007ffe84e80000 - 0x00007ffe851de000 	C:\WINDOWS\SYSTEM32\CoreUIComponents.dll
0x00007ffe86980000 - 0x00007ffe869b3000 	C:\WINDOWS\SYSTEM32\ntmarta.dll
0x00007ffe7d6a0000 - 0x00007ffe7d6f1000 	C:\Program Files (x86)\ExKode\Dxtory2.0\DxtoryHK64.dll
0x00007ffe807d0000 - 0x00007ffe807fd000 	C:\Program Files (x86)\ExKode\Dxtory2.0\UWPHelper64.dll
0x00007ffe89ca0000 - 0x00007ffe89db5000 	C:\WINDOWS\System32\MSCTF.dll
0x00007ffe86540000 - 0x00007ffe8654d000 	C:\WINDOWS\SYSTEM32\HID.DLL
0x00007ffe89fd0000 - 0x00007ffe8a442000 	C:\WINDOWS\System32\SETUPAPI.DLL
0x00007ffe883c0000 - 0x00007ffe883e7000 	C:\WINDOWS\System32\bcrypt.dll
0x00007ffe884d0000 - 0x00007ffe88530000 	C:\WINDOWS\System32\WINTRUST.dll
0x00007ffe87da0000 - 0x00007ffe87ef6000 	C:\WINDOWS\System32\CRYPT32.dll
0x00007ffe87870000 - 0x00007ffe87882000 	C:\WINDOWS\SYSTEM32\MSASN1.dll
0x00007ffe66d00000 - 0x00007ffe66e25000 	C:\WINDOWS\SYSTEM32\opengl32.dll
0x00007ffe71880000 - 0x00007ffe718ac000 	C:\WINDOWS\SYSTEM32\GLU32.dll
0x00007ffe89870000 - 0x00007ffe89919000 	C:\WINDOWS\System32\clbcatq.dll
0x00007ffe1da20000 - 0x00007ffe20537000 	C:\WINDOWS\System32\DriverStore\FileRepository\nv_dispi.inf_amd64_253e24b785ea60ca\nvoglv64.dll
0x00007ffe896b0000 - 0x00007ffe897da000 	C:\WINDOWS\System32\ole32.dll
0x00007ffe839b0000 - 0x00007ffe839c4000 	C:\WINDOWS\SYSTEM32\WTSAPI32.dll
0x00007ffe803f0000 - 0x00007ffe80421000 	C:\WINDOWS\SYSTEM32\cryptnet.dll
0x00007ffe7d7f0000 - 0x00007ffe7d93a000 	C:\WINDOWS\SYSTEM32\drvstore.dll
0x00007ffe87650000 - 0x00007ffe8765c000 	C:\WINDOWS\SYSTEM32\cryptbase.dll
0x00007ffe2dae0000 - 0x00007ffe2e2bc000 	C:\Program Files (x86)\ExKode\Dxtory2.0\DxtoryCore64.dll
0x00007ffe1c130000 - 0x00007ffe1c249000 	C:\Program Files (x86)\ExKode\Dxtory2.0\DxtoryMM64.dll
0x00007ffe82fb0000 - 0x00007ffe82feb000 	C:\WINDOWS\SYSTEM32\dxcore.dll
0x00007ffe47440000 - 0x00007ffe47703000 	C:\WINDOWS\system32\nvspcap64.dll
0x00007ffe87250000 - 0x00007ffe8729b000 	C:\WINDOWS\SYSTEM32\powrprof.dll
0x00007ffe870c0000 - 0x00007ffe870d2000 	C:\WINDOWS\SYSTEM32\UMPDC.dll
0x00007ffe869f0000 - 0x00007ffe86a4a000 	C:\WINDOWS\SYSTEM32\WINSTA.dll
0x00007ffe7d460000 - 0x00007ffe7d559000 	C:\WINDOWS\SYSTEM32\textinputframework.dll
0x00007ffe7ba70000 - 0x00007ffe7bac9000 	C:\Users\Luiz\AppData\Local\Temp\lwjglLuiz\3.2.3-build-13\lwjgl_opengl.dll
0x000000006f6c0000 - 0x000000006f898000 	C:\Users\Luiz\AppData\Local\Temp\imgui-java-bin_Luiz\imgui-java64.dll
0x00007ffe87630000 - 0x00007ffe87648000 	C:\WINDOWS\SYSTEM32\CRYPTSP.dll
0x00007ffe86d50000 - 0x00007ffe86d84000 	C:\WINDOWS\system32\rsaenh.dll
0x00007ffe70180000 - 0x00007ffe70190000 	C:\Program Files\Java\jdk-16.0.2\bin\verify.dll
0x00007ffe71fa0000 - 0x00007ffe72017000 	C:\Users\Luiz\AppData\Local\Temp\lwjglLuiz\3.2.3-build-13\lwjgl_stb.dll

dbghelp: loaded successfully - version: 4.0.5 - missing functions: none
symbol engine: initialized successfully - sym options: 0x614 - pdb path: .;C:\Program Files\Java\jdk-16.0.2\bin;C:\WINDOWS\SYSTEM32;C:\WINDOWS\WinSxS\amd64_microsoft.windows.common-controls_6595b64144ccf1df_6.0.19041.1110_none_60b5254171f9507e;C:\Program Files\Java\jdk-16.0.2\bin\server;C:\Users\Luiz\AppData\Local\Temp\lwjglLuiz\3.2.3-build-13;C:\Program Files (x86)\ExKode\Dxtory2.0;C:\WINDOWS\System32\DriverStore\FileRepository\nv_dispi.inf_amd64_253e24b785ea60ca;C:\Users\Luiz\AppData\Local\Temp\imgui-java-bin_Luiz

VM Arguments:
jvm_args: -Dfile.encoding=windows-1252 -Duser.country=BR -Duser.language=pt -Duser.variant -ea 
java_command: Main
java_class_path (initial): C:\dev\MarioYoutube\build\classes\java\main;C:\dev\MarioYoutube\build\resources\main;C:\Users\Luiz\.gradle\caches\modules-2\files-2.1\com.google.code.gson\gson\2.8.8\431fc3cbc0ff81abdbfde070062741089c3ba874\gson-2.8.8.jar;C:\Users\Luiz\.gradle\caches\modules-2\files-2.1\io.imgui.java\lwjgl3\1.77-0.17.1\926c27057933eb6000d1bcf93c396e00cf397b14\lwjgl3-1.77-0.17.1.jar;C:\Users\Luiz\.gradle\caches\modules-2\files-2.1\io.imgui.java\binding\1.77-0.17.1\7871bc35cf8b3acae98d9019bf7c59b1c0a92f10\binding-1.77-0.17.1.jar;C:\Users\Luiz\.gradle\caches\modules-2\files-2.1\org.lwjgl\lwjgl-assimp\3.2.3\f62aa07a20afbdd3097efc296c4841e0d29700eb\lwjgl-assimp-3.2.3.jar;C:\Users\Luiz\.gradle\caches\modules-2\files-2.1\org.lwjgl\lwjgl-assimp\3.2.3\4e60aeb75f0343c4a9ede4ef8b6b32ca702a00a3\lwjgl-assimp-3.2.3-natives-windows.jar;C:\Users\Luiz\.gradle\caches\modules-2\files-2.1\org.lwjgl\lwjgl-glfw\3.2.3\5e520d5c290c8b012545a8d34fa5db5ab051ea53\lwjgl-glfw-3.2.3.jar;C:\Users\Luiz\.gradle\caches\modules-2\files-2.1\org.lwjgl\lwjgl-glfw\3.2.3\b4d8a3477cdc2edcf7a5f1e822926be846223f54\lwjgl-glfw-3.2.3-natives-windows.jar;C:\Users\Luiz\.gradle\caches\modules-2\files-2.1\org.lwjgl\lwjgl-nfd\3.2.3\c44fee1043c022cf6614a28872d44cf114ca7737\lwjgl-nfd-3.2.3.jar;C:\Users\Luiz\.gradle\caches\modules-2\files-2.1\org.lwjgl\lwjgl-nfd\3.2.3\32782f5f5c57769efb82af864e70b819c77bc891\lwjgl-nfd-3.2.3-natives-windows.jar;C:\Users\Luiz\.gradle\caches\modules-2\files-2.1\org.lwjgl\lwjgl-openal\3.2.3\106742e805803ab9eab8e343f0fb31a3d263903c\lwjgl-openal-3.2.3.jar;C:\Users\Luiz\.gradle\caches\modules-2\files-2.1\org.lwjgl\lwjgl-openal\3.2.3\ec898e8ce11b5886f4f532a1536283ef2817758d\lwjgl-openal-3.2.3-natives-windows.jar;C:\Users\Luiz\.gradle\caches\modules-2\files-2.1\org.lwjgl\lwjgl-opengl\3.2.3\bdd534a323d0c8f54969b95e424b6ac8984f7d6e\lwjgl-opengl-3.2.3.jar;C:\Users\Luiz\.gradle\caches\modules-2\files-2.1\org.lwjgl\lwjgl-opengl\3.2.3\e81cfc73ec8708e5e791ed770e4ec3edfc1bbab1\lwjgl-opengl-3
Launcher Type: SUN_STANDARD

[Global flags]
     intx CICompilerCount                          = 4                                         {product} {ergonomic}
     uint ConcGCThreads                            = 2                                         {product} {ergonomic}
     uint G1ConcRefinementThreads                  = 8                                         {product} {ergonomic}
   size_t G1HeapRegionSize                         = 4194304                                   {product} {ergonomic}
    uintx GCDrainStackTargetSize                   = 64                                        {product} {ergonomic}
   size_t InitialHeapSize                          = 402653184                                 {product} {ergonomic}
   size_t MarkStackSize                            = 4194304                                   {product} {ergonomic}
   size_t MaxHeapSize                              = 6421479424                                {product} {ergonomic}
   size_t MaxNewSize                               = 3850371072                                {product} {ergonomic}
   size_t MinHeapDeltaBytes                        = 4194304                                   {product} {ergonomic}
   size_t MinHeapSize                              = 8388608                                   {product} {ergonomic}
    uintx NonNMethodCodeHeapSize                   = 5839372                                {pd product} {ergonomic}
    uintx NonProfiledCodeHeapSize                  = 122909434                              {pd product} {ergonomic}
    uintx ProfiledCodeHeapSize                     = 122909434                              {pd product} {ergonomic}
    uintx ReservedCodeCacheSize                    = 251658240                              {pd product} {ergonomic}
     bool SegmentedCodeCache                       = true                                      {product} {ergonomic}
   size_t SoftMaxHeapSize                          = 6421479424                             {manageable} {ergonomic}
     bool UseCompressedClassPointers               = true                           {product lp64_product} {ergonomic}
     bool UseCompressedOops                        = true                           {product lp64_product} {ergonomic}
     bool UseG1GC                                  = true                                      {product} {ergonomic}
     bool UseLargePagesIndividualAllocation        = false                                  {pd product} {ergonomic}

Logging:
Log output configuration:
 #0: stdout all=warning uptime,level,tags
 #1: stderr all=off uptime,level,tags

Environment Variables:
JAVA_HOME=C:\Program Files\Java\jdk-16.0.2
PATH=C:\Program Files (x86)\Razer Chroma SDK\bin;C:\Program Files\Razer Chroma SDK\bin;C:\Program Files (x86)\VMware\VMware Workstation\bin\;C:\Program Files (x86)\Razer\ChromaBroadcast\bin;C:\Program Files\Razer\ChromaBroadcast\bin;c:\program files (x86)\razer chroma sdk\bin;c:\program files\razer chroma sdk\bin;c:\program files (x86)\razer\chromabroadcast\bin;c:\program files\razer\chromabroadcast\bin;c:\windows\system32;c:\windows;c:\windows\system32\wbem;c:\windows\system32\windowspowershell\v1.0\;c:\windows\system32\openssh\;c:\program files\nvidia corporation\nvidia nvdlisr;c:\program files (x86)\intel\intel(r) management engine components\dal;c:\program files\intel\intel(r) management engine components\dal;c:\windows\system32\config\systemprofile\appdata\local\microsoft\windowsapps;c:\program files (x86)\toshiba\bluetooth toshiba stack\sys\;c:\program files (x86)\toshiba\bluetooth toshiba stack\sys\x64\;c:\programdata\chocolatey\bin;c:\program files\git\cmd;c:\windows\system32;c:\windows;c:\windows\system32\wbem;c:\windows\system32\windowspowershell\v1.0\;c:\windows\system32\openssh\;C:\Program Files (x86)\NVIDIA Corporation\PhysX\Common;C:\WINDOWS\system32\config\systemprofile\AppData\Local\Microsoft\WindowsApps;C:\Program Files (x86)\ATI Technologies\ATI.ACE\Core-Static;C:\Program Files\Java\jdk-16.0.2\bin;C:\Users\Luiz\AppData\Local\Microsoft\WindowsApps;C:\Users\Luiz\AppData\Local\Programs\Microsoft VS Code\bin;;C:\Program Files\JetBrains\IntelliJ IDEA Community Edition 2021.2.2\bin;
USERNAME=Luiz
OS=Windows_NT
PROCESSOR_IDENTIFIER=Intel64 Family 6 Model 158 Stepping 9, GenuineIntel



---------------  S Y S T E M  ---------------

OS:
 Windows 10 , 64 bit Build 19041 (10.0.19041.1202)
OS uptime: 1 days 23:30 hours

CPU: total 8 (initial active 8) (4 cores per cpu, 2 threads per core) family 6 model 158 stepping 9 microcode 0xb4, cx8, cmov, fxsr, ht, mmx, 3dnowpref, sse, sse2, sse3, ssse3, sse4.1, sse4.2, popcnt, lzcnt, tsc, tscinvbit, avx, avx2, aes, erms, clmul, bmi1, bmi2, rtm, adx, fma, vzeroupper, clflush, clflushopt

Memory: 4k page, system-wide physical 24494M (14834M free)
TotalPageFile size 28078M (AvailPageFile size 14871M)
current process WorkingSet (physical memory assigned to process): 166M, peak: 166M
current process commit charge ("private bytes"): 628M, peak: 677M

vm_info: OpenJDK 64-Bit Server VM (16.0.2+7-67) for windows-amd64 JRE (16.0.2+7-67), built on Jun  8 2021 23:21:43 by "mach5one" with MS VC++ 16.7 (VS2019)

END.
